PROCESS PATH：/export/Domains/payship.sdk.jd.local/server1
DATETIME: 2017-03-07 12:21:26
EXECUTE COMMAND：/export/servers/jdk1.6.0_25/bin/jstack -F 84504
Deadlock Detection:

No deadlocks found.

Thread 34386: (state = BLOCKED)
 - sun.misc.Unsafe.park(boolean, long) @bci=0 (Compiled frame; information may be imprecise)
 - java.util.concurrent.locks.LockSupport.park(java.lang.Object) @bci=14, line=158 (Compiled frame)
 - java.util.concurrent.SynchronousQueue$TransferStack.awaitFulfill(java.util.concurrent.SynchronousQueue$TransferStack$SNode, boolean, long) @bci=158, line=422 (Compiled frame)
 - java.util.concurrent.SynchronousQueue$TransferStack.transfer(java.lang.Object, boolean, long) @bci=102, line=323 (Compiled frame)
 - java.util.concurrent.SynchronousQueue.take() @bci=7, line=857 (Compiled frame)
 - java.util.concurrent.ThreadPoolExecutor.getTask() @bci=78, line=947 (Compiled frame)
 - java.util.concurrent.ThreadPoolExecutor$Worker.run() @bci=18, line=907 (Compiled frame)
 - java.lang.Thread.run() @bci=11, line=662 (Interpreted frame)


Thread 34385: (state = BLOCKED)
 - sun.misc.Unsafe.park(boolean, long) @bci=0 (Compiled frame; information may be imprecise)
 - java.util.concurrent.locks.LockSupport.park(java.lang.Object) @bci=14, line=158 (Compiled frame)
 - java.util.concurrent.SynchronousQueue$TransferStack.awaitFulfill(java.util.concurrent.SynchronousQueue$TransferStack$SNode, boolean, long) @bci=158, line=422 (Compiled frame)
 - java.util.concurrent.SynchronousQueue$TransferStack.transfer(java.lang.Object, boolean, long) @bci=102, line=323 (Compiled frame)
 - java.util.concurrent.SynchronousQueue.take() @bci=7, line=857 (Compiled frame)
 - java.util.concurrent.ThreadPoolExecutor.getTask() @bci=78, line=947 (Compiled frame)
 - java.util.concurrent.ThreadPoolExecutor$Worker.run() @bci=18, line=907 (Compiled frame)
 - java.lang.Thread.run() @bci=11, line=662 (Interpreted frame)


Thread 34384: (state = BLOCKED)
 - sun.misc.Unsafe.park(boolean, long) @bci=0 (Compiled frame; information may be imprecise)
 - java.util.concurrent.locks.LockSupport.park(java.lang.Object) @bci=14, line=158 (Compiled frame)
 - java.util.concurrent.SynchronousQueue$TransferStack.awaitFulfill(java.util.concurrent.SynchronousQueue$TransferStack$SNode, boolean, long) @bci=158, line=422 (Compiled frame)
 - java.util.concurrent.SynchronousQueue$TransferStack.transfer(java.lang.Object, boolean, long) @bci=102, line=323 (Compiled frame)
 - java.util.concurrent.SynchronousQueue.take() @bci=7, line=857 (Compiled frame)
 - java.util.concurrent.ThreadPoolExecutor.getTask() @bci=78, line=947 (Compiled frame)
 - java.util.concurrent.ThreadPoolExecutor$Worker.run() @bci=18, line=907 (Compiled frame)
 - java.lang.Thread.run() @bci=11, line=662 (Interpreted frame)


Thread 34383: (state = BLOCKED)
 - sun.misc.Unsafe.park(boolean, long) @bci=0 (Compiled frame; information may be imprecise)
 - java.util.concurrent.locks.LockSupport.park(java.lang.Object) @bci=14, line=158 (Compiled frame)
 - java.util.concurrent.SynchronousQueue$TransferStack.awaitFulfill(java.util.concurrent.SynchronousQueue$TransferStack$SNode, boolean, long) @bci=158, line=422 (Compiled frame)
 - java.util.concurrent.SynchronousQueue$TransferStack.transfer(java.lang.Object, boolean, long) @bci=102, line=323 (Compiled frame)
 - java.util.concurrent.SynchronousQueue.take() @bci=7, line=857 (Compiled frame)
 - java.util.concurrent.ThreadPoolExecutor.getTask() @bci=78, line=947 (Compiled frame)
 - java.util.concurrent.ThreadPoolExecutor$Worker.run() @bci=18, line=907 (Compiled frame)
 - java.lang.Thread.run() @bci=11, line=662 (Interpreted frame)


Thread 34330: (state = BLOCKED)
 - sun.misc.Unsafe.park(boolean, long) @bci=0 (Compiled frame; information may be imprecise)
 - java.util.concurrent.locks.LockSupport.park(java.lang.Object) @bci=14, line=158 (Compiled frame)
 - java.util.concurrent.SynchronousQueue$TransferStack.awaitFulfill(java.util.concurrent.SynchronousQueue$TransferStack$SNode, boolean, long) @bci=158, line=422 (Compiled frame)
 - java.util.concurrent.SynchronousQueue$TransferStack.transfer(java.lang.Object, boolean, long) @bci=102, line=323 (Compiled frame)
 - java.util.concurrent.SynchronousQueue.take() @bci=7, line=857 (Compiled frame)
 - java.util.concurrent.ThreadPoolExecutor.getTask() @bci=78, line=947 (Compiled frame)
 - java.util.concurrent.ThreadPoolExecutor$Worker.run() @bci=18, line=907 (Compiled frame)
 - java.lang.Thread.run() @bci=11, line=662 (Interpreted frame)


Thread 34220: (state = BLOCKED)
 - sun.misc.Unsafe.park(boolean, long) @bci=0 (Compiled frame; information may be imprecise)
 - java.util.concurrent.locks.LockSupport.park(java.lang.Object) @bci=14, line=158 (Compiled frame)
 - java.util.concurrent.SynchronousQueue$TransferStack.awaitFulfill(java.util.concurrent.SynchronousQueue$TransferStack$SNode, boolean, long) @bci=158, line=422 (Compiled frame)
 - java.util.concurrent.SynchronousQueue$TransferStack.transfer(java.lang.Object, boolean, long) @bci=102, line=323 (Compiled frame)
 - java.util.concurrent.SynchronousQueue.take() @bci=7, line=857 (Compiled frame)
 - java.util.concurrent.ThreadPoolExecutor.getTask() @bci=78, line=947 (Compiled frame)
 - java.util.concurrent.ThreadPoolExecutor$Worker.run() @bci=18, line=907 (Compiled frame)
 - java.lang.Thread.run() @bci=11, line=662 (Interpreted frame)


Thread 34219: (state = BLOCKED)
 - sun.misc.Unsafe.park(boolean, long) @bci=0 (Compiled frame; information may be imprecise)
 - java.util.concurrent.locks.LockSupport.park(java.lang.Object) @bci=14, line=158 (Compiled frame)
 - java.util.concurrent.SynchronousQueue$TransferStack.awaitFulfill(java.util.concurrent.SynchronousQueue$TransferStack$SNode, boolean, long) @bci=158, line=422 (Compiled frame)
 - java.util.concurrent.SynchronousQueue$TransferStack.transfer(java.lang.Object, boolean, long) @bci=102, line=323 (Compiled frame)
 - java.util.concurrent.SynchronousQueue.take() @bci=7, line=857 (Compiled frame)
 - java.util.concurrent.ThreadPoolExecutor.getTask() @bci=78, line=947 (Compiled frame)
 - java.util.concurrent.ThreadPoolExecutor$Worker.run() @bci=18, line=907 (Compiled frame)
 - java.lang.Thread.run() @bci=11, line=662 (Interpreted frame)


Thread 34218: (state = BLOCKED)
 - sun.misc.Unsafe.park(boolean, long) @bci=0 (Compiled frame; information may be imprecise)
 - java.util.concurrent.locks.LockSupport.park(java.lang.Object) @bci=14, line=158 (Compiled frame)
 - java.util.concurrent.SynchronousQueue$TransferStack.awaitFulfill(java.util.concurrent.SynchronousQueue$TransferStack$SNode, boolean, long) @bci=158, line=422 (Compiled frame)
 - java.util.concurrent.SynchronousQueue$TransferStack.transfer(java.lang.Object, boolean, long) @bci=102, line=323 (Compiled frame)
 - java.util.concurrent.SynchronousQueue.take() @bci=7, line=857 (Compiled frame)
 - java.util.concurrent.ThreadPoolExecutor.getTask() @bci=78, line=947 (Compiled frame)
 - java.util.concurrent.ThreadPoolExecutor$Worker.run() @bci=18, line=907 (Compiled frame)
 - java.lang.Thread.run() @bci=11, line=662 (Interpreted frame)


Thread 34217: (state = BLOCKED)
 - sun.misc.Unsafe.park(boolean, long) @bci=0 (Compiled frame; information may be imprecise)
 - java.util.concurrent.locks.LockSupport.park(java.lang.Object) @bci=14, line=158 (Compiled frame)
 - java.util.concurrent.SynchronousQueue$TransferStack.awaitFulfill(java.util.concurrent.SynchronousQueue$TransferStack$SNode, boolean, long) @bci=158, line=422 (Compiled frame)
 - java.util.concurrent.SynchronousQueue$TransferStack.transfer(java.lang.Object, boolean, long) @bci=102, line=323 (Compiled frame)
 - java.util.concurrent.SynchronousQueue.take() @bci=7, line=857 (Compiled frame)
 - java.util.concurrent.ThreadPoolExecutor.getTask() @bci=78, line=947 (Compiled frame)
 - java.util.concurrent.ThreadPoolExecutor$Worker.run() @bci=18, line=907 (Compiled frame)
 - java.lang.Thread.run() @bci=11, line=662 (Interpreted frame)


Thread 34216: (state = BLOCKED)
 - sun.misc.Unsafe.park(boolean, long) @bci=0 (Compiled frame; information may be imprecise)
 - java.util.concurrent.locks.LockSupport.park(java.lang.Object) @bci=14, line=158 (Compiled frame)
 - java.util.concurrent.SynchronousQueue$TransferStack.awaitFulfill(java.util.concurrent.SynchronousQueue$TransferStack$SNode, boolean, long) @bci=158, line=422 (Compiled frame)
 - java.util.concurrent.SynchronousQueue$TransferStack.transfer(java.lang.Object, boolean, long) @bci=102, line=323 (Compiled frame)
 - java.util.concurrent.SynchronousQueue.take() @bci=7, line=857 (Compiled frame)
 - java.util.concurrent.ThreadPoolExecutor.getTask() @bci=78, line=947 (Compiled frame)
 - java.util.concurrent.ThreadPoolExecutor$Worker.run() @bci=18, line=907 (Compiled frame)
 - java.lang.Thread.run() @bci=11, line=662 (Interpreted frame)


Thread 34215: (state = BLOCKED)
 - sun.misc.Unsafe.park(boolean, long) @bci=0 (Compiled frame; information may be imprecise)
 - java.util.concurrent.locks.LockSupport.park(java.lang.Object) @bci=14, line=158 (Compiled frame)
 - java.util.concurrent.SynchronousQueue$TransferStack.awaitFulfill(java.util.concurrent.SynchronousQueue$TransferStack$SNode, boolean, long) @bci=158, line=422 (Compiled frame)
 - java.util.concurrent.SynchronousQueue$TransferStack.transfer(java.lang.Object, boolean, long) @bci=102, line=323 (Compiled frame)
 - java.util.concurrent.SynchronousQueue.take() @bci=7, line=857 (Compiled frame)
 - java.util.concurrent.ThreadPoolExecutor.getTask() @bci=78, line=947 (Compiled frame)
 - java.util.concurrent.ThreadPoolExecutor$Worker.run() @bci=18, line=907 (Compiled frame)
 - java.lang.Thread.run() @bci=11, line=662 (Interpreted frame)


Thread 34214: (state = BLOCKED)
 - sun.misc.Unsafe.park(boolean, long) @bci=0 (Compiled frame; information may be imprecise)
 - java.util.concurrent.locks.LockSupport.park(java.lang.Object) @bci=14, line=158 (Compiled frame)
 - java.util.concurrent.SynchronousQueue$TransferStack.awaitFulfill(java.util.concurrent.SynchronousQueue$TransferStack$SNode, boolean, long) @bci=158, line=422 (Compiled frame)
 - java.util.concurrent.SynchronousQueue$TransferStack.transfer(java.lang.Object, boolean, long) @bci=102, line=323 (Compiled frame)
 - java.util.concurrent.SynchronousQueue.take() @bci=7, line=857 (Compiled frame)
 - java.util.concurrent.ThreadPoolExecutor.getTask() @bci=78, line=947 (Compiled frame)
 - java.util.concurrent.ThreadPoolExecutor$Worker.run() @bci=18, line=907 (Compiled frame)
 - java.lang.Thread.run() @bci=11, line=662 (Interpreted frame)


Thread 34213: (state = BLOCKED)
 - sun.misc.Unsafe.park(boolean, long) @bci=0 (Compiled frame; information may be imprecise)
 - java.util.concurrent.locks.LockSupport.park(java.lang.Object) @bci=14, line=158 (Compiled frame)
 - java.util.concurrent.SynchronousQueue$TransferStack.awaitFulfill(java.util.concurrent.SynchronousQueue$TransferStack$SNode, boolean, long) @bci=158, line=422 (Compiled frame)
 - java.util.concurrent.SynchronousQueue$TransferStack.transfer(java.lang.Object, boolean, long) @bci=102, line=323 (Compiled frame)
 - java.util.concurrent.SynchronousQueue.take() @bci=7, line=857 (Compiled frame)
 - java.util.concurrent.ThreadPoolExecutor.getTask() @bci=78, line=947 (Compiled frame)
 - java.util.concurrent.ThreadPoolExecutor$Worker.run() @bci=18, line=907 (Compiled frame)
 - java.lang.Thread.run() @bci=11, line=662 (Interpreted frame)


Thread 34212: (state = BLOCKED)
 - sun.misc.Unsafe.park(boolean, long) @bci=0 (Compiled frame; information may be imprecise)
 - java.util.concurrent.locks.LockSupport.park(java.lang.Object) @bci=14, line=158 (Compiled frame)
 - java.util.concurrent.SynchronousQueue$TransferStack.awaitFulfill(java.util.concurrent.SynchronousQueue$TransferStack$SNode, boolean, long) @bci=158, line=422 (Compiled frame)
 - java.util.concurrent.SynchronousQueue$TransferStack.transfer(java.lang.Object, boolean, long) @bci=102, line=323 (Compiled frame)
 - java.util.concurrent.SynchronousQueue.take() @bci=7, line=857 (Compiled frame)
 - java.util.concurrent.ThreadPoolExecutor.getTask() @bci=78, line=947 (Compiled frame)
 - java.util.concurrent.ThreadPoolExecutor$Worker.run() @bci=18, line=907 (Compiled frame)
 - java.lang.Thread.run() @bci=11, line=662 (Interpreted frame)


Thread 34211: (state = BLOCKED)
 - sun.misc.Unsafe.park(boolean, long) @bci=0 (Compiled frame; information may be imprecise)
 - java.util.concurrent.locks.LockSupport.park(java.lang.Object) @bci=14, line=158 (Compiled frame)
 - java.util.concurrent.SynchronousQueue$TransferStack.awaitFulfill(java.util.concurrent.SynchronousQueue$TransferStack$SNode, boolean, long) @bci=158, line=422 (Compiled frame)
 - java.util.concurrent.SynchronousQueue$TransferStack.transfer(java.lang.Object, boolean, long) @bci=102, line=323 (Compiled frame)
 - java.util.concurrent.SynchronousQueue.take() @bci=7, line=857 (Compiled frame)
 - java.util.concurrent.ThreadPoolExecutor.getTask() @bci=78, line=947 (Compiled frame)
 - java.util.concurrent.ThreadPoolExecutor$Worker.run() @bci=18, line=907 (Compiled frame)
 - java.lang.Thread.run() @bci=11, line=662 (Interpreted frame)


Thread 34210: (state = BLOCKED)
 - sun.misc.Unsafe.park(boolean, long) @bci=0 (Compiled frame; information may be imprecise)
 - java.util.concurrent.locks.LockSupport.park(java.lang.Object) @bci=14, line=158 (Compiled frame)
 - java.util.concurrent.SynchronousQueue$TransferStack.awaitFulfill(java.util.concurrent.SynchronousQueue$TransferStack$SNode, boolean, long) @bci=158, line=422 (Compiled frame)
 - java.util.concurrent.SynchronousQueue$TransferStack.transfer(java.lang.Object, boolean, long) @bci=102, line=323 (Compiled frame)
 - java.util.concurrent.SynchronousQueue.take() @bci=7, line=857 (Compiled frame)
 - java.util.concurrent.ThreadPoolExecutor.getTask() @bci=78, line=947 (Compiled frame)
 - java.util.concurrent.ThreadPoolExecutor$Worker.run() @bci=18, line=907 (Compiled frame)
 - java.lang.Thread.run() @bci=11, line=662 (Interpreted frame)


Thread 34209: (state = BLOCKED)
 - sun.misc.Unsafe.park(boolean, long) @bci=0 (Compiled frame; information may be imprecise)
 - java.util.concurrent.locks.LockSupport.park(java.lang.Object) @bci=14, line=158 (Compiled frame)
 - java.util.concurrent.SynchronousQueue$TransferStack.awaitFulfill(java.util.concurrent.SynchronousQueue$TransferStack$SNode, boolean, long) @bci=158, line=422 (Compiled frame)
 - java.util.concurrent.SynchronousQueue$TransferStack.transfer(java.lang.Object, boolean, long) @bci=102, line=323 (Compiled frame)
 - java.util.concurrent.SynchronousQueue.take() @bci=7, line=857 (Compiled frame)
 - java.util.concurrent.ThreadPoolExecutor.getTask() @bci=78, line=947 (Compiled frame)
 - java.util.concurrent.ThreadPoolExecutor$Worker.run() @bci=18, line=907 (Compiled frame)
 - java.lang.Thread.run() @bci=11, line=662 (Interpreted frame)


Thread 34208: (state = BLOCKED)
 - sun.misc.Unsafe.park(boolean, long) @bci=0 (Compiled frame; information may be imprecise)
 - java.util.concurrent.locks.LockSupport.park(java.lang.Object) @bci=14, line=158 (Compiled frame)
 - java.util.concurrent.SynchronousQueue$TransferStack.awaitFulfill(java.util.concurrent.SynchronousQueue$TransferStack$SNode, boolean, long) @bci=158, line=422 (Compiled frame)
 - java.util.concurrent.SynchronousQueue$TransferStack.transfer(java.lang.Object, boolean, long) @bci=102, line=323 (Compiled frame)
 - java.util.concurrent.SynchronousQueue.take() @bci=7, line=857 (Interpreted frame)
 - java.util.concurrent.ThreadPoolExecutor.getTask() @bci=78, line=947 (Compiled frame)
 - java.util.concurrent.ThreadPoolExecutor$Worker.run() @bci=18, line=907 (Interpreted frame)
 - java.lang.Thread.run() @bci=11, line=662 (Interpreted frame)


Thread 34207: (state = BLOCKED)
 - sun.misc.Unsafe.park(boolean, long) @bci=0 (Compiled frame; information may be imprecise)
 - java.util.concurrent.locks.LockSupport.park(java.lang.Object) @bci=14, line=158 (Compiled frame)
 - java.util.concurrent.SynchronousQueue$TransferStack.awaitFulfill(java.util.concurrent.SynchronousQueue$TransferStack$SNode, boolean, long) @bci=158, line=422 (Compiled frame)
 - java.util.concurrent.SynchronousQueue$TransferStack.transfer(java.lang.Object, boolean, long) @bci=102, line=323 (Compiled frame)
 - java.util.concurrent.SynchronousQueue.take() @bci=7, line=857 (Interpreted frame)
 - java.util.concurrent.ThreadPoolExecutor.getTask() @bci=78, line=947 (Compiled frame)
 - java.util.concurrent.ThreadPoolExecutor$Worker.run() @bci=18, line=907 (Interpreted frame)
 - java.lang.Thread.run() @bci=11, line=662 (Interpreted frame)


Thread 34206: (state = BLOCKED)
 - sun.misc.Unsafe.park(boolean, long) @bci=0 (Compiled frame; information may be imprecise)
 - java.util.concurrent.locks.LockSupport.park(java.lang.Object) @bci=14, line=158 (Compiled frame)
 - java.util.concurrent.SynchronousQueue$TransferStack.awaitFulfill(java.util.concurrent.SynchronousQueue$TransferStack$SNode, boolean, long) @bci=158, line=422 (Compiled frame)
 - java.util.concurrent.SynchronousQueue$TransferStack.transfer(java.lang.Object, boolean, long) @bci=102, line=323 (Interpreted frame)
 - java.util.concurrent.SynchronousQueue.take() @bci=7, line=857 (Interpreted frame)
 - java.util.concurrent.ThreadPoolExecutor.getTask() @bci=78, line=947 (Compiled frame)
 - java.util.concurrent.ThreadPoolExecutor$Worker.run() @bci=18, line=907 (Interpreted frame)
 - java.lang.Thread.run() @bci=11, line=662 (Interpreted frame)


Thread 445144: (state = BLOCKED)
 - sun.misc.Unsafe.park(boolean, long) @bci=0 (Compiled frame; information may be imprecise)
 - java.util.concurrent.locks.LockSupport.park(java.lang.Object) @bci=14, line=158 (Compiled frame)
 - java.util.concurrent.locks.AbstractQueuedSynchronizer$ConditionObject.await() @bci=42, line=1987 (Compiled frame)
 - java.util.concurrent.LinkedBlockingQueue.take() @bci=29, line=399 (Interpreted frame)
 - java.util.concurrent.ThreadPoolExecutor.getTask() @bci=78, line=947 (Compiled frame)
 - java.util.concurrent.ThreadPoolExecutor$Worker.run() @bci=18, line=907 (Compiled frame)
 - java.lang.Thread.run() @bci=11, line=662 (Interpreted frame)


Thread 445080: (state = BLOCKED)
 - sun.misc.Unsafe.park(boolean, long) @bci=0 (Compiled frame; information may be imprecise)
 - java.util.concurrent.locks.LockSupport.park(java.lang.Object) @bci=14, line=158 (Compiled frame)
 - java.util.concurrent.locks.AbstractQueuedSynchronizer$ConditionObject.await() @bci=42, line=1987 (Compiled frame)
 - java.util.concurrent.LinkedBlockingQueue.take() @bci=29, line=399 (Interpreted frame)
 - java.util.concurrent.ThreadPoolExecutor.getTask() @bci=78, line=947 (Compiled frame)
 - java.util.concurrent.ThreadPoolExecutor$Worker.run() @bci=18, line=907 (Compiled frame)
 - java.lang.Thread.run() @bci=11, line=662 (Interpreted frame)


Thread 232312: (state = BLOCKED)
 - sun.misc.Unsafe.park(boolean, long) @bci=0 (Compiled frame; information may be imprecise)
 - java.util.concurrent.locks.LockSupport.park(java.lang.Object) @bci=14, line=158 (Compiled frame)
 - java.util.concurrent.locks.AbstractQueuedSynchronizer$ConditionObject.await() @bci=42, line=1987 (Compiled frame)
 - java.util.concurrent.LinkedBlockingQueue.take() @bci=29, line=399 (Interpreted frame)
 - java.util.concurrent.ThreadPoolExecutor.getTask() @bci=78, line=947 (Compiled frame)
 - java.util.concurrent.ThreadPoolExecutor$Worker.run() @bci=18, line=907 (Interpreted frame)
 - java.lang.Thread.run() @bci=11, line=662 (Interpreted frame)


Thread 249225: (state = BLOCKED)
 - sun.misc.Unsafe.park(boolean, long) @bci=0 (Compiled frame; information may be imprecise)
 - java.util.concurrent.locks.LockSupport.parkNanos(java.lang.Object, long) @bci=20, line=198 (Compiled frame)
 - java.util.concurrent.locks.AbstractQueuedSynchronizer$ConditionObject.awaitNanos(long) @bci=68, line=2025 (Compiled frame)
 - java.util.concurrent.DelayQueue.take() @bci=57, line=164 (Compiled frame)
 - java.util.concurrent.ScheduledThreadPoolExecutor$DelayedWorkQueue.take() @bci=4, line=609 (Compiled frame)
 - java.util.concurrent.ScheduledThreadPoolExecutor$DelayedWorkQueue.take() @bci=1, line=602 (Compiled frame)
 - java.util.concurrent.ThreadPoolExecutor.getTask() @bci=78, line=947 (Compiled frame)
 - java.util.concurrent.ThreadPoolExecutor$Worker.run() @bci=18, line=907 (Compiled frame)
 - java.lang.Thread.run() @bci=11, line=662 (Interpreted frame)


Thread 249224: (state = BLOCKED)
 - sun.misc.Unsafe.park(boolean, long) @bci=0 (Compiled frame; information may be imprecise)
 - java.util.concurrent.locks.LockSupport.parkNanos(java.lang.Object, long) @bci=20, line=198 (Compiled frame)
 - java.util.concurrent.locks.AbstractQueuedSynchronizer$ConditionObject.awaitNanos(long) @bci=68, line=2025 (Compiled frame)
 - java.util.concurrent.DelayQueue.take() @bci=57, line=164 (Compiled frame)
 - java.util.concurrent.ScheduledThreadPoolExecutor$DelayedWorkQueue.take() @bci=4, line=609 (Compiled frame)
 - java.util.concurrent.ScheduledThreadPoolExecutor$DelayedWorkQueue.take() @bci=1, line=602 (Compiled frame)
 - java.util.concurrent.ThreadPoolExecutor.getTask() @bci=78, line=947 (Compiled frame)
 - java.util.concurrent.ThreadPoolExecutor$Worker.run() @bci=18, line=907 (Compiled frame)
 - java.lang.Thread.run() @bci=11, line=662 (Interpreted frame)


Thread 234519: (state = BLOCKED)
 - sun.misc.Unsafe.park(boolean, long) @bci=0 (Compiled frame; information may be imprecise)
 - java.util.concurrent.locks.LockSupport.park(java.lang.Object) @bci=14, line=158 (Compiled frame)
 - java.util.concurrent.locks.AbstractQueuedSynchronizer$ConditionObject.await() @bci=42, line=1987 (Compiled frame)
 - java.util.concurrent.LinkedBlockingQueue.take() @bci=29, line=399 (Interpreted frame)
 - java.util.concurrent.ThreadPoolExecutor.getTask() @bci=78, line=947 (Compiled frame)
 - java.util.concurrent.ThreadPoolExecutor$Worker.run() @bci=18, line=907 (Interpreted frame)
 - java.lang.Thread.run() @bci=11, line=662 (Interpreted frame)


Thread 234466: (state = BLOCKED)
 - sun.misc.Unsafe.park(boolean, long) @bci=0 (Compiled frame; information may be imprecise)
 - java.util.concurrent.locks.LockSupport.park(java.lang.Object) @bci=14, line=158 (Compiled frame)
 - java.util.concurrent.locks.AbstractQueuedSynchronizer$ConditionObject.await() @bci=42, line=1987 (Compiled frame)
 - java.util.concurrent.LinkedBlockingQueue.take() @bci=29, line=399 (Interpreted frame)
 - java.util.concurrent.ThreadPoolExecutor.getTask() @bci=78, line=947 (Compiled frame)
 - java.util.concurrent.ThreadPoolExecutor$Worker.run() @bci=18, line=907 (Interpreted frame)
 - java.lang.Thread.run() @bci=11, line=662 (Interpreted frame)


Thread 234430: (state = BLOCKED)
 - sun.misc.Unsafe.park(boolean, long) @bci=0 (Compiled frame; information may be imprecise)
 - java.util.concurrent.locks.LockSupport.park(java.lang.Object) @bci=14, line=158 (Compiled frame)
 - java.util.concurrent.locks.AbstractQueuedSynchronizer$ConditionObject.await() @bci=42, line=1987 (Compiled frame)
 - java.util.concurrent.LinkedBlockingQueue.take() @bci=29, line=399 (Interpreted frame)
 - java.util.concurrent.ThreadPoolExecutor.getTask() @bci=78, line=947 (Compiled frame)
 - java.util.concurrent.ThreadPoolExecutor$Worker.run() @bci=18, line=907 (Interpreted frame)
 - java.lang.Thread.run() @bci=11, line=662 (Interpreted frame)


Thread 234429: (state = BLOCKED)
 - sun.misc.Unsafe.park(boolean, long) @bci=0 (Compiled frame; information may be imprecise)
 - java.util.concurrent.locks.LockSupport.park(java.lang.Object) @bci=14, line=158 (Compiled frame)
 - java.util.concurrent.locks.AbstractQueuedSynchronizer$ConditionObject.await() @bci=42, line=1987 (Compiled frame)
 - java.util.concurrent.LinkedBlockingQueue.take() @bci=29, line=399 (Interpreted frame)
 - java.util.concurrent.ThreadPoolExecutor.getTask() @bci=78, line=947 (Compiled frame)
 - java.util.concurrent.ThreadPoolExecutor$Worker.run() @bci=18, line=907 (Interpreted frame)
 - java.lang.Thread.run() @bci=11, line=662 (Interpreted frame)


Thread 234428: (state = BLOCKED)
 - sun.misc.Unsafe.park(boolean, long) @bci=0 (Compiled frame; information may be imprecise)
 - java.util.concurrent.locks.LockSupport.park(java.lang.Object) @bci=14, line=158 (Compiled frame)
 - java.util.concurrent.locks.AbstractQueuedSynchronizer$ConditionObject.await() @bci=42, line=1987 (Compiled frame)
 - java.util.concurrent.LinkedBlockingQueue.take() @bci=29, line=399 (Interpreted frame)
 - java.util.concurrent.ThreadPoolExecutor.getTask() @bci=78, line=947 (Compiled frame)
 - java.util.concurrent.ThreadPoolExecutor$Worker.run() @bci=18, line=907 (Interpreted frame)
 - java.lang.Thread.run() @bci=11, line=662 (Interpreted frame)


Thread 234427: (state = BLOCKED)
 - sun.misc.Unsafe.park(boolean, long) @bci=0 (Compiled frame; information may be imprecise)
 - java.util.concurrent.locks.LockSupport.park(java.lang.Object) @bci=14, line=158 (Compiled frame)
 - java.util.concurrent.locks.AbstractQueuedSynchronizer$ConditionObject.await() @bci=42, line=1987 (Compiled frame)
 - java.util.concurrent.LinkedBlockingQueue.take() @bci=29, line=399 (Interpreted frame)
 - java.util.concurrent.ThreadPoolExecutor.getTask() @bci=78, line=947 (Compiled frame)
 - java.util.concurrent.ThreadPoolExecutor$Worker.run() @bci=18, line=907 (Interpreted frame)
 - java.lang.Thread.run() @bci=11, line=662 (Interpreted frame)


Thread 234363: (state = BLOCKED)
 - sun.misc.Unsafe.park(boolean, long) @bci=0 (Compiled frame; information may be imprecise)
 - java.util.concurrent.locks.LockSupport.park(java.lang.Object) @bci=14, line=158 (Compiled frame)
 - java.util.concurrent.locks.AbstractQueuedSynchronizer$ConditionObject.await() @bci=42, line=1987 (Compiled frame)
 - java.util.concurrent.LinkedBlockingQueue.take() @bci=29, line=399 (Interpreted frame)
 - java.util.concurrent.ThreadPoolExecutor.getTask() @bci=78, line=947 (Compiled frame)
 - java.util.concurrent.ThreadPoolExecutor$Worker.run() @bci=18, line=907 (Interpreted frame)
 - java.lang.Thread.run() @bci=11, line=662 (Interpreted frame)


Thread 234362: (state = BLOCKED)
 - sun.misc.Unsafe.park(boolean, long) @bci=0 (Compiled frame; information may be imprecise)
 - java.util.concurrent.locks.LockSupport.park(java.lang.Object) @bci=14, line=158 (Compiled frame)
 - java.util.concurrent.locks.AbstractQueuedSynchronizer$ConditionObject.await() @bci=42, line=1987 (Compiled frame)
 - java.util.concurrent.LinkedBlockingQueue.take() @bci=29, line=399 (Interpreted frame)
 - java.util.concurrent.ThreadPoolExecutor.getTask() @bci=78, line=947 (Compiled frame)
 - java.util.concurrent.ThreadPoolExecutor$Worker.run() @bci=18, line=907 (Interpreted frame)
 - java.lang.Thread.run() @bci=11, line=662 (Interpreted frame)


Thread 234274: (state = BLOCKED)
 - sun.misc.Unsafe.park(boolean, long) @bci=0 (Compiled frame; information may be imprecise)
 - java.util.concurrent.locks.LockSupport.park(java.lang.Object) @bci=14, line=158 (Compiled frame)
 - java.util.concurrent.locks.AbstractQueuedSynchronizer$ConditionObject.await() @bci=42, line=1987 (Compiled frame)
 - java.util.concurrent.LinkedBlockingQueue.take() @bci=29, line=399 (Interpreted frame)
 - java.util.concurrent.ThreadPoolExecutor.getTask() @bci=78, line=947 (Compiled frame)
 - java.util.concurrent.ThreadPoolExecutor$Worker.run() @bci=18, line=907 (Interpreted frame)
 - java.lang.Thread.run() @bci=11, line=662 (Interpreted frame)


Thread 233654: (state = BLOCKED)
 - sun.misc.Unsafe.park(boolean, long) @bci=0 (Compiled frame; information may be imprecise)
 - java.util.concurrent.locks.LockSupport.park(java.lang.Object) @bci=14, line=158 (Compiled frame)
 - java.util.concurrent.locks.AbstractQueuedSynchronizer$ConditionObject.await() @bci=42, line=1987 (Compiled frame)
 - java.util.concurrent.LinkedBlockingQueue.take() @bci=29, line=399 (Interpreted frame)
 - java.util.concurrent.ThreadPoolExecutor.getTask() @bci=78, line=947 (Compiled frame)
 - java.util.concurrent.ThreadPoolExecutor$Worker.run() @bci=18, line=907 (Interpreted frame)
 - java.lang.Thread.run() @bci=11, line=662 (Interpreted frame)


Thread 233589: (state = BLOCKED)
 - sun.misc.Unsafe.park(boolean, long) @bci=0 (Compiled frame; information may be imprecise)
 - java.util.concurrent.locks.LockSupport.park(java.lang.Object) @bci=14, line=158 (Compiled frame)
 - java.util.concurrent.locks.AbstractQueuedSynchronizer$ConditionObject.await() @bci=42, line=1987 (Compiled frame)
 - java.util.concurrent.LinkedBlockingQueue.take() @bci=29, line=399 (Interpreted frame)
 - java.util.concurrent.ThreadPoolExecutor.getTask() @bci=78, line=947 (Compiled frame)
 - java.util.concurrent.ThreadPoolExecutor$Worker.run() @bci=18, line=907 (Interpreted frame)
 - java.lang.Thread.run() @bci=11, line=662 (Interpreted frame)


Thread 233490: (state = BLOCKED)
 - sun.misc.Unsafe.park(boolean, long) @bci=0 (Compiled frame; information may be imprecise)
 - java.util.concurrent.locks.LockSupport.park(java.lang.Object) @bci=14, line=158 (Compiled frame)
 - java.util.concurrent.locks.AbstractQueuedSynchronizer$ConditionObject.await() @bci=42, line=1987 (Compiled frame)
 - java.util.concurrent.LinkedBlockingQueue.take() @bci=29, line=399 (Interpreted frame)
 - java.util.concurrent.ThreadPoolExecutor.getTask() @bci=78, line=947 (Compiled frame)
 - java.util.concurrent.ThreadPoolExecutor$Worker.run() @bci=18, line=907 (Interpreted frame)
 - java.lang.Thread.run() @bci=11, line=662 (Interpreted frame)


Thread 233489: (state = BLOCKED)
 - sun.misc.Unsafe.park(boolean, long) @bci=0 (Compiled frame; information may be imprecise)
 - java.util.concurrent.locks.LockSupport.park(java.lang.Object) @bci=14, line=158 (Compiled frame)
 - java.util.concurrent.locks.AbstractQueuedSynchronizer$ConditionObject.await() @bci=42, line=1987 (Compiled frame)
 - java.util.concurrent.LinkedBlockingQueue.take() @bci=29, line=399 (Interpreted frame)
 - java.util.concurrent.ThreadPoolExecutor.getTask() @bci=78, line=947 (Compiled frame)
 - java.util.concurrent.ThreadPoolExecutor$Worker.run() @bci=18, line=907 (Interpreted frame)
 - java.lang.Thread.run() @bci=11, line=662 (Interpreted frame)


Thread 233488: (state = BLOCKED)
 - sun.misc.Unsafe.park(boolean, long) @bci=0 (Compiled frame; information may be imprecise)
 - java.util.concurrent.locks.LockSupport.park(java.lang.Object) @bci=14, line=158 (Compiled frame)
 - java.util.concurrent.locks.AbstractQueuedSynchronizer$ConditionObject.await() @bci=42, line=1987 (Compiled frame)
 - java.util.concurrent.LinkedBlockingQueue.take() @bci=29, line=399 (Interpreted frame)
 - java.util.concurrent.ThreadPoolExecutor.getTask() @bci=78, line=947 (Compiled frame)
 - java.util.concurrent.ThreadPoolExecutor$Worker.run() @bci=18, line=907 (Interpreted frame)
 - java.lang.Thread.run() @bci=11, line=662 (Interpreted frame)


Thread 233435: (state = BLOCKED)
 - sun.misc.Unsafe.park(boolean, long) @bci=0 (Compiled frame; information may be imprecise)
 - java.util.concurrent.locks.LockSupport.park(java.lang.Object) @bci=14, line=158 (Compiled frame)
 - java.util.concurrent.locks.AbstractQueuedSynchronizer$ConditionObject.await() @bci=42, line=1987 (Compiled frame)
 - java.util.concurrent.LinkedBlockingQueue.take() @bci=29, line=399 (Interpreted frame)
 - java.util.concurrent.ThreadPoolExecutor.getTask() @bci=78, line=947 (Compiled frame)
 - java.util.concurrent.ThreadPoolExecutor$Worker.run() @bci=18, line=907 (Interpreted frame)
 - java.lang.Thread.run() @bci=11, line=662 (Interpreted frame)


Thread 233392: (state = BLOCKED)
 - sun.misc.Unsafe.park(boolean, long) @bci=0 (Compiled frame; information may be imprecise)
 - java.util.concurrent.locks.LockSupport.park(java.lang.Object) @bci=14, line=158 (Compiled frame)
 - java.util.concurrent.locks.AbstractQueuedSynchronizer$ConditionObject.await() @bci=42, line=1987 (Compiled frame)
 - java.util.concurrent.LinkedBlockingQueue.take() @bci=29, line=399 (Interpreted frame)
 - java.util.concurrent.ThreadPoolExecutor.getTask() @bci=78, line=947 (Compiled frame)
 - java.util.concurrent.ThreadPoolExecutor$Worker.run() @bci=18, line=907 (Interpreted frame)
 - java.lang.Thread.run() @bci=11, line=662 (Interpreted frame)


Thread 233391: (state = BLOCKED)
 - sun.misc.Unsafe.park(boolean, long) @bci=0 (Compiled frame; information may be imprecise)
 - java.util.concurrent.locks.LockSupport.park(java.lang.Object) @bci=14, line=158 (Compiled frame)
 - java.util.concurrent.locks.AbstractQueuedSynchronizer$ConditionObject.await() @bci=42, line=1987 (Compiled frame)
 - java.util.concurrent.LinkedBlockingQueue.take() @bci=29, line=399 (Interpreted frame)
 - java.util.concurrent.ThreadPoolExecutor.getTask() @bci=78, line=947 (Compiled frame)
 - java.util.concurrent.ThreadPoolExecutor$Worker.run() @bci=18, line=907 (Interpreted frame)
 - java.lang.Thread.run() @bci=11, line=662 (Interpreted frame)


Thread 233339: (state = BLOCKED)
 - sun.misc.Unsafe.park(boolean, long) @bci=0 (Compiled frame; information may be imprecise)
 - java.util.concurrent.locks.LockSupport.park(java.lang.Object) @bci=14, line=158 (Compiled frame)
 - java.util.concurrent.locks.AbstractQueuedSynchronizer$ConditionObject.await() @bci=42, line=1987 (Compiled frame)
 - java.util.concurrent.LinkedBlockingQueue.take() @bci=29, line=399 (Interpreted frame)
 - java.util.concurrent.ThreadPoolExecutor.getTask() @bci=78, line=947 (Compiled frame)
 - java.util.concurrent.ThreadPoolExecutor$Worker.run() @bci=18, line=907 (Interpreted frame)
 - java.lang.Thread.run() @bci=11, line=662 (Interpreted frame)


Thread 233188: (state = BLOCKED)
 - sun.misc.Unsafe.park(boolean, long) @bci=0 (Compiled frame; information may be imprecise)
 - java.util.concurrent.locks.LockSupport.park(java.lang.Object) @bci=14, line=158 (Compiled frame)
 - java.util.concurrent.locks.AbstractQueuedSynchronizer$ConditionObject.await() @bci=42, line=1987 (Compiled frame)
 - java.util.concurrent.LinkedBlockingQueue.take() @bci=29, line=399 (Interpreted frame)
 - java.util.concurrent.ThreadPoolExecutor.getTask() @bci=78, line=947 (Compiled frame)
 - java.util.concurrent.ThreadPoolExecutor$Worker.run() @bci=18, line=907 (Interpreted frame)
 - java.lang.Thread.run() @bci=11, line=662 (Interpreted frame)


Thread 233123: (state = BLOCKED)
 - sun.misc.Unsafe.park(boolean, long) @bci=0 (Compiled frame; information may be imprecise)
 - java.util.concurrent.locks.LockSupport.park(java.lang.Object) @bci=14, line=158 (Compiled frame)
 - java.util.concurrent.locks.AbstractQueuedSynchronizer$ConditionObject.await() @bci=42, line=1987 (Compiled frame)
 - java.util.concurrent.LinkedBlockingQueue.take() @bci=29, line=399 (Interpreted frame)
 - java.util.concurrent.ThreadPoolExecutor.getTask() @bci=78, line=947 (Compiled frame)
 - java.util.concurrent.ThreadPoolExecutor$Worker.run() @bci=18, line=907 (Interpreted frame)
 - java.lang.Thread.run() @bci=11, line=662 (Interpreted frame)


Thread 208952: (state = BLOCKED)
 - sun.misc.Unsafe.park(boolean, long) @bci=0 (Compiled frame; information may be imprecise)
 - java.util.concurrent.locks.LockSupport.park(java.lang.Object) @bci=14, line=158 (Compiled frame)
 - java.util.concurrent.locks.AbstractQueuedSynchronizer$ConditionObject.await() @bci=42, line=1987 (Compiled frame)
 - java.util.concurrent.LinkedBlockingQueue.take() @bci=29, line=399 (Interpreted frame)
 - java.util.concurrent.ThreadPoolExecutor.getTask() @bci=78, line=947 (Compiled frame)
 - java.util.concurrent.ThreadPoolExecutor$Worker.run() @bci=18, line=907 (Interpreted frame)
 - java.lang.Thread.run() @bci=11, line=662 (Interpreted frame)


Thread 208951: (state = BLOCKED)
 - sun.misc.Unsafe.park(boolean, long) @bci=0 (Compiled frame; information may be imprecise)
 - java.util.concurrent.locks.LockSupport.park(java.lang.Object) @bci=14, line=158 (Compiled frame)
 - java.util.concurrent.locks.AbstractQueuedSynchronizer$ConditionObject.await() @bci=42, line=1987 (Compiled frame)
 - java.util.concurrent.LinkedBlockingQueue.take() @bci=29, line=399 (Interpreted frame)
 - java.util.concurrent.ThreadPoolExecutor.getTask() @bci=78, line=947 (Compiled frame)
 - java.util.concurrent.ThreadPoolExecutor$Worker.run() @bci=18, line=907 (Interpreted frame)
 - java.lang.Thread.run() @bci=11, line=662 (Interpreted frame)


Thread 192174: (state = BLOCKED)
 - sun.misc.Unsafe.park(boolean, long) @bci=0 (Compiled frame; information may be imprecise)
 - java.util.concurrent.locks.LockSupport.parkNanos(java.lang.Object, long) @bci=20, line=198 (Compiled frame)
 - java.util.concurrent.locks.AbstractQueuedSynchronizer$ConditionObject.awaitNanos(long) @bci=68, line=2025 (Compiled frame)
 - java.util.concurrent.DelayQueue.take() @bci=57, line=164 (Compiled frame)
 - java.util.concurrent.ScheduledThreadPoolExecutor$DelayedWorkQueue.take() @bci=4, line=609 (Compiled frame)
 - java.util.concurrent.ScheduledThreadPoolExecutor$DelayedWorkQueue.take() @bci=1, line=602 (Compiled frame)
 - java.util.concurrent.ThreadPoolExecutor.getTask() @bci=78, line=947 (Compiled frame)
 - java.util.concurrent.ThreadPoolExecutor$Worker.run() @bci=18, line=907 (Compiled frame)
 - java.lang.Thread.run() @bci=11, line=662 (Interpreted frame)


Thread 192173: (state = BLOCKED)
 - sun.misc.Unsafe.park(boolean, long) @bci=0 (Compiled frame; information may be imprecise)
 - java.util.concurrent.locks.LockSupport.parkNanos(java.lang.Object, long) @bci=20, line=198 (Compiled frame)
 - java.util.concurrent.locks.AbstractQueuedSynchronizer$ConditionObject.awaitNanos(long) @bci=68, line=2025 (Compiled frame)
 - java.util.concurrent.DelayQueue.take() @bci=57, line=164 (Compiled frame)
 - java.util.concurrent.ScheduledThreadPoolExecutor$DelayedWorkQueue.take() @bci=4, line=609 (Compiled frame)
 - java.util.concurrent.ScheduledThreadPoolExecutor$DelayedWorkQueue.take() @bci=1, line=602 (Compiled frame)
 - java.util.concurrent.ThreadPoolExecutor.getTask() @bci=78, line=947 (Compiled frame)
 - java.util.concurrent.ThreadPoolExecutor$Worker.run() @bci=18, line=907 (Compiled frame)
 - java.lang.Thread.run() @bci=11, line=662 (Interpreted frame)


Thread 97040: (state = BLOCKED)
 - sun.misc.Unsafe.park(boolean, long) @bci=0 (Compiled frame; information may be imprecise)
 - java.util.concurrent.locks.LockSupport.parkNanos(java.lang.Object, long) @bci=20, line=198 (Compiled frame)
 - java.util.concurrent.locks.AbstractQueuedSynchronizer$ConditionObject.awaitNanos(long) @bci=68, line=2025 (Compiled frame)
 - java.util.concurrent.DelayQueue.take() @bci=57, line=164 (Compiled frame)
 - java.util.concurrent.ScheduledThreadPoolExecutor$DelayedWorkQueue.take() @bci=4, line=609 (Compiled frame)
 - java.util.concurrent.ScheduledThreadPoolExecutor$DelayedWorkQueue.take() @bci=1, line=602 (Compiled frame)
 - java.util.concurrent.ThreadPoolExecutor.getTask() @bci=78, line=947 (Compiled frame)
 - java.util.concurrent.ThreadPoolExecutor$Worker.run() @bci=18, line=907 (Compiled frame)
 - java.lang.Thread.run() @bci=11, line=662 (Interpreted frame)


Thread 97039: (state = BLOCKED)
 - sun.misc.Unsafe.park(boolean, long) @bci=0 (Compiled frame; information may be imprecise)
 - java.util.concurrent.locks.LockSupport.parkNanos(java.lang.Object, long) @bci=20, line=198 (Compiled frame)
 - java.util.concurrent.locks.AbstractQueuedSynchronizer$ConditionObject.awaitNanos(long) @bci=68, line=2025 (Compiled frame)
 - java.util.concurrent.DelayQueue.take() @bci=57, line=164 (Compiled frame)
 - java.util.concurrent.ScheduledThreadPoolExecutor$DelayedWorkQueue.take() @bci=4, line=609 (Compiled frame)
 - java.util.concurrent.ScheduledThreadPoolExecutor$DelayedWorkQueue.take() @bci=1, line=602 (Compiled frame)
 - java.util.concurrent.ThreadPoolExecutor.getTask() @bci=78, line=947 (Compiled frame)
 - java.util.concurrent.ThreadPoolExecutor$Worker.run() @bci=18, line=907 (Compiled frame)
 - java.lang.Thread.run() @bci=11, line=662 (Interpreted frame)


Thread 85636: (state = BLOCKED)
 - sun.misc.Unsafe.park(boolean, long) @bci=0 (Compiled frame; information may be imprecise)
 - java.util.concurrent.locks.LockSupport.parkNanos(java.lang.Object, long) @bci=20, line=198 (Compiled frame)
 - java.util.concurrent.locks.AbstractQueuedSynchronizer$ConditionObject.awaitNanos(long) @bci=68, line=2025 (Compiled frame)
 - java.util.concurrent.DelayQueue.take() @bci=57, line=164 (Compiled frame)
 - java.util.concurrent.ScheduledThreadPoolExecutor$DelayedWorkQueue.take() @bci=4, line=609 (Compiled frame)
 - java.util.concurrent.ScheduledThreadPoolExecutor$DelayedWorkQueue.take() @bci=1, line=602 (Compiled frame)
 - java.util.concurrent.ThreadPoolExecutor.getTask() @bci=78, line=947 (Compiled frame)
 - java.util.concurrent.ThreadPoolExecutor$Worker.run() @bci=18, line=907 (Compiled frame)
 - java.lang.Thread.run() @bci=11, line=662 (Interpreted frame)


Thread 85635: (state = BLOCKED)
 - sun.misc.Unsafe.park(boolean, long) @bci=0 (Compiled frame; information may be imprecise)
 - java.util.concurrent.locks.LockSupport.parkNanos(java.lang.Object, long) @bci=20, line=198 (Compiled frame)
 - java.util.concurrent.locks.AbstractQueuedSynchronizer$ConditionObject.awaitNanos(long) @bci=68, line=2025 (Compiled frame)
 - java.util.concurrent.DelayQueue.take() @bci=57, line=164 (Compiled frame)
 - java.util.concurrent.ScheduledThreadPoolExecutor$DelayedWorkQueue.take() @bci=4, line=609 (Compiled frame)
 - java.util.concurrent.ScheduledThreadPoolExecutor$DelayedWorkQueue.take() @bci=1, line=602 (Compiled frame)
 - java.util.concurrent.ThreadPoolExecutor.getTask() @bci=78, line=947 (Compiled frame)
 - java.util.concurrent.ThreadPoolExecutor$Worker.run() @bci=18, line=907 (Compiled frame)
 - java.lang.Thread.run() @bci=11, line=662 (Interpreted frame)


Thread 85473: (state = BLOCKED)
 - sun.misc.Unsafe.park(boolean, long) @bci=0 (Compiled frame; information may be imprecise)
 - java.util.concurrent.locks.LockSupport.parkNanos(java.lang.Object, long) @bci=20, line=198 (Compiled frame)
 - java.util.concurrent.locks.AbstractQueuedSynchronizer$ConditionObject.awaitNanos(long) @bci=68, line=2025 (Compiled frame)
 - java.util.concurrent.DelayQueue.take() @bci=57, line=164 (Compiled frame)
 - java.util.concurrent.ScheduledThreadPoolExecutor$DelayedWorkQueue.take() @bci=4, line=609 (Compiled frame)
 - java.util.concurrent.ScheduledThreadPoolExecutor$DelayedWorkQueue.take() @bci=1, line=602 (Compiled frame)
 - java.util.concurrent.ThreadPoolExecutor.getTask() @bci=78, line=947 (Compiled frame)
 - java.util.concurrent.ThreadPoolExecutor$Worker.run() @bci=18, line=907 (Compiled frame)
 - java.lang.Thread.run() @bci=11, line=662 (Interpreted frame)


Thread 85472: (state = BLOCKED)
 - sun.misc.Unsafe.park(boolean, long) @bci=0 (Compiled frame; information may be imprecise)
 - java.util.concurrent.locks.LockSupport.parkNanos(java.lang.Object, long) @bci=20, line=198 (Compiled frame)
 - java.util.concurrent.locks.AbstractQueuedSynchronizer$ConditionObject.awaitNanos(long) @bci=68, line=2025 (Compiled frame)
 - java.util.concurrent.DelayQueue.take() @bci=57, line=164 (Compiled frame)
 - java.util.concurrent.ScheduledThreadPoolExecutor$DelayedWorkQueue.take() @bci=4, line=609 (Compiled frame)
 - java.util.concurrent.ScheduledThreadPoolExecutor$DelayedWorkQueue.take() @bci=1, line=602 (Compiled frame)
 - java.util.concurrent.ThreadPoolExecutor.getTask() @bci=78, line=947 (Compiled frame)
 - java.util.concurrent.ThreadPoolExecutor$Worker.run() @bci=18, line=907 (Compiled frame)
 - java.lang.Thread.run() @bci=11, line=662 (Interpreted frame)


Thread 84933: (state = IN_NATIVE)
 - sun.nio.ch.EPollArrayWrapper.epollWait(long, int, long, int) @bci=0 (Compiled frame; information may be imprecise)
 - sun.nio.ch.EPollArrayWrapper.poll(long) @bci=18, line=210 (Compiled frame)
 - sun.nio.ch.EPollSelectorImpl.doSelect(long) @bci=28, line=65 (Compiled frame)
 - sun.nio.ch.SelectorImpl.lockAndDoSelect(long) @bci=37, line=69 (Compiled frame)
 - sun.nio.ch.SelectorImpl.select(long) @bci=30, line=80 (Compiled frame)
 - io.netty.channel.nio.NioEventLoop.select(boolean) @bci=62, line=622 (Compiled frame)
 - io.netty.channel.nio.NioEventLoop.run() @bci=25, line=310 (Compiled frame)
 - io.netty.util.concurrent.SingleThreadEventExecutor$2.run() @bci=13, line=116 (Interpreted frame)
 - java.lang.Thread.run() @bci=11, line=662 (Interpreted frame)


Thread 84932: (state = IN_NATIVE)
 - sun.nio.ch.EPollArrayWrapper.epollWait(long, int, long, int) @bci=0 (Compiled frame; information may be imprecise)
 - sun.nio.ch.EPollArrayWrapper.poll(long) @bci=18, line=210 (Compiled frame)
 - sun.nio.ch.EPollSelectorImpl.doSelect(long) @bci=28, line=65 (Compiled frame)
 - sun.nio.ch.SelectorImpl.lockAndDoSelect(long) @bci=37, line=69 (Compiled frame)
 - sun.nio.ch.SelectorImpl.select(long) @bci=30, line=80 (Compiled frame)
 - io.netty.channel.nio.NioEventLoop.select(boolean) @bci=62, line=622 (Compiled frame)
 - io.netty.channel.nio.NioEventLoop.run() @bci=25, line=310 (Compiled frame)
 - io.netty.util.concurrent.SingleThreadEventExecutor$2.run() @bci=13, line=116 (Interpreted frame)
 - java.lang.Thread.run() @bci=11, line=662 (Interpreted frame)


Thread 84931: (state = IN_NATIVE)
 - sun.nio.ch.EPollArrayWrapper.epollWait(long, int, long, int) @bci=0 (Compiled frame; information may be imprecise)
 - sun.nio.ch.EPollArrayWrapper.poll(long) @bci=18, line=210 (Compiled frame)
 - sun.nio.ch.EPollSelectorImpl.doSelect(long) @bci=28, line=65 (Compiled frame)
 - sun.nio.ch.SelectorImpl.lockAndDoSelect(long) @bci=37, line=69 (Compiled frame)
 - sun.nio.ch.SelectorImpl.select(long) @bci=30, line=80 (Compiled frame)
 - io.netty.channel.nio.NioEventLoop.select(boolean) @bci=62, line=622 (Compiled frame)
 - io.netty.channel.nio.NioEventLoop.run() @bci=25, line=310 (Compiled frame)
 - io.netty.util.concurrent.SingleThreadEventExecutor$2.run() @bci=13, line=116 (Interpreted frame)
 - java.lang.Thread.run() @bci=11, line=662 (Interpreted frame)


Thread 84930: (state = IN_NATIVE)
 - sun.nio.ch.EPollArrayWrapper.epollWait(long, int, long, int) @bci=0 (Compiled frame; information may be imprecise)
 - sun.nio.ch.EPollArrayWrapper.poll(long) @bci=18, line=210 (Compiled frame)
 - sun.nio.ch.EPollSelectorImpl.doSelect(long) @bci=28, line=65 (Compiled frame)
 - sun.nio.ch.SelectorImpl.lockAndDoSelect(long) @bci=37, line=69 (Compiled frame)
 - sun.nio.ch.SelectorImpl.select(long) @bci=30, line=80 (Compiled frame)
 - io.netty.channel.nio.NioEventLoop.select(boolean) @bci=62, line=622 (Compiled frame)
 - io.netty.channel.nio.NioEventLoop.run() @bci=25, line=310 (Compiled frame)
 - io.netty.util.concurrent.SingleThreadEventExecutor$2.run() @bci=13, line=116 (Interpreted frame)
 - java.lang.Thread.run() @bci=11, line=662 (Interpreted frame)


Thread 84929: (state = IN_NATIVE)
 - sun.nio.ch.EPollArrayWrapper.epollWait(long, int, long, int) @bci=0 (Compiled frame; information may be imprecise)
 - sun.nio.ch.EPollArrayWrapper.poll(long) @bci=18, line=210 (Compiled frame)
 - sun.nio.ch.EPollSelectorImpl.doSelect(long) @bci=28, line=65 (Compiled frame)
 - sun.nio.ch.SelectorImpl.lockAndDoSelect(long) @bci=37, line=69 (Compiled frame)
 - sun.nio.ch.SelectorImpl.select(long) @bci=30, line=80 (Compiled frame)
 - io.netty.channel.nio.NioEventLoop.select(boolean) @bci=62, line=622 (Compiled frame)
 - io.netty.channel.nio.NioEventLoop.run() @bci=25, line=310 (Compiled frame)
 - io.netty.util.concurrent.SingleThreadEventExecutor$2.run() @bci=13, line=116 (Interpreted frame)
 - java.lang.Thread.run() @bci=11, line=662 (Interpreted frame)


Thread 84928: (state = IN_NATIVE)
 - sun.nio.ch.EPollArrayWrapper.epollWait(long, int, long, int) @bci=0 (Compiled frame; information may be imprecise)
 - sun.nio.ch.EPollArrayWrapper.poll(long) @bci=18, line=210 (Compiled frame)
 - sun.nio.ch.EPollSelectorImpl.doSelect(long) @bci=28, line=65 (Compiled frame)
 - sun.nio.ch.SelectorImpl.lockAndDoSelect(long) @bci=37, line=69 (Compiled frame)
 - sun.nio.ch.SelectorImpl.select(long) @bci=30, line=80 (Compiled frame)
 - io.netty.channel.nio.NioEventLoop.select(boolean) @bci=62, line=622 (Compiled frame)
 - io.netty.channel.nio.NioEventLoop.run() @bci=25, line=310 (Compiled frame)
 - io.netty.util.concurrent.SingleThreadEventExecutor$2.run() @bci=13, line=116 (Interpreted frame)
 - java.lang.Thread.run() @bci=11, line=662 (Interpreted frame)


Thread 84927: (state = IN_NATIVE)
 - sun.nio.ch.EPollArrayWrapper.epollWait(long, int, long, int) @bci=0 (Compiled frame; information may be imprecise)
 - sun.nio.ch.EPollArrayWrapper.poll(long) @bci=18, line=210 (Compiled frame)
 - sun.nio.ch.EPollSelectorImpl.doSelect(long) @bci=28, line=65 (Compiled frame)
 - sun.nio.ch.SelectorImpl.lockAndDoSelect(long) @bci=37, line=69 (Compiled frame)
 - sun.nio.ch.SelectorImpl.select(long) @bci=30, line=80 (Compiled frame)
 - io.netty.channel.nio.NioEventLoop.select(boolean) @bci=62, line=622 (Compiled frame)
 - io.netty.channel.nio.NioEventLoop.run() @bci=25, line=310 (Compiled frame)
 - io.netty.util.concurrent.SingleThreadEventExecutor$2.run() @bci=13, line=116 (Interpreted frame)
 - java.lang.Thread.run() @bci=11, line=662 (Interpreted frame)


Thread 84926: (state = IN_NATIVE)
 - sun.nio.ch.EPollArrayWrapper.epollWait(long, int, long, int) @bci=0 (Compiled frame; information may be imprecise)
 - sun.nio.ch.EPollArrayWrapper.poll(long) @bci=18, line=210 (Compiled frame)
 - sun.nio.ch.EPollSelectorImpl.doSelect(long) @bci=28, line=65 (Compiled frame)
 - sun.nio.ch.SelectorImpl.lockAndDoSelect(long) @bci=37, line=69 (Compiled frame)
 - sun.nio.ch.SelectorImpl.select(long) @bci=30, line=80 (Compiled frame)
 - io.netty.channel.nio.NioEventLoop.select(boolean) @bci=62, line=622 (Compiled frame)
 - io.netty.channel.nio.NioEventLoop.run() @bci=25, line=310 (Compiled frame)
 - io.netty.util.concurrent.SingleThreadEventExecutor$2.run() @bci=13, line=116 (Interpreted frame)
 - java.lang.Thread.run() @bci=11, line=662 (Interpreted frame)


Thread 84925: (state = IN_NATIVE)
 - sun.nio.ch.EPollArrayWrapper.epollWait(long, int, long, int) @bci=0 (Compiled frame; information may be imprecise)
 - sun.nio.ch.EPollArrayWrapper.poll(long) @bci=18, line=210 (Compiled frame)
 - sun.nio.ch.EPollSelectorImpl.doSelect(long) @bci=28, line=65 (Compiled frame)
 - sun.nio.ch.SelectorImpl.lockAndDoSelect(long) @bci=37, line=69 (Compiled frame)
 - sun.nio.ch.SelectorImpl.select(long) @bci=30, line=80 (Compiled frame)
 - io.netty.channel.nio.NioEventLoop.select(boolean) @bci=62, line=622 (Compiled frame)
 - io.netty.channel.nio.NioEventLoop.run() @bci=25, line=310 (Compiled frame)
 - io.netty.util.concurrent.SingleThreadEventExecutor$2.run() @bci=13, line=116 (Interpreted frame)
 - java.lang.Thread.run() @bci=11, line=662 (Interpreted frame)


Thread 84924: (state = BLOCKED)
 - java.lang.Object.wait(long) @bci=0 (Compiled frame; information may be imprecise)
 - java.lang.Object.wait() @bci=2, line=485 (Compiled frame)
 - org.apache.tomcat.util.net.JIoEndpoint$Worker.await() @bci=8, line=458 (Compiled frame)
 - org.apache.tomcat.util.net.JIoEndpoint$Worker.run() @bci=11, line=484 (Compiled frame)
 - java.lang.Thread.run() @bci=11, line=662 (Interpreted frame)


Thread 84818: (state = IN_NATIVE)
 - sun.nio.ch.EPollArrayWrapper.epollWait(long, int, long, int) @bci=0 (Compiled frame; information may be imprecise)
 - sun.nio.ch.EPollArrayWrapper.poll(long) @bci=18, line=210 (Compiled frame)
 - sun.nio.ch.EPollSelectorImpl.doSelect(long) @bci=28, line=65 (Compiled frame)
 - sun.nio.ch.SelectorImpl.lockAndDoSelect(long) @bci=37, line=69 (Compiled frame)
 - sun.nio.ch.SelectorImpl.select(long) @bci=30, line=80 (Compiled frame)
 - io.netty.channel.nio.NioEventLoop.select(boolean) @bci=62, line=622 (Compiled frame)
 - io.netty.channel.nio.NioEventLoop.run() @bci=25, line=310 (Compiled frame)
 - io.netty.util.concurrent.SingleThreadEventExecutor$2.run() @bci=13, line=116 (Interpreted frame)
 - java.lang.Thread.run() @bci=11, line=662 (Interpreted frame)


Thread 84817: (state = IN_NATIVE)
 - java.net.PlainSocketImpl.socketAccept(java.net.SocketImpl) @bci=0 (Interpreted frame)
 - java.net.PlainSocketImpl.accept(java.net.SocketImpl) @bci=7, line=408 (Interpreted frame)
 - java.net.ServerSocket.implAccept(java.net.Socket) @bci=60, line=462 (Interpreted frame)
 - java.net.ServerSocket.accept() @bci=48, line=430 (Interpreted frame)
 - org.apache.tomcat.util.net.DefaultServerSocketFactory.acceptSocket(java.net.ServerSocket) @bci=1, line=61 (Compiled frame)
 - org.apache.tomcat.util.net.JIoEndpoint$Acceptor.run() @bci=47, line=352 (Compiled frame)
 - java.lang.Thread.run() @bci=11, line=662 (Interpreted frame)


Thread 84816: (state = BLOCKED)
 - java.lang.Thread.sleep(long) @bci=0 (Compiled frame; information may be imprecise)
 - org.apache.catalina.core.ContainerBase$ContainerBackgroundProcessor.run() @bci=22, line=1631 (Compiled frame)
 - java.lang.Thread.run() @bci=11, line=662 (Interpreted frame)


Thread 84813: (state = BLOCKED)
 - sun.misc.Unsafe.park(boolean, long) @bci=0 (Compiled frame; information may be imprecise)
 - java.util.concurrent.locks.LockSupport.parkNanos(java.lang.Object, long) @bci=20, line=198 (Compiled frame)
 - java.util.concurrent.locks.AbstractQueuedSynchronizer$ConditionObject.awaitNanos(long) @bci=68, line=2025 (Compiled frame)
 - java.util.concurrent.DelayQueue.take() @bci=57, line=164 (Compiled frame)
 - java.util.concurrent.ScheduledThreadPoolExecutor$DelayedWorkQueue.take() @bci=4, line=609 (Compiled frame)
 - java.util.concurrent.ScheduledThreadPoolExecutor$DelayedWorkQueue.take() @bci=1, line=602 (Compiled frame)
 - java.util.concurrent.ThreadPoolExecutor.getTask() @bci=78, line=947 (Compiled frame)
 - java.util.concurrent.ThreadPoolExecutor$Worker.run() @bci=18, line=907 (Compiled frame)
 - java.lang.Thread.run() @bci=11, line=662 (Interpreted frame)


Thread 84812: (state = BLOCKED)
 - sun.misc.Unsafe.park(boolean, long) @bci=0 (Compiled frame; information may be imprecise)
 - java.util.concurrent.locks.LockSupport.parkNanos(java.lang.Object, long) @bci=20, line=198 (Compiled frame)
 - java.util.concurrent.locks.AbstractQueuedSynchronizer$ConditionObject.awaitNanos(long) @bci=68, line=2025 (Compiled frame)
 - java.util.concurrent.DelayQueue.take() @bci=57, line=164 (Compiled frame)
 - java.util.concurrent.ScheduledThreadPoolExecutor$DelayedWorkQueue.take() @bci=4, line=609 (Compiled frame)
 - java.util.concurrent.ScheduledThreadPoolExecutor$DelayedWorkQueue.take() @bci=1, line=602 (Compiled frame)
 - java.util.concurrent.ThreadPoolExecutor.getTask() @bci=78, line=947 (Compiled frame)
 - java.util.concurrent.ThreadPoolExecutor$Worker.run() @bci=18, line=907 (Compiled frame)
 - java.lang.Thread.run() @bci=11, line=662 (Interpreted frame)


Thread 84801: (state = BLOCKED)
 - sun.misc.Unsafe.park(boolean, long) @bci=0 (Compiled frame; information may be imprecise)
 - java.util.concurrent.locks.LockSupport.parkNanos(java.lang.Object, long) @bci=20, line=198 (Compiled frame)
 - java.util.concurrent.locks.AbstractQueuedSynchronizer$ConditionObject.awaitNanos(long) @bci=68, line=2025 (Compiled frame)
 - java.util.concurrent.DelayQueue.take() @bci=57, line=164 (Compiled frame)
 - java.util.concurrent.ScheduledThreadPoolExecutor$DelayedWorkQueue.take() @bci=4, line=609 (Compiled frame)
 - java.util.concurrent.ScheduledThreadPoolExecutor$DelayedWorkQueue.take() @bci=1, line=602 (Compiled frame)
 - java.util.concurrent.ThreadPoolExecutor.getTask() @bci=78, line=947 (Compiled frame)
 - java.util.concurrent.ThreadPoolExecutor$Worker.run() @bci=18, line=907 (Compiled frame)
 - java.lang.Thread.run() @bci=11, line=662 (Interpreted frame)


Thread 84800: (state = BLOCKED)
 - sun.misc.Unsafe.park(boolean, long) @bci=0 (Compiled frame; information may be imprecise)
 - java.util.concurrent.locks.LockSupport.parkNanos(java.lang.Object, long) @bci=20, line=198 (Compiled frame)
 - java.util.concurrent.locks.AbstractQueuedSynchronizer$ConditionObject.awaitNanos(long) @bci=68, line=2025 (Compiled frame)
 - java.util.concurrent.DelayQueue.take() @bci=57, line=164 (Compiled frame)
 - java.util.concurrent.ScheduledThreadPoolExecutor$DelayedWorkQueue.take() @bci=4, line=609 (Compiled frame)
 - java.util.concurrent.ScheduledThreadPoolExecutor$DelayedWorkQueue.take() @bci=1, line=602 (Compiled frame)
 - java.util.concurrent.ThreadPoolExecutor.getTask() @bci=78, line=947 (Compiled frame)
 - java.util.concurrent.ThreadPoolExecutor$Worker.run() @bci=18, line=907 (Compiled frame)
 - java.lang.Thread.run() @bci=11, line=662 (Interpreted frame)


Thread 84789: (state = BLOCKED)
 - sun.misc.Unsafe.park(boolean, long) @bci=0 (Compiled frame; information may be imprecise)
 - java.util.concurrent.locks.LockSupport.parkNanos(java.lang.Object, long) @bci=20, line=198 (Compiled frame)
 - java.util.concurrent.locks.AbstractQueuedSynchronizer$ConditionObject.awaitNanos(long) @bci=68, line=2025 (Compiled frame)
 - java.util.concurrent.DelayQueue.take() @bci=57, line=164 (Compiled frame)
 - java.util.concurrent.ScheduledThreadPoolExecutor$DelayedWorkQueue.take() @bci=4, line=609 (Compiled frame)
 - java.util.concurrent.ScheduledThreadPoolExecutor$DelayedWorkQueue.take() @bci=1, line=602 (Compiled frame)
 - java.util.concurrent.ThreadPoolExecutor.getTask() @bci=78, line=947 (Compiled frame)
 - java.util.concurrent.ThreadPoolExecutor$Worker.run() @bci=18, line=907 (Compiled frame)
 - java.lang.Thread.run() @bci=11, line=662 (Interpreted frame)


Thread 84788: (state = BLOCKED)
 - sun.misc.Unsafe.park(boolean, long) @bci=0 (Compiled frame; information may be imprecise)
 - java.util.concurrent.locks.LockSupport.parkNanos(java.lang.Object, long) @bci=20, line=198 (Compiled frame)
 - java.util.concurrent.locks.AbstractQueuedSynchronizer$ConditionObject.awaitNanos(long) @bci=68, line=2025 (Compiled frame)
 - java.util.concurrent.DelayQueue.take() @bci=57, line=164 (Compiled frame)
 - java.util.concurrent.ScheduledThreadPoolExecutor$DelayedWorkQueue.take() @bci=4, line=609 (Compiled frame)
 - java.util.concurrent.ScheduledThreadPoolExecutor$DelayedWorkQueue.take() @bci=1, line=602 (Compiled frame)
 - java.util.concurrent.ThreadPoolExecutor.getTask() @bci=78, line=947 (Compiled frame)
 - java.util.concurrent.ThreadPoolExecutor$Worker.run() @bci=18, line=907 (Compiled frame)
 - java.lang.Thread.run() @bci=11, line=662 (Interpreted frame)


Thread 84777: (state = BLOCKED)
 - sun.misc.Unsafe.park(boolean, long) @bci=0 (Compiled frame; information may be imprecise)
 - java.util.concurrent.locks.LockSupport.parkNanos(java.lang.Object, long) @bci=20, line=198 (Compiled frame)
 - java.util.concurrent.locks.AbstractQueuedSynchronizer$ConditionObject.awaitNanos(long) @bci=68, line=2025 (Compiled frame)
 - java.util.concurrent.DelayQueue.take() @bci=57, line=164 (Compiled frame)
 - java.util.concurrent.ScheduledThreadPoolExecutor$DelayedWorkQueue.take() @bci=4, line=609 (Compiled frame)
 - java.util.concurrent.ScheduledThreadPoolExecutor$DelayedWorkQueue.take() @bci=1, line=602 (Compiled frame)
 - java.util.concurrent.ThreadPoolExecutor.getTask() @bci=78, line=947 (Compiled frame)
 - java.util.concurrent.ThreadPoolExecutor$Worker.run() @bci=18, line=907 (Compiled frame)
 - java.lang.Thread.run() @bci=11, line=662 (Interpreted frame)


Thread 84776: (state = BLOCKED)
 - sun.misc.Unsafe.park(boolean, long) @bci=0 (Compiled frame; information may be imprecise)
 - java.util.concurrent.locks.LockSupport.parkNanos(java.lang.Object, long) @bci=20, line=198 (Compiled frame)
 - java.util.concurrent.locks.AbstractQueuedSynchronizer$ConditionObject.awaitNanos(long) @bci=68, line=2025 (Compiled frame)
 - java.util.concurrent.DelayQueue.take() @bci=57, line=164 (Compiled frame)
 - java.util.concurrent.ScheduledThreadPoolExecutor$DelayedWorkQueue.take() @bci=4, line=609 (Compiled frame)
 - java.util.concurrent.ScheduledThreadPoolExecutor$DelayedWorkQueue.take() @bci=1, line=602 (Compiled frame)
 - java.util.concurrent.ThreadPoolExecutor.getTask() @bci=78, line=947 (Compiled frame)
 - java.util.concurrent.ThreadPoolExecutor$Worker.run() @bci=18, line=907 (Compiled frame)
 - java.lang.Thread.run() @bci=11, line=662 (Interpreted frame)


Thread 84765: (state = BLOCKED)
 - sun.misc.Unsafe.park(boolean, long) @bci=0 (Compiled frame; information may be imprecise)
 - java.util.concurrent.locks.LockSupport.parkNanos(java.lang.Object, long) @bci=20, line=198 (Compiled frame)
 - java.util.concurrent.locks.AbstractQueuedSynchronizer$ConditionObject.awaitNanos(long) @bci=68, line=2025 (Compiled frame)
 - java.util.concurrent.DelayQueue.take() @bci=57, line=164 (Compiled frame)
 - java.util.concurrent.ScheduledThreadPoolExecutor$DelayedWorkQueue.take() @bci=4, line=609 (Compiled frame)
 - java.util.concurrent.ScheduledThreadPoolExecutor$DelayedWorkQueue.take() @bci=1, line=602 (Compiled frame)
 - java.util.concurrent.ThreadPoolExecutor.getTask() @bci=78, line=947 (Compiled frame)
 - java.util.concurrent.ThreadPoolExecutor$Worker.run() @bci=18, line=907 (Compiled frame)
 - java.lang.Thread.run() @bci=11, line=662 (Interpreted frame)


Thread 84764: (state = BLOCKED)
 - sun.misc.Unsafe.park(boolean, long) @bci=0 (Compiled frame; information may be imprecise)
 - java.util.concurrent.locks.LockSupport.parkNanos(java.lang.Object, long) @bci=20, line=198 (Compiled frame)
 - java.util.concurrent.locks.AbstractQueuedSynchronizer$ConditionObject.awaitNanos(long) @bci=68, line=2025 (Compiled frame)
 - java.util.concurrent.DelayQueue.take() @bci=57, line=164 (Compiled frame)
 - java.util.concurrent.ScheduledThreadPoolExecutor$DelayedWorkQueue.take() @bci=4, line=609 (Compiled frame)
 - java.util.concurrent.ScheduledThreadPoolExecutor$DelayedWorkQueue.take() @bci=1, line=602 (Compiled frame)
 - java.util.concurrent.ThreadPoolExecutor.getTask() @bci=78, line=947 (Compiled frame)
 - java.util.concurrent.ThreadPoolExecutor$Worker.run() @bci=18, line=907 (Compiled frame)
 - java.lang.Thread.run() @bci=11, line=662 (Interpreted frame)


Thread 84697: (state = BLOCKED)
 - sun.misc.Unsafe.park(boolean, long) @bci=0 (Compiled frame; information may be imprecise)
 - java.util.concurrent.locks.LockSupport.parkNanos(java.lang.Object, long) @bci=20, line=198 (Compiled frame)
 - java.util.concurrent.locks.AbstractQueuedSynchronizer$ConditionObject.awaitNanos(long) @bci=68, line=2025 (Compiled frame)
 - java.util.concurrent.DelayQueue.take() @bci=57, line=164 (Compiled frame)
 - java.util.concurrent.ScheduledThreadPoolExecutor$DelayedWorkQueue.take() @bci=4, line=609 (Compiled frame)
 - java.util.concurrent.ScheduledThreadPoolExecutor$DelayedWorkQueue.take() @bci=1, line=602 (Compiled frame)
 - java.util.concurrent.ThreadPoolExecutor.getTask() @bci=78, line=947 (Compiled frame)
 - java.util.concurrent.ThreadPoolExecutor$Worker.run() @bci=18, line=907 (Compiled frame)
 - java.lang.Thread.run() @bci=11, line=662 (Interpreted frame)


Thread 84696: (state = BLOCKED)
 - sun.misc.Unsafe.park(boolean, long) @bci=0 (Compiled frame; information may be imprecise)
 - java.util.concurrent.locks.LockSupport.parkNanos(java.lang.Object, long) @bci=20, line=198 (Compiled frame)
 - java.util.concurrent.locks.AbstractQueuedSynchronizer$ConditionObject.awaitNanos(long) @bci=68, line=2025 (Compiled frame)
 - java.util.concurrent.DelayQueue.take() @bci=57, line=164 (Compiled frame)
 - java.util.concurrent.ScheduledThreadPoolExecutor$DelayedWorkQueue.take() @bci=4, line=609 (Compiled frame)
 - java.util.concurrent.ScheduledThreadPoolExecutor$DelayedWorkQueue.take() @bci=1, line=602 (Compiled frame)
 - java.util.concurrent.ThreadPoolExecutor.getTask() @bci=78, line=947 (Compiled frame)
 - java.util.concurrent.ThreadPoolExecutor$Worker.run() @bci=18, line=907 (Compiled frame)
 - java.lang.Thread.run() @bci=11, line=662 (Interpreted frame)


Thread 84695: (state = BLOCKED)
 - java.lang.Object.wait(long) @bci=0 (Compiled frame; information may be imprecise)
 - java.util.TimerThread.mainLoop() @bci=201, line=509 (Compiled frame)
 - java.util.TimerThread.run() @bci=1, line=462 (Interpreted frame)


Thread 84694: (state = BLOCKED)
 - java.lang.Object.wait(long) @bci=0 (Compiled frame; information may be imprecise)
 - java.util.TimerThread.mainLoop() @bci=201, line=509 (Interpreted frame)
 - java.util.TimerThread.run() @bci=1, line=462 (Interpreted frame)


Thread 84693: (state = BLOCKED)
 - java.lang.Thread.sleep(long) @bci=0 (Compiled frame; information may be imprecise)
 - com.jd.ump.profiler.util.MessagesStore$WriteLog2File.run() @bci=58, line=83 (Compiled frame)
 - java.lang.Thread.run() @bci=11, line=662 (Interpreted frame)


Thread 84692: (state = BLOCKED)
 - java.lang.Thread.sleep(long) @bci=0 (Compiled frame; information may be imprecise)
 - com.jd.ump.profiler.util.MessagesStore$WriteLog2File.run() @bci=58, line=83 (Compiled frame)
 - java.lang.Thread.run() @bci=11, line=662 (Interpreted frame)


Thread 84691: (state = BLOCKED)
 - java.lang.Thread.sleep(long) @bci=0 (Compiled frame; information may be imprecise)
 - com.jd.ump.profiler.util.MessagesStore$WriteLog2File.run() @bci=58, line=83 (Compiled frame)
 - java.lang.Thread.run() @bci=11, line=662 (Interpreted frame)


Thread 84690: (state = BLOCKED)
 - java.lang.Thread.sleep(long) @bci=0 (Compiled frame; information may be imprecise)
 - com.jd.ump.profiler.util.MessagesStore$WriteLog2File.run() @bci=58, line=83 (Compiled frame)
 - java.lang.Thread.run() @bci=11, line=662 (Interpreted frame)


Thread 84689: (state = BLOCKED)
 - java.lang.Thread.sleep(long) @bci=0 (Compiled frame; information may be imprecise)
 - com.jd.ump.profiler.util.MessagesStore$WriteLog2File.run() @bci=58, line=83 (Compiled frame)
 - java.lang.Thread.run() @bci=11, line=662 (Interpreted frame)


Thread 84678: (state = BLOCKED)
 - java.lang.Thread.sleep(long) @bci=0 (Compiled frame; information may be imprecise)
 - com.jd.ump.profiler.util.MessagesStore$WriteLog2File.run() @bci=58, line=83 (Compiled frame)
 - java.lang.Thread.run() @bci=11, line=662 (Interpreted frame)


Thread 84677: (state = BLOCKED)
 - java.lang.Object.wait(long) @bci=0 (Compiled frame; information may be imprecise)
 - java.util.TimerThread.mainLoop() @bci=201, line=509 (Compiled frame)
 - java.util.TimerThread.run() @bci=1, line=462 (Interpreted frame)


Thread 84676: (state = BLOCKED)
 - java.lang.Object.wait(long) @bci=0 (Compiled frame; information may be imprecise)
 - java.util.TimerThread.mainLoop() @bci=201, line=509 (Compiled frame)
 - java.util.TimerThread.run() @bci=1, line=462 (Interpreted frame)


Thread 84675: (state = BLOCKED)
 - java.lang.Object.wait(long) @bci=0 (Compiled frame; information may be imprecise)
 - java.util.TimerThread.mainLoop() @bci=201, line=509 (Compiled frame)
 - java.util.TimerThread.run() @bci=1, line=462 (Interpreted frame)


Thread 84674: (state = BLOCKED)
 - sun.misc.Unsafe.park(boolean, long) @bci=0 (Compiled frame; information may be imprecise)
 - java.util.concurrent.locks.LockSupport.parkNanos(java.lang.Object, long) @bci=20, line=198 (Compiled frame)
 - java.util.concurrent.locks.AbstractQueuedSynchronizer$ConditionObject.awaitNanos(long) @bci=68, line=2025 (Compiled frame)
 - java.util.concurrent.DelayQueue.take() @bci=57, line=164 (Compiled frame)
 - java.util.concurrent.ScheduledThreadPoolExecutor$DelayedWorkQueue.take() @bci=4, line=609 (Compiled frame)
 - java.util.concurrent.ScheduledThreadPoolExecutor$DelayedWorkQueue.take() @bci=1, line=602 (Compiled frame)
 - java.util.concurrent.ThreadPoolExecutor.getTask() @bci=78, line=947 (Compiled frame)
 - java.util.concurrent.ThreadPoolExecutor$Worker.run() @bci=18, line=907 (Compiled frame)
 - java.lang.Thread.run() @bci=11, line=662 (Interpreted frame)


Thread 84673: (state = BLOCKED)
 - sun.misc.Unsafe.park(boolean, long) @bci=0 (Compiled frame; information may be imprecise)
 - java.util.concurrent.locks.LockSupport.parkNanos(java.lang.Object, long) @bci=20, line=198 (Compiled frame)
 - java.util.concurrent.locks.AbstractQueuedSynchronizer$ConditionObject.awaitNanos(long) @bci=68, line=2025 (Compiled frame)
 - java.util.concurrent.DelayQueue.take() @bci=57, line=164 (Compiled frame)
 - java.util.concurrent.ScheduledThreadPoolExecutor$DelayedWorkQueue.take() @bci=4, line=609 (Compiled frame)
 - java.util.concurrent.ScheduledThreadPoolExecutor$DelayedWorkQueue.take() @bci=1, line=602 (Compiled frame)
 - java.util.concurrent.ThreadPoolExecutor.getTask() @bci=78, line=947 (Compiled frame)
 - java.util.concurrent.ThreadPoolExecutor$Worker.run() @bci=18, line=907 (Compiled frame)
 - java.lang.Thread.run() @bci=11, line=662 (Interpreted frame)


Thread 84662: (state = BLOCKED)
 - sun.misc.Unsafe.park(boolean, long) @bci=0 (Compiled frame; information may be imprecise)
 - java.util.concurrent.locks.LockSupport.parkNanos(java.lang.Object, long) @bci=20, line=198 (Compiled frame)
 - java.util.concurrent.locks.AbstractQueuedSynchronizer$ConditionObject.awaitNanos(long) @bci=68, line=2025 (Compiled frame)
 - java.util.concurrent.DelayQueue.take() @bci=57, line=164 (Compiled frame)
 - java.util.concurrent.ScheduledThreadPoolExecutor$DelayedWorkQueue.take() @bci=4, line=609 (Compiled frame)
 - java.util.concurrent.ScheduledThreadPoolExecutor$DelayedWorkQueue.take() @bci=1, line=602 (Compiled frame)
 - java.util.concurrent.ThreadPoolExecutor.getTask() @bci=78, line=947 (Compiled frame)
 - java.util.concurrent.ThreadPoolExecutor$Worker.run() @bci=18, line=907 (Compiled frame)
 - java.lang.Thread.run() @bci=11, line=662 (Interpreted frame)


Thread 84661: (state = BLOCKED)
 - sun.misc.Unsafe.park(boolean, long) @bci=0 (Compiled frame; information may be imprecise)
 - java.util.concurrent.locks.LockSupport.parkNanos(java.lang.Object, long) @bci=20, line=198 (Compiled frame)
 - java.util.concurrent.locks.AbstractQueuedSynchronizer$ConditionObject.awaitNanos(long) @bci=68, line=2025 (Compiled frame)
 - java.util.concurrent.DelayQueue.take() @bci=57, line=164 (Compiled frame)
 - java.util.concurrent.ScheduledThreadPoolExecutor$DelayedWorkQueue.take() @bci=4, line=609 (Compiled frame)
 - java.util.concurrent.ScheduledThreadPoolExecutor$DelayedWorkQueue.take() @bci=1, line=602 (Compiled frame)
 - java.util.concurrent.ThreadPoolExecutor.getTask() @bci=78, line=947 (Compiled frame)
 - java.util.concurrent.ThreadPoolExecutor$Worker.run() @bci=18, line=907 (Compiled frame)
 - java.lang.Thread.run() @bci=11, line=662 (Interpreted frame)


Thread 84650: (state = BLOCKED)
 - sun.misc.Unsafe.park(boolean, long) @bci=0 (Compiled frame; information may be imprecise)
 - java.util.concurrent.locks.LockSupport.parkNanos(java.lang.Object, long) @bci=20, line=198 (Compiled frame)
 - java.util.concurrent.locks.AbstractQueuedSynchronizer$ConditionObject.awaitNanos(long) @bci=68, line=2025 (Compiled frame)
 - java.util.concurrent.DelayQueue.take() @bci=57, line=164 (Compiled frame)
 - java.util.concurrent.ScheduledThreadPoolExecutor$DelayedWorkQueue.take() @bci=4, line=609 (Compiled frame)
 - java.util.concurrent.ScheduledThreadPoolExecutor$DelayedWorkQueue.take() @bci=1, line=602 (Compiled frame)
 - java.util.concurrent.ThreadPoolExecutor.getTask() @bci=78, line=947 (Compiled frame)
 - java.util.concurrent.ThreadPoolExecutor$Worker.run() @bci=18, line=907 (Compiled frame)
 - java.lang.Thread.run() @bci=11, line=662 (Interpreted frame)


Thread 84649: (state = BLOCKED)
 - sun.misc.Unsafe.park(boolean, long) @bci=0 (Compiled frame; information may be imprecise)
 - java.util.concurrent.locks.LockSupport.parkNanos(java.lang.Object, long) @bci=20, line=198 (Compiled frame)
 - java.util.concurrent.locks.AbstractQueuedSynchronizer$ConditionObject.awaitNanos(long) @bci=68, line=2025 (Compiled frame)
 - java.util.concurrent.DelayQueue.take() @bci=57, line=164 (Compiled frame)
 - java.util.concurrent.ScheduledThreadPoolExecutor$DelayedWorkQueue.take() @bci=4, line=609 (Compiled frame)
 - java.util.concurrent.ScheduledThreadPoolExecutor$DelayedWorkQueue.take() @bci=1, line=602 (Compiled frame)
 - java.util.concurrent.ThreadPoolExecutor.getTask() @bci=78, line=947 (Compiled frame)
 - java.util.concurrent.ThreadPoolExecutor$Worker.run() @bci=18, line=907 (Compiled frame)
 - java.lang.Thread.run() @bci=11, line=662 (Interpreted frame)


Thread 84638: (state = BLOCKED)
 - sun.misc.Unsafe.park(boolean, long) @bci=0 (Compiled frame; information may be imprecise)
 - java.util.concurrent.locks.LockSupport.parkNanos(java.lang.Object, long) @bci=20, line=198 (Compiled frame)
 - java.util.concurrent.locks.AbstractQueuedSynchronizer$ConditionObject.awaitNanos(long) @bci=68, line=2025 (Compiled frame)
 - java.util.concurrent.DelayQueue.take() @bci=57, line=164 (Compiled frame)
 - java.util.concurrent.ScheduledThreadPoolExecutor$DelayedWorkQueue.take() @bci=4, line=609 (Compiled frame)
 - java.util.concurrent.ScheduledThreadPoolExecutor$DelayedWorkQueue.take() @bci=1, line=602 (Compiled frame)
 - java.util.concurrent.ThreadPoolExecutor.getTask() @bci=78, line=947 (Compiled frame)
 - java.util.concurrent.ThreadPoolExecutor$Worker.run() @bci=18, line=907 (Compiled frame)
 - java.lang.Thread.run() @bci=11, line=662 (Interpreted frame)


Thread 84637: (state = BLOCKED)
 - sun.misc.Unsafe.park(boolean, long) @bci=0 (Compiled frame; information may be imprecise)
 - java.util.concurrent.locks.LockSupport.parkNanos(java.lang.Object, long) @bci=20, line=198 (Compiled frame)
 - java.util.concurrent.locks.AbstractQueuedSynchronizer$ConditionObject.awaitNanos(long) @bci=68, line=2025 (Compiled frame)
 - java.util.concurrent.DelayQueue.take() @bci=57, line=164 (Compiled frame)
 - java.util.concurrent.ScheduledThreadPoolExecutor$DelayedWorkQueue.take() @bci=4, line=609 (Compiled frame)
 - java.util.concurrent.ScheduledThreadPoolExecutor$DelayedWorkQueue.take() @bci=1, line=602 (Compiled frame)
 - java.util.concurrent.ThreadPoolExecutor.getTask() @bci=78, line=947 (Compiled frame)
 - java.util.concurrent.ThreadPoolExecutor$Worker.run() @bci=18, line=907 (Compiled frame)
 - java.lang.Thread.run() @bci=11, line=662 (Interpreted frame)


Thread 84594: (state = BLOCKED)
 - sun.misc.Unsafe.park(boolean, long) @bci=0 (Compiled frame; information may be imprecise)
 - java.util.concurrent.locks.LockSupport.parkNanos(java.lang.Object, long) @bci=20, line=198 (Compiled frame)
 - java.util.concurrent.locks.AbstractQueuedSynchronizer$ConditionObject.awaitNanos(long) @bci=68, line=2025 (Compiled frame)
 - java.util.concurrent.DelayQueue.take() @bci=57, line=164 (Compiled frame)
 - java.util.concurrent.ScheduledThreadPoolExecutor$DelayedWorkQueue.take() @bci=4, line=609 (Compiled frame)
 - java.util.concurrent.ScheduledThreadPoolExecutor$DelayedWorkQueue.take() @bci=1, line=602 (Compiled frame)
 - java.util.concurrent.ThreadPoolExecutor.getTask() @bci=78, line=947 (Compiled frame)
 - java.util.concurrent.ThreadPoolExecutor$Worker.run() @bci=18, line=907 (Compiled frame)
 - java.lang.Thread.run() @bci=11, line=662 (Interpreted frame)


Thread 84593: (state = BLOCKED)
 - sun.misc.Unsafe.park(boolean, long) @bci=0 (Compiled frame; information may be imprecise)
 - java.util.concurrent.locks.LockSupport.parkNanos(java.lang.Object, long) @bci=20, line=198 (Compiled frame)
 - java.util.concurrent.locks.AbstractQueuedSynchronizer$ConditionObject.awaitNanos(long) @bci=68, line=2025 (Compiled frame)
 - java.util.concurrent.DelayQueue.take() @bci=57, line=164 (Compiled frame)
 - java.util.concurrent.ScheduledThreadPoolExecutor$DelayedWorkQueue.take() @bci=4, line=609 (Compiled frame)
 - java.util.concurrent.ScheduledThreadPoolExecutor$DelayedWorkQueue.take() @bci=1, line=602 (Compiled frame)
 - java.util.concurrent.ThreadPoolExecutor.getTask() @bci=78, line=947 (Compiled frame)
 - java.util.concurrent.ThreadPoolExecutor$Worker.run() @bci=18, line=907 (Compiled frame)
 - java.lang.Thread.run() @bci=11, line=662 (Interpreted frame)


Thread 84581: (state = BLOCKED)
 - sun.misc.Unsafe.park(boolean, long) @bci=0 (Compiled frame; information may be imprecise)
 - java.util.concurrent.locks.LockSupport.parkNanos(java.lang.Object, long) @bci=20, line=198 (Compiled frame)
 - java.util.concurrent.locks.AbstractQueuedSynchronizer$ConditionObject.awaitNanos(long) @bci=68, line=2025 (Compiled frame)
 - java.util.concurrent.DelayQueue.take() @bci=57, line=164 (Compiled frame)
 - java.util.concurrent.ScheduledThreadPoolExecutor$DelayedWorkQueue.take() @bci=4, line=609 (Compiled frame)
 - java.util.concurrent.ScheduledThreadPoolExecutor$DelayedWorkQueue.take() @bci=1, line=602 (Compiled frame)
 - java.util.concurrent.ThreadPoolExecutor.getTask() @bci=78, line=947 (Compiled frame)
 - java.util.concurrent.ThreadPoolExecutor$Worker.run() @bci=18, line=907 (Compiled frame)
 - java.lang.Thread.run() @bci=11, line=662 (Interpreted frame)


Thread 84580: (state = BLOCKED)
 - sun.misc.Unsafe.park(boolean, long) @bci=0 (Compiled frame; information may be imprecise)
 - java.util.concurrent.locks.LockSupport.parkNanos(java.lang.Object, long) @bci=20, line=198 (Compiled frame)
 - java.util.concurrent.locks.AbstractQueuedSynchronizer$ConditionObject.awaitNanos(long) @bci=68, line=2025 (Compiled frame)
 - java.util.concurrent.DelayQueue.take() @bci=57, line=164 (Compiled frame)
 - java.util.concurrent.ScheduledThreadPoolExecutor$DelayedWorkQueue.take() @bci=4, line=609 (Compiled frame)
 - java.util.concurrent.ScheduledThreadPoolExecutor$DelayedWorkQueue.take() @bci=1, line=602 (Compiled frame)
 - java.util.concurrent.ThreadPoolExecutor.getTask() @bci=78, line=947 (Compiled frame)
 - java.util.concurrent.ThreadPoolExecutor$Worker.run() @bci=18, line=907 (Compiled frame)
 - java.lang.Thread.run() @bci=11, line=662 (Interpreted frame)


Thread 84569: (state = BLOCKED)
 - sun.misc.Unsafe.park(boolean, long) @bci=0 (Compiled frame; information may be imprecise)
 - java.util.concurrent.locks.LockSupport.parkNanos(java.lang.Object, long) @bci=20, line=198 (Compiled frame)
 - java.util.concurrent.locks.AbstractQueuedSynchronizer$ConditionObject.awaitNanos(long) @bci=68, line=2025 (Compiled frame)
 - java.util.concurrent.DelayQueue.take() @bci=57, line=164 (Compiled frame)
 - java.util.concurrent.ScheduledThreadPoolExecutor$DelayedWorkQueue.take() @bci=4, line=609 (Compiled frame)
 - java.util.concurrent.ScheduledThreadPoolExecutor$DelayedWorkQueue.take() @bci=1, line=602 (Compiled frame)
 - java.util.concurrent.ThreadPoolExecutor.getTask() @bci=78, line=947 (Compiled frame)
 - java.util.concurrent.ThreadPoolExecutor$Worker.run() @bci=18, line=907 (Compiled frame)
 - java.lang.Thread.run() @bci=11, line=662 (Interpreted frame)


Thread 84568: (state = BLOCKED)
 - sun.misc.Unsafe.park(boolean, long) @bci=0 (Compiled frame; information may be imprecise)
 - java.util.concurrent.locks.LockSupport.parkNanos(java.lang.Object, long) @bci=20, line=198 (Compiled frame)
 - java.util.concurrent.locks.AbstractQueuedSynchronizer$ConditionObject.awaitNanos(long) @bci=68, line=2025 (Compiled frame)
 - java.util.concurrent.DelayQueue.take() @bci=57, line=164 (Compiled frame)
 - java.util.concurrent.ScheduledThreadPoolExecutor$DelayedWorkQueue.take() @bci=4, line=609 (Compiled frame)
 - java.util.concurrent.ScheduledThreadPoolExecutor$DelayedWorkQueue.take() @bci=1, line=602 (Compiled frame)
 - java.util.concurrent.ThreadPoolExecutor.getTask() @bci=78, line=947 (Compiled frame)
 - java.util.concurrent.ThreadPoolExecutor$Worker.run() @bci=18, line=907 (Compiled frame)
 - java.lang.Thread.run() @bci=11, line=662 (Interpreted frame)


Thread 84567: (state = IN_NATIVE)
 - sun.nio.ch.EPollArrayWrapper.epollWait(long, int, long, int) @bci=0 (Compiled frame; information may be imprecise)
 - sun.nio.ch.EPollArrayWrapper.poll(long) @bci=18, line=210 (Compiled frame)
 - sun.nio.ch.EPollSelectorImpl.doSelect(long) @bci=28, line=65 (Compiled frame)
 - sun.nio.ch.SelectorImpl.lockAndDoSelect(long) @bci=37, line=69 (Compiled frame)
 - sun.nio.ch.SelectorImpl.select(long) @bci=30, line=80 (Compiled frame)
 - io.netty.channel.nio.NioEventLoop.select(boolean) @bci=62, line=622 (Compiled frame)
 - io.netty.channel.nio.NioEventLoop.run() @bci=25, line=310 (Compiled frame)
 - io.netty.util.concurrent.SingleThreadEventExecutor$2.run() @bci=13, line=116 (Interpreted frame)
 - java.lang.Thread.run() @bci=11, line=662 (Interpreted frame)


Thread 84565: (state = IN_NATIVE)
 - sun.nio.ch.EPollArrayWrapper.epollWait(long, int, long, int) @bci=0 (Compiled frame; information may be imprecise)
 - sun.nio.ch.EPollArrayWrapper.poll(long) @bci=18, line=210 (Compiled frame)
 - sun.nio.ch.EPollSelectorImpl.doSelect(long) @bci=28, line=65 (Compiled frame)
 - sun.nio.ch.SelectorImpl.lockAndDoSelect(long) @bci=37, line=69 (Compiled frame)
 - sun.nio.ch.SelectorImpl.select(long) @bci=30, line=80 (Compiled frame)
 - io.netty.channel.nio.NioEventLoop.select(boolean) @bci=62, line=622 (Compiled frame)
 - io.netty.channel.nio.NioEventLoop.run() @bci=25, line=310 (Compiled frame)
 - io.netty.util.concurrent.SingleThreadEventExecutor$2.run() @bci=13, line=116 (Interpreted frame)
 - java.lang.Thread.run() @bci=11, line=662 (Interpreted frame)


Thread 84564: (state = IN_NATIVE)
 - sun.nio.ch.EPollArrayWrapper.epollWait(long, int, long, int) @bci=0 (Compiled frame; information may be imprecise)
 - sun.nio.ch.EPollArrayWrapper.poll(long) @bci=18, line=210 (Compiled frame)
 - sun.nio.ch.EPollSelectorImpl.doSelect(long) @bci=28, line=65 (Compiled frame)
 - sun.nio.ch.SelectorImpl.lockAndDoSelect(long) @bci=37, line=69 (Compiled frame)
 - sun.nio.ch.SelectorImpl.select(long) @bci=30, line=80 (Compiled frame)
 - io.netty.channel.nio.NioEventLoop.select(boolean) @bci=62, line=622 (Compiled frame)
 - io.netty.channel.nio.NioEventLoop.run() @bci=25, line=310 (Compiled frame)
 - io.netty.util.concurrent.SingleThreadEventExecutor$2.run() @bci=13, line=116 (Interpreted frame)
 - java.lang.Thread.run() @bci=11, line=662 (Interpreted frame)


Thread 84562: (state = IN_NATIVE)
 - sun.nio.ch.EPollArrayWrapper.epollWait(long, int, long, int) @bci=0 (Compiled frame; information may be imprecise)
 - sun.nio.ch.EPollArrayWrapper.poll(long) @bci=18, line=210 (Compiled frame)
 - sun.nio.ch.EPollSelectorImpl.doSelect(long) @bci=28, line=65 (Compiled frame)
 - sun.nio.ch.SelectorImpl.lockAndDoSelect(long) @bci=37, line=69 (Compiled frame)
 - sun.nio.ch.SelectorImpl.select(long) @bci=30, line=80 (Compiled frame)
 - io.netty.channel.nio.NioEventLoop.select(boolean) @bci=62, line=622 (Compiled frame)
 - io.netty.channel.nio.NioEventLoop.run() @bci=25, line=310 (Compiled frame)
 - io.netty.util.concurrent.SingleThreadEventExecutor$2.run() @bci=13, line=116 (Interpreted frame)
 - java.lang.Thread.run() @bci=11, line=662 (Interpreted frame)


Thread 84558: (state = IN_NATIVE)
 - sun.nio.ch.EPollArrayWrapper.epollWait(long, int, long, int) @bci=0 (Compiled frame; information may be imprecise)
 - sun.nio.ch.EPollArrayWrapper.poll(long) @bci=18, line=210 (Compiled frame)
 - sun.nio.ch.EPollSelectorImpl.doSelect(long) @bci=28, line=65 (Compiled frame)
 - sun.nio.ch.SelectorImpl.lockAndDoSelect(long) @bci=37, line=69 (Compiled frame)
 - sun.nio.ch.SelectorImpl.select(long) @bci=30, line=80 (Compiled frame)
 - io.netty.channel.nio.NioEventLoop.select(boolean) @bci=62, line=622 (Compiled frame)
 - io.netty.channel.nio.NioEventLoop.run() @bci=25, line=310 (Compiled frame)
 - io.netty.util.concurrent.SingleThreadEventExecutor$2.run() @bci=13, line=116 (Interpreted frame)
 - java.lang.Thread.run() @bci=11, line=662 (Interpreted frame)


Thread 84556: (state = IN_NATIVE)
 - sun.nio.ch.EPollArrayWrapper.epollWait(long, int, long, int) @bci=0 (Compiled frame; information may be imprecise)
 - sun.nio.ch.EPollArrayWrapper.poll(long) @bci=18, line=210 (Compiled frame)
 - sun.nio.ch.EPollSelectorImpl.doSelect(long) @bci=28, line=65 (Compiled frame)
 - sun.nio.ch.SelectorImpl.lockAndDoSelect(long) @bci=37, line=69 (Compiled frame)
 - sun.nio.ch.SelectorImpl.select(long) @bci=30, line=80 (Compiled frame)
 - io.netty.channel.nio.NioEventLoop.select(boolean) @bci=62, line=622 (Compiled frame)
 - io.netty.channel.nio.NioEventLoop.run() @bci=25, line=310 (Compiled frame)
 - io.netty.util.concurrent.SingleThreadEventExecutor$2.run() @bci=13, line=116 (Interpreted frame)
 - java.lang.Thread.run() @bci=11, line=662 (Interpreted frame)


Thread 84554: (state = IN_NATIVE)
 - sun.nio.ch.EPollArrayWrapper.epollWait(long, int, long, int) @bci=0 (Compiled frame; information may be imprecise)
 - sun.nio.ch.EPollArrayWrapper.poll(long) @bci=18, line=210 (Compiled frame)
 - sun.nio.ch.EPollSelectorImpl.doSelect(long) @bci=28, line=65 (Compiled frame)
 - sun.nio.ch.SelectorImpl.lockAndDoSelect(long) @bci=37, line=69 (Compiled frame)
 - sun.nio.ch.SelectorImpl.select(long) @bci=30, line=80 (Compiled frame)
 - io.netty.channel.nio.NioEventLoop.select(boolean) @bci=62, line=622 (Compiled frame)
 - io.netty.channel.nio.NioEventLoop.run() @bci=25, line=310 (Compiled frame)
 - io.netty.util.concurrent.SingleThreadEventExecutor$2.run() @bci=13, line=116 (Interpreted frame)
 - java.lang.Thread.run() @bci=11, line=662 (Interpreted frame)


Thread 84552: (state = IN_NATIVE)
 - sun.nio.ch.EPollArrayWrapper.epollWait(long, int, long, int) @bci=0 (Compiled frame; information may be imprecise)
 - sun.nio.ch.EPollArrayWrapper.poll(long) @bci=18, line=210 (Compiled frame)
 - sun.nio.ch.EPollSelectorImpl.doSelect(long) @bci=28, line=65 (Compiled frame)
 - sun.nio.ch.SelectorImpl.lockAndDoSelect(long) @bci=37, line=69 (Compiled frame)
 - sun.nio.ch.SelectorImpl.select(long) @bci=30, line=80 (Compiled frame)
 - io.netty.channel.nio.NioEventLoop.select(boolean) @bci=62, line=622 (Compiled frame)
 - io.netty.channel.nio.NioEventLoop.run() @bci=25, line=310 (Compiled frame)
 - io.netty.util.concurrent.SingleThreadEventExecutor$2.run() @bci=13, line=116 (Interpreted frame)
 - java.lang.Thread.run() @bci=11, line=662 (Interpreted frame)


Thread 84549: (state = BLOCKED)
 - sun.misc.Unsafe.park(boolean, long) @bci=0 (Compiled frame; information may be imprecise)
 - java.util.concurrent.locks.LockSupport.parkNanos(java.lang.Object, long) @bci=20, line=198 (Compiled frame)
 - java.util.concurrent.locks.AbstractQueuedSynchronizer$ConditionObject.awaitNanos(long) @bci=68, line=2025 (Compiled frame)
 - java.util.concurrent.DelayQueue.take() @bci=57, line=164 (Compiled frame)
 - java.util.concurrent.ScheduledThreadPoolExecutor$DelayedWorkQueue.take() @bci=4, line=609 (Compiled frame)
 - java.util.concurrent.ScheduledThreadPoolExecutor$DelayedWorkQueue.take() @bci=1, line=602 (Compiled frame)
 - java.util.concurrent.ThreadPoolExecutor.getTask() @bci=78, line=947 (Compiled frame)
 - java.util.concurrent.ThreadPoolExecutor$Worker.run() @bci=18, line=907 (Compiled frame)
 - java.lang.Thread.run() @bci=11, line=662 (Interpreted frame)


Thread 84548: (state = BLOCKED)
 - sun.misc.Unsafe.park(boolean, long) @bci=0 (Compiled frame; information may be imprecise)
 - java.util.concurrent.locks.LockSupport.parkNanos(java.lang.Object, long) @bci=20, line=198 (Compiled frame)
 - java.util.concurrent.locks.AbstractQueuedSynchronizer$ConditionObject.awaitNanos(long) @bci=68, line=2025 (Compiled frame)
 - java.util.concurrent.DelayQueue.take() @bci=57, line=164 (Compiled frame)
 - java.util.concurrent.ScheduledThreadPoolExecutor$DelayedWorkQueue.take() @bci=4, line=609 (Compiled frame)
 - java.util.concurrent.ScheduledThreadPoolExecutor$DelayedWorkQueue.take() @bci=1, line=602 (Compiled frame)
 - java.util.concurrent.ThreadPoolExecutor.getTask() @bci=78, line=947 (Compiled frame)
 - java.util.concurrent.ThreadPoolExecutor$Worker.run() @bci=18, line=907 (Compiled frame)
 - java.lang.Thread.run() @bci=11, line=662 (Interpreted frame)


Thread 84547: (state = BLOCKED)
 - sun.misc.Unsafe.park(boolean, long) @bci=0 (Compiled frame; information may be imprecise)
 - java.util.concurrent.locks.LockSupport.park(java.lang.Object) @bci=14, line=158 (Compiled frame)
 - java.util.concurrent.locks.AbstractQueuedSynchronizer$ConditionObject.await() @bci=42, line=1987 (Compiled frame)
 - com.jd.jsf.gd.util.ringbuf.RingBuffer.waitData(long) @bci=27, line=211 (Compiled frame)
 - com.jd.jsf.gd.util.ringbuf.RingBuffer.get(int, int) @bci=30, line=126 (Compiled frame)
 - com.jd.jsf.gd.util.ringbuf.RingBufferService$DispatchTask.run() @bci=30, line=195 (Compiled frame)
 - java.lang.Thread.run() @bci=11, line=662 (Interpreted frame)


Thread 84546: (state = BLOCKED)
 - sun.misc.Unsafe.park(boolean, long) @bci=0 (Compiled frame; information may be imprecise)
 - java.util.concurrent.locks.LockSupport.parkNanos(java.lang.Object, long) @bci=20, line=198 (Compiled frame)
 - java.util.concurrent.locks.AbstractQueuedSynchronizer$ConditionObject.awaitNanos(long) @bci=68, line=2025 (Compiled frame)
 - java.util.concurrent.DelayQueue.take() @bci=57, line=164 (Compiled frame)
 - java.util.concurrent.ScheduledThreadPoolExecutor$DelayedWorkQueue.take() @bci=4, line=609 (Compiled frame)
 - java.util.concurrent.ScheduledThreadPoolExecutor$DelayedWorkQueue.take() @bci=1, line=602 (Compiled frame)
 - java.util.concurrent.ThreadPoolExecutor.getTask() @bci=78, line=947 (Compiled frame)
 - java.util.concurrent.ThreadPoolExecutor$Worker.run() @bci=18, line=907 (Compiled frame)
 - java.lang.Thread.run() @bci=11, line=662 (Interpreted frame)


Thread 84545: (state = IN_NATIVE)
 - sun.nio.ch.EPollArrayWrapper.epollWait(long, int, long, int) @bci=0 (Compiled frame; information may be imprecise)
 - sun.nio.ch.EPollArrayWrapper.poll(long) @bci=18, line=210 (Compiled frame)
 - sun.nio.ch.EPollSelectorImpl.doSelect(long) @bci=28, line=65 (Compiled frame)
 - sun.nio.ch.SelectorImpl.lockAndDoSelect(long) @bci=37, line=69 (Compiled frame)
 - sun.nio.ch.SelectorImpl.select(long) @bci=30, line=80 (Compiled frame)
 - io.netty.channel.nio.NioEventLoop.select(boolean) @bci=62, line=622 (Compiled frame)
 - io.netty.channel.nio.NioEventLoop.run() @bci=25, line=310 (Compiled frame)
 - io.netty.util.concurrent.SingleThreadEventExecutor$2.run() @bci=13, line=116 (Interpreted frame)
 - java.lang.Thread.run() @bci=11, line=662 (Interpreted frame)


Thread 84540: (state = BLOCKED)
 - sun.misc.Unsafe.park(boolean, long) @bci=0 (Compiled frame; information may be imprecise)
 - java.util.concurrent.locks.LockSupport.parkNanos(java.lang.Object, long) @bci=20, line=198 (Compiled frame)
 - java.util.concurrent.locks.AbstractQueuedSynchronizer$ConditionObject.awaitNanos(long) @bci=68, line=2025 (Compiled frame)
 - java.util.concurrent.DelayQueue.take() @bci=57, line=164 (Compiled frame)
 - java.util.concurrent.ScheduledThreadPoolExecutor$DelayedWorkQueue.take() @bci=4, line=609 (Compiled frame)
 - java.util.concurrent.ScheduledThreadPoolExecutor$DelayedWorkQueue.take() @bci=1, line=602 (Compiled frame)
 - java.util.concurrent.ThreadPoolExecutor.getTask() @bci=78, line=947 (Compiled frame)
 - java.util.concurrent.ThreadPoolExecutor$Worker.run() @bci=18, line=907 (Compiled frame)
 - java.lang.Thread.run() @bci=11, line=662 (Interpreted frame)


Thread 84539: (state = BLOCKED)
 - sun.misc.Unsafe.park(boolean, long) @bci=0 (Compiled frame; information may be imprecise)
 - java.util.concurrent.locks.LockSupport.parkNanos(java.lang.Object, long) @bci=20, line=198 (Compiled frame)
 - java.util.concurrent.locks.AbstractQueuedSynchronizer$ConditionObject.awaitNanos(long) @bci=68, line=2025 (Compiled frame)
 - java.util.concurrent.DelayQueue.take() @bci=57, line=164 (Compiled frame)
 - java.util.concurrent.ScheduledThreadPoolExecutor$DelayedWorkQueue.take() @bci=4, line=609 (Compiled frame)
 - java.util.concurrent.ScheduledThreadPoolExecutor$DelayedWorkQueue.take() @bci=1, line=602 (Compiled frame)
 - java.util.concurrent.ThreadPoolExecutor.getTask() @bci=78, line=947 (Compiled frame)
 - java.util.concurrent.ThreadPoolExecutor$Worker.run() @bci=18, line=907 (Compiled frame)
 - java.lang.Thread.run() @bci=11, line=662 (Interpreted frame)


Thread 84538: (state = BLOCKED)
 - sun.misc.Unsafe.park(boolean, long) @bci=0 (Compiled frame; information may be imprecise)
 - java.util.concurrent.locks.LockSupport.parkNanos(java.lang.Object, long) @bci=20, line=198 (Compiled frame)
 - java.util.concurrent.locks.AbstractQueuedSynchronizer$ConditionObject.awaitNanos(long) @bci=68, line=2025 (Compiled frame)
 - java.util.concurrent.DelayQueue.take() @bci=57, line=164 (Compiled frame)
 - java.util.concurrent.ScheduledThreadPoolExecutor$DelayedWorkQueue.take() @bci=4, line=609 (Compiled frame)
 - java.util.concurrent.ScheduledThreadPoolExecutor$DelayedWorkQueue.take() @bci=1, line=602 (Compiled frame)
 - java.util.concurrent.ThreadPoolExecutor.getTask() @bci=78, line=947 (Compiled frame)
 - java.util.concurrent.ThreadPoolExecutor$Worker.run() @bci=18, line=907 (Compiled frame)
 - java.lang.Thread.run() @bci=11, line=662 (Interpreted frame)


Thread 84537: (state = BLOCKED)
 - sun.misc.Unsafe.park(boolean, long) @bci=0 (Compiled frame; information may be imprecise)
 - java.util.concurrent.locks.LockSupport.parkNanos(java.lang.Object, long) @bci=20, line=198 (Compiled frame)
 - java.util.concurrent.locks.AbstractQueuedSynchronizer$ConditionObject.awaitNanos(long) @bci=68, line=2025 (Compiled frame)
 - java.util.concurrent.DelayQueue.take() @bci=57, line=164 (Compiled frame)
 - java.util.concurrent.ScheduledThreadPoolExecutor$DelayedWorkQueue.take() @bci=4, line=609 (Compiled frame)
 - java.util.concurrent.ScheduledThreadPoolExecutor$DelayedWorkQueue.take() @bci=1, line=602 (Compiled frame)
 - java.util.concurrent.ThreadPoolExecutor.getTask() @bci=78, line=947 (Compiled frame)
 - java.util.concurrent.ThreadPoolExecutor$Worker.run() @bci=18, line=907 (Compiled frame)
 - java.lang.Thread.run() @bci=11, line=662 (Interpreted frame)


Thread 84536: (state = BLOCKED)
 - java.lang.Object.wait(long) @bci=0 (Interpreted frame)
 - java.lang.ref.ReferenceQueue.remove(long) @bci=44, line=118 (Interpreted frame)
 - java.lang.ref.ReferenceQueue.remove() @bci=2, line=134 (Interpreted frame)
 - org.apache.commons.httpclient.MultiThreadedHttpConnectionManager$ReferenceQueueThread.run() @bci=10, line=1122 (Interpreted frame)


Thread 84535: (state = BLOCKED)
 - java.lang.Thread.sleep(long) @bci=0 (Compiled frame; information may be imprecise)
 - com.jd.order.purchase.config.client.xmlext.service.impl.XmlConfigServiceImpl.refreshConfigs() @bci=584, line=245 (Compiled frame)
 - com.jd.order.purchase.config.client.xmlext.service.impl.XmlConfigServiceImpl.access$100(com.jd.order.purchase.config.client.xmlext.service.impl.XmlConfigServiceImpl) @bci=1, line=40 (Interpreted frame)
 - com.jd.order.purchase.config.client.xmlext.service.impl.XmlConfigServiceImpl$1.run() @bci=15, line=106 (Interpreted frame)
 - java.lang.Thread.run() @bci=11, line=662 (Interpreted frame)


Thread 84534: (state = BLOCKED)
 - java.lang.Object.wait(long) @bci=0 (Compiled frame; information may be imprecise)
 - sun.misc.GC$Daemon.run() @bci=51, line=100 (Interpreted frame)


Thread 84528: (state = BLOCKED)


Thread 84527: (state = BLOCKED)
 - java.lang.Object.wait(long) @bci=0 (Compiled frame; information may be imprecise)
 - java.lang.ref.ReferenceQueue.remove(long) @bci=44, line=118 (Interpreted frame)
 - java.lang.ref.ReferenceQueue.remove() @bci=2, line=134 (Compiled frame)
 - java.lang.ref.Finalizer$FinalizerThread.run() @bci=3, line=159 (Compiled frame)


Thread 84526: (state = BLOCKED)
 - java.lang.Object.wait(long) @bci=0 (Compiled frame; information may be imprecise)
 - java.lang.Object.wait() @bci=2, line=485 (Compiled frame)
 - java.lang.ref.Reference$ReferenceHandler.run() @bci=46, line=116 (Compiled frame)


Thread 84506: (state = IN_NATIVE)
 - java.net.PlainSocketImpl.socketAccept(java.net.SocketImpl) @bci=0 (Interpreted frame)
 - java.net.PlainSocketImpl.accept(java.net.SocketImpl) @bci=7, line=408 (Interpreted frame)
 - java.net.ServerSocket.implAccept(java.net.Socket) @bci=60, line=462 (Interpreted frame)
 - java.net.ServerSocket.accept() @bci=48, line=430 (Interpreted frame)
 - org.apache.catalina.core.StandardServer.await() @bci=164, line=431 (Interpreted frame)
 - org.apache.catalina.startup.Catalina.await() @bci=4, line=676 (Interpreted frame)
 - org.apache.catalina.startup.Catalina.start() @bci=194, line=628 (Interpreted frame)
 - sun.reflect.NativeMethodAccessorImpl.invoke0(java.lang.reflect.Method, java.lang.Object, java.lang.Object[]) @bci=0 (Interpreted frame)
 - sun.reflect.NativeMethodAccessorImpl.invoke(java.lang.Object, java.lang.Object[]) @bci=87, line=39 (Interpreted frame)
 - sun.reflect.DelegatingMethodAccessorImpl.invoke(java.lang.Object, java.lang.Object[]) @bci=6, line=25 (Interpreted frame)
 - java.lang.reflect.Method.invoke(java.lang.Object, java.lang.Object[]) @bci=161, line=597 (Interpreted frame)
 - org.apache.catalina.startup.Bootstrap.start() @bci=37, line=289 (Interpreted frame)
 - org.apache.catalina.startup.Bootstrap.main(java.lang.String[]) @bci=131, line=414 (Interpreted frame)


