PROCESS PATH：/export/Domains/payship.sdk.jd.local/server1
DATETIME: 2017-03-07 12:07:37
EXECUTE COMMAND：/export/servers/jdk1.6.0_25/bin/jstack -F 229580
Deadlock Detection:

No deadlocks found.

Thread 208218: (state = BLOCKED)
 - sun.misc.Unsafe.park(boolean, long) @bci=0 (Compiled frame; information may be imprecise)
 - java.util.concurrent.locks.LockSupport.park(java.lang.Object) @bci=14, line=158 (Compiled frame)
 - java.util.concurrent.locks.AbstractQueuedSynchronizer$ConditionObject.await() @bci=42, line=1987 (Compiled frame)
 - java.util.concurrent.LinkedBlockingQueue.take() @bci=29, line=399 (Interpreted frame)
 - java.util.concurrent.ThreadPoolExecutor.getTask() @bci=78, line=947 (Interpreted frame)
 - java.util.concurrent.ThreadPoolExecutor$Worker.run() @bci=18, line=907 (Interpreted frame)
 - java.lang.Thread.run() @bci=11, line=662 (Interpreted frame)


Thread 194022: (state = BLOCKED)
 - sun.misc.Unsafe.park(boolean, long) @bci=0 (Compiled frame; information may be imprecise)
 - java.util.concurrent.locks.LockSupport.park(java.lang.Object) @bci=14, line=158 (Compiled frame)
 - java.util.concurrent.SynchronousQueue$TransferStack.awaitFulfill(java.util.concurrent.SynchronousQueue$TransferStack$SNode, boolean, long) @bci=158, line=422 (Compiled frame)
 - java.util.concurrent.SynchronousQueue$TransferStack.transfer(java.lang.Object, boolean, long) @bci=102, line=323 (Compiled frame)
 - java.util.concurrent.SynchronousQueue.take() @bci=7, line=857 (Compiled frame)
 - java.util.concurrent.ThreadPoolExecutor.getTask() @bci=78, line=947 (Compiled frame)
 - java.util.concurrent.ThreadPoolExecutor$Worker.run() @bci=18, line=907 (Compiled frame)
 - java.lang.Thread.run() @bci=11, line=662 (Interpreted frame)


Thread 194021: (state = BLOCKED)
 - sun.misc.Unsafe.park(boolean, long) @bci=0 (Compiled frame; information may be imprecise)
 - java.util.concurrent.locks.LockSupport.park(java.lang.Object) @bci=14, line=158 (Compiled frame)
 - java.util.concurrent.SynchronousQueue$TransferStack.awaitFulfill(java.util.concurrent.SynchronousQueue$TransferStack$SNode, boolean, long) @bci=158, line=422 (Compiled frame)
 - java.util.concurrent.SynchronousQueue$TransferStack.transfer(java.lang.Object, boolean, long) @bci=102, line=323 (Compiled frame)
 - java.util.concurrent.SynchronousQueue.take() @bci=7, line=857 (Compiled frame)
 - java.util.concurrent.ThreadPoolExecutor.getTask() @bci=78, line=947 (Compiled frame)
 - java.util.concurrent.ThreadPoolExecutor$Worker.run() @bci=18, line=907 (Compiled frame)
 - java.lang.Thread.run() @bci=11, line=662 (Interpreted frame)


Thread 193921: (state = BLOCKED)
 - sun.misc.Unsafe.park(boolean, long) @bci=0 (Compiled frame; information may be imprecise)
 - java.util.concurrent.locks.LockSupport.park(java.lang.Object) @bci=14, line=158 (Compiled frame)
 - java.util.concurrent.SynchronousQueue$TransferStack.awaitFulfill(java.util.concurrent.SynchronousQueue$TransferStack$SNode, boolean, long) @bci=158, line=422 (Compiled frame)
 - java.util.concurrent.SynchronousQueue$TransferStack.transfer(java.lang.Object, boolean, long) @bci=102, line=323 (Compiled frame)
 - java.util.concurrent.SynchronousQueue.take() @bci=7, line=857 (Compiled frame)
 - java.util.concurrent.ThreadPoolExecutor.getTask() @bci=78, line=947 (Compiled frame)
 - java.util.concurrent.ThreadPoolExecutor$Worker.run() @bci=18, line=907 (Compiled frame)
 - java.lang.Thread.run() @bci=11, line=662 (Interpreted frame)


Thread 193920: (state = BLOCKED)
 - sun.misc.Unsafe.park(boolean, long) @bci=0 (Compiled frame; information may be imprecise)
 - java.util.concurrent.locks.LockSupport.park(java.lang.Object) @bci=14, line=158 (Compiled frame)
 - java.util.concurrent.SynchronousQueue$TransferStack.awaitFulfill(java.util.concurrent.SynchronousQueue$TransferStack$SNode, boolean, long) @bci=158, line=422 (Compiled frame)
 - java.util.concurrent.SynchronousQueue$TransferStack.transfer(java.lang.Object, boolean, long) @bci=102, line=323 (Compiled frame)
 - java.util.concurrent.SynchronousQueue.take() @bci=7, line=857 (Compiled frame)
 - java.util.concurrent.ThreadPoolExecutor.getTask() @bci=78, line=947 (Compiled frame)
 - java.util.concurrent.ThreadPoolExecutor$Worker.run() @bci=18, line=907 (Compiled frame)
 - java.lang.Thread.run() @bci=11, line=662 (Interpreted frame)


Thread 193868: (state = BLOCKED)
 - sun.misc.Unsafe.park(boolean, long) @bci=0 (Compiled frame; information may be imprecise)
 - java.util.concurrent.locks.LockSupport.park(java.lang.Object) @bci=14, line=158 (Compiled frame)
 - java.util.concurrent.SynchronousQueue$TransferStack.awaitFulfill(java.util.concurrent.SynchronousQueue$TransferStack$SNode, boolean, long) @bci=158, line=422 (Compiled frame)
 - java.util.concurrent.SynchronousQueue$TransferStack.transfer(java.lang.Object, boolean, long) @bci=102, line=323 (Compiled frame)
 - java.util.concurrent.SynchronousQueue.take() @bci=7, line=857 (Compiled frame)
 - java.util.concurrent.ThreadPoolExecutor.getTask() @bci=78, line=947 (Compiled frame)
 - java.util.concurrent.ThreadPoolExecutor$Worker.run() @bci=18, line=907 (Compiled frame)
 - java.lang.Thread.run() @bci=11, line=662 (Interpreted frame)


Thread 193867: (state = BLOCKED)
 - sun.misc.Unsafe.park(boolean, long) @bci=0 (Compiled frame; information may be imprecise)
 - java.util.concurrent.locks.LockSupport.park(java.lang.Object) @bci=14, line=158 (Compiled frame)
 - java.util.concurrent.SynchronousQueue$TransferStack.awaitFulfill(java.util.concurrent.SynchronousQueue$TransferStack$SNode, boolean, long) @bci=158, line=422 (Compiled frame)
 - java.util.concurrent.SynchronousQueue$TransferStack.transfer(java.lang.Object, boolean, long) @bci=102, line=323 (Compiled frame)
 - java.util.concurrent.SynchronousQueue.take() @bci=7, line=857 (Compiled frame)
 - java.util.concurrent.ThreadPoolExecutor.getTask() @bci=78, line=947 (Compiled frame)
 - java.util.concurrent.ThreadPoolExecutor$Worker.run() @bci=18, line=907 (Compiled frame)
 - java.lang.Thread.run() @bci=11, line=662 (Interpreted frame)


Thread 193866: (state = BLOCKED)
 - sun.misc.Unsafe.park(boolean, long) @bci=0 (Compiled frame; information may be imprecise)
 - java.util.concurrent.locks.LockSupport.park(java.lang.Object) @bci=14, line=158 (Compiled frame)
 - java.util.concurrent.SynchronousQueue$TransferStack.awaitFulfill(java.util.concurrent.SynchronousQueue$TransferStack$SNode, boolean, long) @bci=158, line=422 (Compiled frame)
 - java.util.concurrent.SynchronousQueue$TransferStack.transfer(java.lang.Object, boolean, long) @bci=102, line=323 (Compiled frame)
 - java.util.concurrent.SynchronousQueue.take() @bci=7, line=857 (Compiled frame)
 - java.util.concurrent.ThreadPoolExecutor.getTask() @bci=78, line=947 (Compiled frame)
 - java.util.concurrent.ThreadPoolExecutor$Worker.run() @bci=18, line=907 (Compiled frame)
 - java.lang.Thread.run() @bci=11, line=662 (Interpreted frame)


Thread 193865: (state = BLOCKED)
 - sun.misc.Unsafe.park(boolean, long) @bci=0 (Compiled frame; information may be imprecise)
 - java.util.concurrent.locks.LockSupport.park(java.lang.Object) @bci=14, line=158 (Compiled frame)
 - java.util.concurrent.SynchronousQueue$TransferStack.awaitFulfill(java.util.concurrent.SynchronousQueue$TransferStack$SNode, boolean, long) @bci=158, line=422 (Compiled frame)
 - java.util.concurrent.SynchronousQueue$TransferStack.transfer(java.lang.Object, boolean, long) @bci=102, line=323 (Compiled frame)
 - java.util.concurrent.SynchronousQueue.take() @bci=7, line=857 (Compiled frame)
 - java.util.concurrent.ThreadPoolExecutor.getTask() @bci=78, line=947 (Compiled frame)
 - java.util.concurrent.ThreadPoolExecutor$Worker.run() @bci=18, line=907 (Compiled frame)
 - java.lang.Thread.run() @bci=11, line=662 (Interpreted frame)


Thread 193864: (state = BLOCKED)
 - sun.misc.Unsafe.park(boolean, long) @bci=0 (Compiled frame; information may be imprecise)
 - java.util.concurrent.locks.LockSupport.park(java.lang.Object) @bci=14, line=158 (Compiled frame)
 - java.util.concurrent.SynchronousQueue$TransferStack.awaitFulfill(java.util.concurrent.SynchronousQueue$TransferStack$SNode, boolean, long) @bci=158, line=422 (Compiled frame)
 - java.util.concurrent.SynchronousQueue$TransferStack.transfer(java.lang.Object, boolean, long) @bci=102, line=323 (Compiled frame)
 - java.util.concurrent.SynchronousQueue.take() @bci=7, line=857 (Compiled frame)
 - java.util.concurrent.ThreadPoolExecutor.getTask() @bci=78, line=947 (Compiled frame)
 - java.util.concurrent.ThreadPoolExecutor$Worker.run() @bci=18, line=907 (Compiled frame)
 - java.lang.Thread.run() @bci=11, line=662 (Interpreted frame)


Thread 193863: (state = BLOCKED)
 - sun.misc.Unsafe.park(boolean, long) @bci=0 (Compiled frame; information may be imprecise)
 - java.util.concurrent.locks.LockSupport.park(java.lang.Object) @bci=14, line=158 (Compiled frame)
 - java.util.concurrent.SynchronousQueue$TransferStack.awaitFulfill(java.util.concurrent.SynchronousQueue$TransferStack$SNode, boolean, long) @bci=158, line=422 (Compiled frame)
 - java.util.concurrent.SynchronousQueue$TransferStack.transfer(java.lang.Object, boolean, long) @bci=102, line=323 (Compiled frame)
 - java.util.concurrent.SynchronousQueue.take() @bci=7, line=857 (Compiled frame)
 - java.util.concurrent.ThreadPoolExecutor.getTask() @bci=78, line=947 (Compiled frame)
 - java.util.concurrent.ThreadPoolExecutor$Worker.run() @bci=18, line=907 (Compiled frame)
 - java.lang.Thread.run() @bci=11, line=662 (Interpreted frame)


Thread 193862: (state = BLOCKED)
 - sun.misc.Unsafe.park(boolean, long) @bci=0 (Compiled frame; information may be imprecise)
 - java.util.concurrent.locks.LockSupport.park(java.lang.Object) @bci=14, line=158 (Compiled frame)
 - java.util.concurrent.SynchronousQueue$TransferStack.awaitFulfill(java.util.concurrent.SynchronousQueue$TransferStack$SNode, boolean, long) @bci=158, line=422 (Compiled frame)
 - java.util.concurrent.SynchronousQueue$TransferStack.transfer(java.lang.Object, boolean, long) @bci=102, line=323 (Compiled frame)
 - java.util.concurrent.SynchronousQueue.take() @bci=7, line=857 (Compiled frame)
 - java.util.concurrent.ThreadPoolExecutor.getTask() @bci=78, line=947 (Compiled frame)
 - java.util.concurrent.ThreadPoolExecutor$Worker.run() @bci=18, line=907 (Compiled frame)
 - java.lang.Thread.run() @bci=11, line=662 (Interpreted frame)


Thread 193861: (state = BLOCKED)
 - sun.misc.Unsafe.park(boolean, long) @bci=0 (Compiled frame; information may be imprecise)
 - java.util.concurrent.locks.LockSupport.park(java.lang.Object) @bci=14, line=158 (Compiled frame)
 - java.util.concurrent.SynchronousQueue$TransferStack.awaitFulfill(java.util.concurrent.SynchronousQueue$TransferStack$SNode, boolean, long) @bci=158, line=422 (Compiled frame)
 - java.util.concurrent.SynchronousQueue$TransferStack.transfer(java.lang.Object, boolean, long) @bci=102, line=323 (Compiled frame)
 - java.util.concurrent.SynchronousQueue.take() @bci=7, line=857 (Compiled frame)
 - java.util.concurrent.ThreadPoolExecutor.getTask() @bci=78, line=947 (Compiled frame)
 - java.util.concurrent.ThreadPoolExecutor$Worker.run() @bci=18, line=907 (Compiled frame)
 - java.lang.Thread.run() @bci=11, line=662 (Interpreted frame)


Thread 193860: (state = BLOCKED)
 - sun.misc.Unsafe.park(boolean, long) @bci=0 (Compiled frame; information may be imprecise)
 - java.util.concurrent.locks.LockSupport.park(java.lang.Object) @bci=14, line=158 (Compiled frame)
 - java.util.concurrent.SynchronousQueue$TransferStack.awaitFulfill(java.util.concurrent.SynchronousQueue$TransferStack$SNode, boolean, long) @bci=158, line=422 (Compiled frame)
 - java.util.concurrent.SynchronousQueue$TransferStack.transfer(java.lang.Object, boolean, long) @bci=102, line=323 (Compiled frame)
 - java.util.concurrent.SynchronousQueue.take() @bci=7, line=857 (Compiled frame)
 - java.util.concurrent.ThreadPoolExecutor.getTask() @bci=78, line=947 (Compiled frame)
 - java.util.concurrent.ThreadPoolExecutor$Worker.run() @bci=18, line=907 (Compiled frame)
 - java.lang.Thread.run() @bci=11, line=662 (Interpreted frame)


Thread 193859: (state = BLOCKED)
 - sun.misc.Unsafe.park(boolean, long) @bci=0 (Compiled frame; information may be imprecise)
 - java.util.concurrent.locks.LockSupport.park(java.lang.Object) @bci=14, line=158 (Compiled frame)
 - java.util.concurrent.SynchronousQueue$TransferStack.awaitFulfill(java.util.concurrent.SynchronousQueue$TransferStack$SNode, boolean, long) @bci=158, line=422 (Compiled frame)
 - java.util.concurrent.SynchronousQueue$TransferStack.transfer(java.lang.Object, boolean, long) @bci=102, line=323 (Compiled frame)
 - java.util.concurrent.SynchronousQueue.take() @bci=7, line=857 (Compiled frame)
 - java.util.concurrent.ThreadPoolExecutor.getTask() @bci=78, line=947 (Compiled frame)
 - java.util.concurrent.ThreadPoolExecutor$Worker.run() @bci=18, line=907 (Compiled frame)
 - java.lang.Thread.run() @bci=11, line=662 (Interpreted frame)


Thread 193858: (state = BLOCKED)
 - sun.misc.Unsafe.park(boolean, long) @bci=0 (Compiled frame; information may be imprecise)
 - java.util.concurrent.locks.LockSupport.park(java.lang.Object) @bci=14, line=158 (Compiled frame)
 - java.util.concurrent.SynchronousQueue$TransferStack.awaitFulfill(java.util.concurrent.SynchronousQueue$TransferStack$SNode, boolean, long) @bci=158, line=422 (Compiled frame)
 - java.util.concurrent.SynchronousQueue$TransferStack.transfer(java.lang.Object, boolean, long) @bci=102, line=323 (Compiled frame)
 - java.util.concurrent.SynchronousQueue.take() @bci=7, line=857 (Compiled frame)
 - java.util.concurrent.ThreadPoolExecutor.getTask() @bci=78, line=947 (Compiled frame)
 - java.util.concurrent.ThreadPoolExecutor$Worker.run() @bci=18, line=907 (Compiled frame)
 - java.lang.Thread.run() @bci=11, line=662 (Interpreted frame)


Thread 193857: (state = BLOCKED)
 - sun.misc.Unsafe.park(boolean, long) @bci=0 (Compiled frame; information may be imprecise)
 - java.util.concurrent.locks.LockSupport.park(java.lang.Object) @bci=14, line=158 (Compiled frame)
 - java.util.concurrent.SynchronousQueue$TransferStack.awaitFulfill(java.util.concurrent.SynchronousQueue$TransferStack$SNode, boolean, long) @bci=158, line=422 (Compiled frame)
 - java.util.concurrent.SynchronousQueue$TransferStack.transfer(java.lang.Object, boolean, long) @bci=102, line=323 (Compiled frame)
 - java.util.concurrent.SynchronousQueue.take() @bci=7, line=857 (Compiled frame)
 - java.util.concurrent.ThreadPoolExecutor.getTask() @bci=78, line=947 (Compiled frame)
 - java.util.concurrent.ThreadPoolExecutor$Worker.run() @bci=18, line=907 (Compiled frame)
 - java.lang.Thread.run() @bci=11, line=662 (Interpreted frame)


Thread 193856: (state = BLOCKED)
 - sun.misc.Unsafe.park(boolean, long) @bci=0 (Compiled frame; information may be imprecise)
 - java.util.concurrent.locks.LockSupport.park(java.lang.Object) @bci=14, line=158 (Compiled frame)
 - java.util.concurrent.SynchronousQueue$TransferStack.awaitFulfill(java.util.concurrent.SynchronousQueue$TransferStack$SNode, boolean, long) @bci=158, line=422 (Compiled frame)
 - java.util.concurrent.SynchronousQueue$TransferStack.transfer(java.lang.Object, boolean, long) @bci=102, line=323 (Compiled frame)
 - java.util.concurrent.SynchronousQueue.take() @bci=7, line=857 (Compiled frame)
 - java.util.concurrent.ThreadPoolExecutor.getTask() @bci=78, line=947 (Compiled frame)
 - java.util.concurrent.ThreadPoolExecutor$Worker.run() @bci=18, line=907 (Compiled frame)
 - java.lang.Thread.run() @bci=11, line=662 (Interpreted frame)


Thread 193855: (state = BLOCKED)
 - sun.misc.Unsafe.park(boolean, long) @bci=0 (Compiled frame; information may be imprecise)
 - java.util.concurrent.locks.LockSupport.park(java.lang.Object) @bci=14, line=158 (Compiled frame)
 - java.util.concurrent.SynchronousQueue$TransferStack.awaitFulfill(java.util.concurrent.SynchronousQueue$TransferStack$SNode, boolean, long) @bci=158, line=422 (Compiled frame)
 - java.util.concurrent.SynchronousQueue$TransferStack.transfer(java.lang.Object, boolean, long) @bci=102, line=323 (Compiled frame)
 - java.util.concurrent.SynchronousQueue.take() @bci=7, line=857 (Compiled frame)
 - java.util.concurrent.ThreadPoolExecutor.getTask() @bci=78, line=947 (Compiled frame)
 - java.util.concurrent.ThreadPoolExecutor$Worker.run() @bci=18, line=907 (Compiled frame)
 - java.lang.Thread.run() @bci=11, line=662 (Interpreted frame)


Thread 12241: (state = BLOCKED)
 - sun.misc.Unsafe.park(boolean, long) @bci=0 (Compiled frame; information may be imprecise)
 - java.util.concurrent.locks.LockSupport.park(java.lang.Object) @bci=14, line=158 (Compiled frame)
 - java.util.concurrent.locks.AbstractQueuedSynchronizer$ConditionObject.await() @bci=42, line=1987 (Compiled frame)
 - java.util.concurrent.LinkedBlockingQueue.take() @bci=29, line=399 (Interpreted frame)
 - java.util.concurrent.ThreadPoolExecutor.getTask() @bci=78, line=947 (Compiled frame)
 - java.util.concurrent.ThreadPoolExecutor$Worker.run() @bci=18, line=907 (Compiled frame)
 - java.lang.Thread.run() @bci=11, line=662 (Interpreted frame)


Thread 12177: (state = BLOCKED)
 - sun.misc.Unsafe.park(boolean, long) @bci=0 (Compiled frame; information may be imprecise)
 - java.util.concurrent.locks.LockSupport.park(java.lang.Object) @bci=14, line=158 (Compiled frame)
 - java.util.concurrent.locks.AbstractQueuedSynchronizer$ConditionObject.await() @bci=42, line=1987 (Compiled frame)
 - java.util.concurrent.LinkedBlockingQueue.take() @bci=29, line=399 (Interpreted frame)
 - java.util.concurrent.ThreadPoolExecutor.getTask() @bci=78, line=947 (Compiled frame)
 - java.util.concurrent.ThreadPoolExecutor$Worker.run() @bci=18, line=907 (Compiled frame)
 - java.lang.Thread.run() @bci=11, line=662 (Interpreted frame)


Thread 425121: (state = BLOCKED)
 - sun.misc.Unsafe.park(boolean, long) @bci=0 (Compiled frame; information may be imprecise)
 - java.util.concurrent.locks.LockSupport.park(java.lang.Object) @bci=14, line=158 (Compiled frame)
 - java.util.concurrent.locks.AbstractQueuedSynchronizer$ConditionObject.await() @bci=42, line=1987 (Compiled frame)
 - java.util.concurrent.LinkedBlockingQueue.take() @bci=29, line=399 (Interpreted frame)
 - java.util.concurrent.ThreadPoolExecutor.getTask() @bci=78, line=947 (Compiled frame)
 - java.util.concurrent.ThreadPoolExecutor$Worker.run() @bci=18, line=907 (Compiled frame)
 - java.lang.Thread.run() @bci=11, line=662 (Interpreted frame)


Thread 211429: (state = BLOCKED)
 - sun.misc.Unsafe.park(boolean, long) @bci=0 (Compiled frame; information may be imprecise)
 - java.util.concurrent.locks.LockSupport.park(java.lang.Object) @bci=14, line=158 (Compiled frame)
 - java.util.concurrent.locks.AbstractQueuedSynchronizer$ConditionObject.await() @bci=42, line=1987 (Compiled frame)
 - java.util.concurrent.LinkedBlockingQueue.take() @bci=29, line=399 (Interpreted frame)
 - java.util.concurrent.ThreadPoolExecutor.getTask() @bci=78, line=947 (Interpreted frame)
 - java.util.concurrent.ThreadPoolExecutor$Worker.run() @bci=18, line=907 (Interpreted frame)
 - java.lang.Thread.run() @bci=11, line=662 (Interpreted frame)


Thread 247204: (state = BLOCKED)
 - sun.misc.Unsafe.park(boolean, long) @bci=0 (Compiled frame; information may be imprecise)
 - java.util.concurrent.locks.LockSupport.park(java.lang.Object) @bci=14, line=158 (Compiled frame)
 - java.util.concurrent.locks.AbstractQueuedSynchronizer$ConditionObject.await() @bci=42, line=1987 (Compiled frame)
 - java.util.concurrent.LinkedBlockingQueue.take() @bci=29, line=399 (Interpreted frame)
 - java.util.concurrent.ThreadPoolExecutor.getTask() @bci=78, line=947 (Interpreted frame)
 - java.util.concurrent.ThreadPoolExecutor$Worker.run() @bci=18, line=907 (Interpreted frame)
 - java.lang.Thread.run() @bci=11, line=662 (Interpreted frame)


Thread 247203: (state = BLOCKED)
 - sun.misc.Unsafe.park(boolean, long) @bci=0 (Compiled frame; information may be imprecise)
 - java.util.concurrent.locks.LockSupport.park(java.lang.Object) @bci=14, line=158 (Compiled frame)
 - java.util.concurrent.locks.AbstractQueuedSynchronizer$ConditionObject.await() @bci=42, line=1987 (Compiled frame)
 - java.util.concurrent.LinkedBlockingQueue.take() @bci=29, line=399 (Interpreted frame)
 - java.util.concurrent.ThreadPoolExecutor.getTask() @bci=78, line=947 (Interpreted frame)
 - java.util.concurrent.ThreadPoolExecutor$Worker.run() @bci=18, line=907 (Interpreted frame)
 - java.lang.Thread.run() @bci=11, line=662 (Interpreted frame)


Thread 247202: (state = BLOCKED)
 - sun.misc.Unsafe.park(boolean, long) @bci=0 (Compiled frame; information may be imprecise)
 - java.util.concurrent.locks.LockSupport.park(java.lang.Object) @bci=14, line=158 (Compiled frame)
 - java.util.concurrent.locks.AbstractQueuedSynchronizer$ConditionObject.await() @bci=42, line=1987 (Compiled frame)
 - java.util.concurrent.LinkedBlockingQueue.take() @bci=29, line=399 (Interpreted frame)
 - java.util.concurrent.ThreadPoolExecutor.getTask() @bci=78, line=947 (Interpreted frame)
 - java.util.concurrent.ThreadPoolExecutor$Worker.run() @bci=18, line=907 (Interpreted frame)
 - java.lang.Thread.run() @bci=11, line=662 (Interpreted frame)


Thread 247150: (state = BLOCKED)
 - sun.misc.Unsafe.park(boolean, long) @bci=0 (Compiled frame; information may be imprecise)
 - java.util.concurrent.locks.LockSupport.park(java.lang.Object) @bci=14, line=158 (Compiled frame)
 - java.util.concurrent.locks.AbstractQueuedSynchronizer$ConditionObject.await() @bci=42, line=1987 (Compiled frame)
 - java.util.concurrent.LinkedBlockingQueue.take() @bci=29, line=399 (Interpreted frame)
 - java.util.concurrent.ThreadPoolExecutor.getTask() @bci=78, line=947 (Interpreted frame)
 - java.util.concurrent.ThreadPoolExecutor$Worker.run() @bci=18, line=907 (Interpreted frame)
 - java.lang.Thread.run() @bci=11, line=662 (Interpreted frame)


Thread 247149: (state = BLOCKED)
 - sun.misc.Unsafe.park(boolean, long) @bci=0 (Compiled frame; information may be imprecise)
 - java.util.concurrent.locks.LockSupport.park(java.lang.Object) @bci=14, line=158 (Compiled frame)
 - java.util.concurrent.locks.AbstractQueuedSynchronizer$ConditionObject.await() @bci=42, line=1987 (Compiled frame)
 - java.util.concurrent.LinkedBlockingQueue.take() @bci=29, line=399 (Interpreted frame)
 - java.util.concurrent.ThreadPoolExecutor.getTask() @bci=78, line=947 (Interpreted frame)
 - java.util.concurrent.ThreadPoolExecutor$Worker.run() @bci=18, line=907 (Interpreted frame)
 - java.lang.Thread.run() @bci=11, line=662 (Interpreted frame)


Thread 247148: (state = BLOCKED)
 - sun.misc.Unsafe.park(boolean, long) @bci=0 (Compiled frame; information may be imprecise)
 - java.util.concurrent.locks.LockSupport.park(java.lang.Object) @bci=14, line=158 (Compiled frame)
 - java.util.concurrent.locks.AbstractQueuedSynchronizer$ConditionObject.await() @bci=42, line=1987 (Compiled frame)
 - java.util.concurrent.LinkedBlockingQueue.take() @bci=29, line=399 (Interpreted frame)
 - java.util.concurrent.ThreadPoolExecutor.getTask() @bci=78, line=947 (Interpreted frame)
 - java.util.concurrent.ThreadPoolExecutor$Worker.run() @bci=18, line=907 (Interpreted frame)
 - java.lang.Thread.run() @bci=11, line=662 (Interpreted frame)


Thread 247100: (state = BLOCKED)
 - sun.misc.Unsafe.park(boolean, long) @bci=0 (Compiled frame; information may be imprecise)
 - java.util.concurrent.locks.LockSupport.park(java.lang.Object) @bci=14, line=158 (Compiled frame)
 - java.util.concurrent.locks.AbstractQueuedSynchronizer$ConditionObject.await() @bci=42, line=1987 (Compiled frame)
 - java.util.concurrent.LinkedBlockingQueue.take() @bci=29, line=399 (Interpreted frame)
 - java.util.concurrent.ThreadPoolExecutor.getTask() @bci=78, line=947 (Interpreted frame)
 - java.util.concurrent.ThreadPoolExecutor$Worker.run() @bci=18, line=907 (Interpreted frame)
 - java.lang.Thread.run() @bci=11, line=662 (Interpreted frame)


Thread 247099: (state = BLOCKED)
 - sun.misc.Unsafe.park(boolean, long) @bci=0 (Compiled frame; information may be imprecise)
 - java.util.concurrent.locks.LockSupport.park(java.lang.Object) @bci=14, line=158 (Compiled frame)
 - java.util.concurrent.locks.AbstractQueuedSynchronizer$ConditionObject.await() @bci=42, line=1987 (Compiled frame)
 - java.util.concurrent.LinkedBlockingQueue.take() @bci=29, line=399 (Interpreted frame)
 - java.util.concurrent.ThreadPoolExecutor.getTask() @bci=78, line=947 (Interpreted frame)
 - java.util.concurrent.ThreadPoolExecutor$Worker.run() @bci=18, line=907 (Interpreted frame)
 - java.lang.Thread.run() @bci=11, line=662 (Interpreted frame)


Thread 247098: (state = BLOCKED)
 - sun.misc.Unsafe.park(boolean, long) @bci=0 (Compiled frame; information may be imprecise)
 - java.util.concurrent.locks.LockSupport.park(java.lang.Object) @bci=14, line=158 (Compiled frame)
 - java.util.concurrent.locks.AbstractQueuedSynchronizer$ConditionObject.await() @bci=42, line=1987 (Compiled frame)
 - java.util.concurrent.LinkedBlockingQueue.take() @bci=29, line=399 (Interpreted frame)
 - java.util.concurrent.ThreadPoolExecutor.getTask() @bci=78, line=947 (Interpreted frame)
 - java.util.concurrent.ThreadPoolExecutor$Worker.run() @bci=18, line=907 (Interpreted frame)
 - java.lang.Thread.run() @bci=11, line=662 (Interpreted frame)


Thread 247097: (state = BLOCKED)
 - sun.misc.Unsafe.park(boolean, long) @bci=0 (Compiled frame; information may be imprecise)
 - java.util.concurrent.locks.LockSupport.park(java.lang.Object) @bci=14, line=158 (Compiled frame)
 - java.util.concurrent.locks.AbstractQueuedSynchronizer$ConditionObject.await() @bci=42, line=1987 (Compiled frame)
 - java.util.concurrent.LinkedBlockingQueue.take() @bci=29, line=399 (Interpreted frame)
 - java.util.concurrent.ThreadPoolExecutor.getTask() @bci=78, line=947 (Interpreted frame)
 - java.util.concurrent.ThreadPoolExecutor$Worker.run() @bci=18, line=907 (Interpreted frame)
 - java.lang.Thread.run() @bci=11, line=662 (Interpreted frame)


Thread 247095: (state = BLOCKED)
 - sun.misc.Unsafe.park(boolean, long) @bci=0 (Compiled frame; information may be imprecise)
 - java.util.concurrent.locks.LockSupport.park(java.lang.Object) @bci=14, line=158 (Compiled frame)
 - java.util.concurrent.locks.AbstractQueuedSynchronizer$ConditionObject.await() @bci=42, line=1987 (Compiled frame)
 - java.util.concurrent.LinkedBlockingQueue.take() @bci=29, line=399 (Interpreted frame)
 - java.util.concurrent.ThreadPoolExecutor.getTask() @bci=78, line=947 (Interpreted frame)
 - java.util.concurrent.ThreadPoolExecutor$Worker.run() @bci=18, line=907 (Interpreted frame)
 - java.lang.Thread.run() @bci=11, line=662 (Interpreted frame)


Thread 247094: (state = BLOCKED)
 - sun.misc.Unsafe.park(boolean, long) @bci=0 (Compiled frame; information may be imprecise)
 - java.util.concurrent.locks.LockSupport.park(java.lang.Object) @bci=14, line=158 (Compiled frame)
 - java.util.concurrent.locks.AbstractQueuedSynchronizer$ConditionObject.await() @bci=42, line=1987 (Compiled frame)
 - java.util.concurrent.LinkedBlockingQueue.take() @bci=29, line=399 (Interpreted frame)
 - java.util.concurrent.ThreadPoolExecutor.getTask() @bci=78, line=947 (Interpreted frame)
 - java.util.concurrent.ThreadPoolExecutor$Worker.run() @bci=18, line=907 (Interpreted frame)
 - java.lang.Thread.run() @bci=11, line=662 (Interpreted frame)


Thread 247093: (state = BLOCKED)
 - sun.misc.Unsafe.park(boolean, long) @bci=0 (Compiled frame; information may be imprecise)
 - java.util.concurrent.locks.LockSupport.park(java.lang.Object) @bci=14, line=158 (Compiled frame)
 - java.util.concurrent.locks.AbstractQueuedSynchronizer$ConditionObject.await() @bci=42, line=1987 (Compiled frame)
 - java.util.concurrent.LinkedBlockingQueue.take() @bci=29, line=399 (Interpreted frame)
 - java.util.concurrent.ThreadPoolExecutor.getTask() @bci=78, line=947 (Interpreted frame)
 - java.util.concurrent.ThreadPoolExecutor$Worker.run() @bci=18, line=907 (Interpreted frame)
 - java.lang.Thread.run() @bci=11, line=662 (Interpreted frame)


Thread 247041: (state = BLOCKED)
 - sun.misc.Unsafe.park(boolean, long) @bci=0 (Compiled frame; information may be imprecise)
 - java.util.concurrent.locks.LockSupport.park(java.lang.Object) @bci=14, line=158 (Compiled frame)
 - java.util.concurrent.locks.AbstractQueuedSynchronizer$ConditionObject.await() @bci=42, line=1987 (Compiled frame)
 - java.util.concurrent.LinkedBlockingQueue.take() @bci=29, line=399 (Interpreted frame)
 - java.util.concurrent.ThreadPoolExecutor.getTask() @bci=78, line=947 (Interpreted frame)
 - java.util.concurrent.ThreadPoolExecutor$Worker.run() @bci=18, line=907 (Interpreted frame)
 - java.lang.Thread.run() @bci=11, line=662 (Interpreted frame)


Thread 247040: (state = BLOCKED)
 - sun.misc.Unsafe.park(boolean, long) @bci=0 (Compiled frame; information may be imprecise)
 - java.util.concurrent.locks.LockSupport.park(java.lang.Object) @bci=14, line=158 (Compiled frame)
 - java.util.concurrent.locks.AbstractQueuedSynchronizer$ConditionObject.await() @bci=42, line=1987 (Compiled frame)
 - java.util.concurrent.LinkedBlockingQueue.take() @bci=29, line=399 (Interpreted frame)
 - java.util.concurrent.ThreadPoolExecutor.getTask() @bci=78, line=947 (Interpreted frame)
 - java.util.concurrent.ThreadPoolExecutor$Worker.run() @bci=18, line=907 (Interpreted frame)
 - java.lang.Thread.run() @bci=11, line=662 (Interpreted frame)


Thread 247039: (state = BLOCKED)
 - sun.misc.Unsafe.park(boolean, long) @bci=0 (Compiled frame; information may be imprecise)
 - java.util.concurrent.locks.LockSupport.park(java.lang.Object) @bci=14, line=158 (Compiled frame)
 - java.util.concurrent.locks.AbstractQueuedSynchronizer$ConditionObject.await() @bci=42, line=1987 (Compiled frame)
 - java.util.concurrent.LinkedBlockingQueue.take() @bci=29, line=399 (Interpreted frame)
 - java.util.concurrent.ThreadPoolExecutor.getTask() @bci=78, line=947 (Interpreted frame)
 - java.util.concurrent.ThreadPoolExecutor$Worker.run() @bci=18, line=907 (Interpreted frame)
 - java.lang.Thread.run() @bci=11, line=662 (Interpreted frame)


Thread 247038: (state = BLOCKED)
 - sun.misc.Unsafe.park(boolean, long) @bci=0 (Compiled frame; information may be imprecise)
 - java.util.concurrent.locks.LockSupport.park(java.lang.Object) @bci=14, line=158 (Compiled frame)
 - java.util.concurrent.locks.AbstractQueuedSynchronizer$ConditionObject.await() @bci=42, line=1987 (Compiled frame)
 - java.util.concurrent.LinkedBlockingQueue.take() @bci=29, line=399 (Interpreted frame)
 - java.util.concurrent.ThreadPoolExecutor.getTask() @bci=78, line=947 (Interpreted frame)
 - java.util.concurrent.ThreadPoolExecutor$Worker.run() @bci=18, line=907 (Interpreted frame)
 - java.lang.Thread.run() @bci=11, line=662 (Interpreted frame)


Thread 247037: (state = BLOCKED)
 - sun.misc.Unsafe.park(boolean, long) @bci=0 (Compiled frame; information may be imprecise)
 - java.util.concurrent.locks.LockSupport.park(java.lang.Object) @bci=14, line=158 (Compiled frame)
 - java.util.concurrent.locks.AbstractQueuedSynchronizer$ConditionObject.await() @bci=42, line=1987 (Compiled frame)
 - java.util.concurrent.LinkedBlockingQueue.take() @bci=29, line=399 (Interpreted frame)
 - java.util.concurrent.ThreadPoolExecutor.getTask() @bci=78, line=947 (Interpreted frame)
 - java.util.concurrent.ThreadPoolExecutor$Worker.run() @bci=18, line=907 (Interpreted frame)
 - java.lang.Thread.run() @bci=11, line=662 (Interpreted frame)


Thread 246886: (state = BLOCKED)
 - sun.misc.Unsafe.park(boolean, long) @bci=0 (Compiled frame; information may be imprecise)
 - java.util.concurrent.locks.LockSupport.park(java.lang.Object) @bci=14, line=158 (Compiled frame)
 - java.util.concurrent.locks.AbstractQueuedSynchronizer$ConditionObject.await() @bci=42, line=1987 (Compiled frame)
 - java.util.concurrent.LinkedBlockingQueue.take() @bci=29, line=399 (Interpreted frame)
 - java.util.concurrent.ThreadPoolExecutor.getTask() @bci=78, line=947 (Interpreted frame)
 - java.util.concurrent.ThreadPoolExecutor$Worker.run() @bci=18, line=907 (Interpreted frame)
 - java.lang.Thread.run() @bci=11, line=662 (Interpreted frame)


Thread 246885: (state = BLOCKED)
 - sun.misc.Unsafe.park(boolean, long) @bci=0 (Compiled frame; information may be imprecise)
 - java.util.concurrent.locks.LockSupport.park(java.lang.Object) @bci=14, line=158 (Compiled frame)
 - java.util.concurrent.locks.AbstractQueuedSynchronizer$ConditionObject.await() @bci=42, line=1987 (Compiled frame)
 - java.util.concurrent.LinkedBlockingQueue.take() @bci=29, line=399 (Interpreted frame)
 - java.util.concurrent.ThreadPoolExecutor.getTask() @bci=78, line=947 (Interpreted frame)
 - java.util.concurrent.ThreadPoolExecutor$Worker.run() @bci=18, line=907 (Interpreted frame)
 - java.lang.Thread.run() @bci=11, line=662 (Interpreted frame)


Thread 230917: (state = BLOCKED)
 - sun.misc.Unsafe.park(boolean, long) @bci=0 (Compiled frame; information may be imprecise)
 - java.util.concurrent.locks.LockSupport.parkNanos(java.lang.Object, long) @bci=20, line=198 (Compiled frame)
 - java.util.concurrent.locks.AbstractQueuedSynchronizer$ConditionObject.awaitNanos(long) @bci=68, line=2025 (Compiled frame)
 - java.util.concurrent.DelayQueue.take() @bci=57, line=164 (Compiled frame)
 - java.util.concurrent.ScheduledThreadPoolExecutor$DelayedWorkQueue.take() @bci=4, line=609 (Compiled frame)
 - java.util.concurrent.ScheduledThreadPoolExecutor$DelayedWorkQueue.take() @bci=1, line=602 (Compiled frame)
 - java.util.concurrent.ThreadPoolExecutor.getTask() @bci=78, line=947 (Compiled frame)
 - java.util.concurrent.ThreadPoolExecutor$Worker.run() @bci=18, line=907 (Compiled frame)
 - java.lang.Thread.run() @bci=11, line=662 (Interpreted frame)


Thread 230916: (state = BLOCKED)
 - sun.misc.Unsafe.park(boolean, long) @bci=0 (Compiled frame; information may be imprecise)
 - java.util.concurrent.locks.LockSupport.parkNanos(java.lang.Object, long) @bci=20, line=198 (Compiled frame)
 - java.util.concurrent.locks.AbstractQueuedSynchronizer$ConditionObject.awaitNanos(long) @bci=68, line=2025 (Compiled frame)
 - java.util.concurrent.DelayQueue.take() @bci=57, line=164 (Compiled frame)
 - java.util.concurrent.ScheduledThreadPoolExecutor$DelayedWorkQueue.take() @bci=4, line=609 (Compiled frame)
 - java.util.concurrent.ScheduledThreadPoolExecutor$DelayedWorkQueue.take() @bci=1, line=602 (Compiled frame)
 - java.util.concurrent.ThreadPoolExecutor.getTask() @bci=78, line=947 (Compiled frame)
 - java.util.concurrent.ThreadPoolExecutor$Worker.run() @bci=18, line=907 (Compiled frame)
 - java.lang.Thread.run() @bci=11, line=662 (Interpreted frame)


Thread 230915: (state = BLOCKED)
 - sun.misc.Unsafe.park(boolean, long) @bci=0 (Compiled frame; information may be imprecise)
 - java.util.concurrent.locks.LockSupport.parkNanos(java.lang.Object, long) @bci=20, line=198 (Compiled frame)
 - java.util.concurrent.locks.AbstractQueuedSynchronizer$ConditionObject.awaitNanos(long) @bci=68, line=2025 (Compiled frame)
 - java.util.concurrent.DelayQueue.take() @bci=57, line=164 (Compiled frame)
 - java.util.concurrent.ScheduledThreadPoolExecutor$DelayedWorkQueue.take() @bci=4, line=609 (Compiled frame)
 - java.util.concurrent.ScheduledThreadPoolExecutor$DelayedWorkQueue.take() @bci=1, line=602 (Compiled frame)
 - java.util.concurrent.ThreadPoolExecutor.getTask() @bci=78, line=947 (Compiled frame)
 - java.util.concurrent.ThreadPoolExecutor$Worker.run() @bci=18, line=907 (Compiled frame)
 - java.lang.Thread.run() @bci=11, line=662 (Interpreted frame)


Thread 230914: (state = BLOCKED)
 - sun.misc.Unsafe.park(boolean, long) @bci=0 (Compiled frame; information may be imprecise)
 - java.util.concurrent.locks.LockSupport.parkNanos(java.lang.Object, long) @bci=20, line=198 (Compiled frame)
 - java.util.concurrent.locks.AbstractQueuedSynchronizer$ConditionObject.awaitNanos(long) @bci=68, line=2025 (Compiled frame)
 - java.util.concurrent.DelayQueue.take() @bci=57, line=164 (Compiled frame)
 - java.util.concurrent.ScheduledThreadPoolExecutor$DelayedWorkQueue.take() @bci=4, line=609 (Compiled frame)
 - java.util.concurrent.ScheduledThreadPoolExecutor$DelayedWorkQueue.take() @bci=1, line=602 (Compiled frame)
 - java.util.concurrent.ThreadPoolExecutor.getTask() @bci=78, line=947 (Compiled frame)
 - java.util.concurrent.ThreadPoolExecutor$Worker.run() @bci=18, line=907 (Compiled frame)
 - java.lang.Thread.run() @bci=11, line=662 (Interpreted frame)


Thread 230893: (state = BLOCKED)
 - sun.misc.Unsafe.park(boolean, long) @bci=0 (Compiled frame; information may be imprecise)
 - java.util.concurrent.locks.LockSupport.parkNanos(java.lang.Object, long) @bci=20, line=198 (Compiled frame)
 - java.util.concurrent.locks.AbstractQueuedSynchronizer$ConditionObject.awaitNanos(long) @bci=68, line=2025 (Compiled frame)
 - java.util.concurrent.DelayQueue.take() @bci=57, line=164 (Compiled frame)
 - java.util.concurrent.ScheduledThreadPoolExecutor$DelayedWorkQueue.take() @bci=4, line=609 (Compiled frame)
 - java.util.concurrent.ScheduledThreadPoolExecutor$DelayedWorkQueue.take() @bci=1, line=602 (Compiled frame)
 - java.util.concurrent.ThreadPoolExecutor.getTask() @bci=78, line=947 (Compiled frame)
 - java.util.concurrent.ThreadPoolExecutor$Worker.run() @bci=18, line=907 (Compiled frame)
 - java.lang.Thread.run() @bci=11, line=662 (Interpreted frame)


Thread 230892: (state = BLOCKED)
 - sun.misc.Unsafe.park(boolean, long) @bci=0 (Compiled frame; information may be imprecise)
 - java.util.concurrent.locks.LockSupport.parkNanos(java.lang.Object, long) @bci=20, line=198 (Compiled frame)
 - java.util.concurrent.locks.AbstractQueuedSynchronizer$ConditionObject.awaitNanos(long) @bci=68, line=2025 (Compiled frame)
 - java.util.concurrent.DelayQueue.take() @bci=57, line=164 (Compiled frame)
 - java.util.concurrent.ScheduledThreadPoolExecutor$DelayedWorkQueue.take() @bci=4, line=609 (Compiled frame)
 - java.util.concurrent.ScheduledThreadPoolExecutor$DelayedWorkQueue.take() @bci=1, line=602 (Compiled frame)
 - java.util.concurrent.ThreadPoolExecutor.getTask() @bci=78, line=947 (Compiled frame)
 - java.util.concurrent.ThreadPoolExecutor$Worker.run() @bci=18, line=907 (Compiled frame)
 - java.lang.Thread.run() @bci=11, line=662 (Interpreted frame)


Thread 230876: (state = BLOCKED)
 - sun.misc.Unsafe.park(boolean, long) @bci=0 (Compiled frame; information may be imprecise)
 - java.util.concurrent.locks.LockSupport.park(java.lang.Object) @bci=14, line=158 (Compiled frame)
 - java.util.concurrent.SynchronousQueue$TransferStack.awaitFulfill(java.util.concurrent.SynchronousQueue$TransferStack$SNode, boolean, long) @bci=158, line=422 (Compiled frame)
 - java.util.concurrent.SynchronousQueue$TransferStack.transfer(java.lang.Object, boolean, long) @bci=102, line=323 (Compiled frame)
 - java.util.concurrent.SynchronousQueue.take() @bci=7, line=857 (Compiled frame)
 - java.util.concurrent.ThreadPoolExecutor.getTask() @bci=78, line=947 (Compiled frame)
 - java.util.concurrent.ThreadPoolExecutor$Worker.run() @bci=18, line=907 (Compiled frame)
 - java.lang.Thread.run() @bci=11, line=662 (Interpreted frame)


Thread 230823: (state = BLOCKED)
 - sun.misc.Unsafe.park(boolean, long) @bci=0 (Compiled frame; information may be imprecise)
 - java.util.concurrent.locks.LockSupport.park(java.lang.Object) @bci=14, line=158 (Compiled frame)
 - java.util.concurrent.SynchronousQueue$TransferStack.awaitFulfill(java.util.concurrent.SynchronousQueue$TransferStack$SNode, boolean, long) @bci=158, line=422 (Compiled frame)
 - java.util.concurrent.SynchronousQueue$TransferStack.transfer(java.lang.Object, boolean, long) @bci=102, line=323 (Compiled frame)
 - java.util.concurrent.SynchronousQueue.take() @bci=7, line=857 (Compiled frame)
 - java.util.concurrent.ThreadPoolExecutor.getTask() @bci=78, line=947 (Compiled frame)
 - java.util.concurrent.ThreadPoolExecutor$Worker.run() @bci=18, line=907 (Compiled frame)
 - java.lang.Thread.run() @bci=11, line=662 (Interpreted frame)


Thread 230448: (state = BLOCKED)
 - sun.misc.Unsafe.park(boolean, long) @bci=0 (Compiled frame; information may be imprecise)
 - java.util.concurrent.locks.LockSupport.parkNanos(java.lang.Object, long) @bci=20, line=198 (Compiled frame)
 - java.util.concurrent.locks.AbstractQueuedSynchronizer$ConditionObject.awaitNanos(long) @bci=68, line=2025 (Compiled frame)
 - java.util.concurrent.DelayQueue.take() @bci=57, line=164 (Compiled frame)
 - java.util.concurrent.ScheduledThreadPoolExecutor$DelayedWorkQueue.take() @bci=4, line=609 (Compiled frame)
 - java.util.concurrent.ScheduledThreadPoolExecutor$DelayedWorkQueue.take() @bci=1, line=602 (Compiled frame)
 - java.util.concurrent.ThreadPoolExecutor.getTask() @bci=78, line=947 (Compiled frame)
 - java.util.concurrent.ThreadPoolExecutor$Worker.run() @bci=18, line=907 (Compiled frame)
 - java.lang.Thread.run() @bci=11, line=662 (Interpreted frame)


Thread 230447: (state = BLOCKED)
 - sun.misc.Unsafe.park(boolean, long) @bci=0 (Compiled frame; information may be imprecise)
 - java.util.concurrent.locks.LockSupport.parkNanos(java.lang.Object, long) @bci=20, line=198 (Compiled frame)
 - java.util.concurrent.locks.AbstractQueuedSynchronizer$ConditionObject.awaitNanos(long) @bci=68, line=2025 (Compiled frame)
 - java.util.concurrent.DelayQueue.take() @bci=57, line=164 (Compiled frame)
 - java.util.concurrent.ScheduledThreadPoolExecutor$DelayedWorkQueue.take() @bci=4, line=609 (Compiled frame)
 - java.util.concurrent.ScheduledThreadPoolExecutor$DelayedWorkQueue.take() @bci=1, line=602 (Compiled frame)
 - java.util.concurrent.ThreadPoolExecutor.getTask() @bci=78, line=947 (Compiled frame)
 - java.util.concurrent.ThreadPoolExecutor$Worker.run() @bci=18, line=907 (Compiled frame)
 - java.lang.Thread.run() @bci=11, line=662 (Interpreted frame)


Thread 230349: (state = BLOCKED)
 - sun.misc.Unsafe.park(boolean, long) @bci=0 (Compiled frame; information may be imprecise)
 - java.util.concurrent.locks.LockSupport.parkNanos(java.lang.Object, long) @bci=20, line=198 (Compiled frame)
 - java.util.concurrent.locks.AbstractQueuedSynchronizer$ConditionObject.awaitNanos(long) @bci=68, line=2025 (Compiled frame)
 - java.util.concurrent.DelayQueue.take() @bci=57, line=164 (Compiled frame)
 - java.util.concurrent.ScheduledThreadPoolExecutor$DelayedWorkQueue.take() @bci=4, line=609 (Compiled frame)
 - java.util.concurrent.ScheduledThreadPoolExecutor$DelayedWorkQueue.take() @bci=1, line=602 (Compiled frame)
 - java.util.concurrent.ThreadPoolExecutor.getTask() @bci=78, line=947 (Compiled frame)
 - java.util.concurrent.ThreadPoolExecutor$Worker.run() @bci=18, line=907 (Compiled frame)
 - java.lang.Thread.run() @bci=11, line=662 (Interpreted frame)


Thread 230348: (state = BLOCKED)
 - sun.misc.Unsafe.park(boolean, long) @bci=0 (Compiled frame; information may be imprecise)
 - java.util.concurrent.locks.LockSupport.parkNanos(java.lang.Object, long) @bci=20, line=198 (Compiled frame)
 - java.util.concurrent.locks.AbstractQueuedSynchronizer$ConditionObject.awaitNanos(long) @bci=68, line=2025 (Compiled frame)
 - java.util.concurrent.DelayQueue.take() @bci=57, line=164 (Compiled frame)
 - java.util.concurrent.ScheduledThreadPoolExecutor$DelayedWorkQueue.take() @bci=4, line=609 (Compiled frame)
 - java.util.concurrent.ScheduledThreadPoolExecutor$DelayedWorkQueue.take() @bci=1, line=602 (Compiled frame)
 - java.util.concurrent.ThreadPoolExecutor.getTask() @bci=78, line=947 (Compiled frame)
 - java.util.concurrent.ThreadPoolExecutor$Worker.run() @bci=18, line=907 (Compiled frame)
 - java.lang.Thread.run() @bci=11, line=662 (Interpreted frame)


Thread 229948: (state = IN_NATIVE)
 - sun.nio.ch.EPollArrayWrapper.epollWait(long, int, long, int) @bci=0 (Compiled frame; information may be imprecise)
 - sun.nio.ch.EPollArrayWrapper.poll(long) @bci=18, line=210 (Compiled frame)
 - sun.nio.ch.EPollSelectorImpl.doSelect(long) @bci=28, line=65 (Compiled frame)
 - sun.nio.ch.SelectorImpl.lockAndDoSelect(long) @bci=37, line=69 (Compiled frame)
 - sun.nio.ch.SelectorImpl.select(long) @bci=30, line=80 (Compiled frame)
 - io.netty.channel.nio.NioEventLoop.select(boolean) @bci=62, line=622 (Compiled frame)
 - io.netty.channel.nio.NioEventLoop.run() @bci=25, line=310 (Compiled frame)
 - io.netty.util.concurrent.SingleThreadEventExecutor$2.run() @bci=13, line=116 (Interpreted frame)
 - java.lang.Thread.run() @bci=11, line=662 (Interpreted frame)


Thread 229947: (state = IN_NATIVE)
 - sun.nio.ch.EPollArrayWrapper.epollWait(long, int, long, int) @bci=0 (Compiled frame; information may be imprecise)
 - sun.nio.ch.EPollArrayWrapper.poll(long) @bci=18, line=210 (Compiled frame)
 - sun.nio.ch.EPollSelectorImpl.doSelect(long) @bci=28, line=65 (Compiled frame)
 - sun.nio.ch.SelectorImpl.lockAndDoSelect(long) @bci=37, line=69 (Compiled frame)
 - sun.nio.ch.SelectorImpl.select(long) @bci=30, line=80 (Compiled frame)
 - io.netty.channel.nio.NioEventLoop.select(boolean) @bci=62, line=622 (Compiled frame)
 - io.netty.channel.nio.NioEventLoop.run() @bci=25, line=310 (Compiled frame)
 - io.netty.util.concurrent.SingleThreadEventExecutor$2.run() @bci=13, line=116 (Interpreted frame)
 - java.lang.Thread.run() @bci=11, line=662 (Interpreted frame)


Thread 229946: (state = IN_NATIVE)
 - sun.nio.ch.EPollArrayWrapper.epollWait(long, int, long, int) @bci=0 (Compiled frame; information may be imprecise)
 - sun.nio.ch.EPollArrayWrapper.poll(long) @bci=18, line=210 (Compiled frame)
 - sun.nio.ch.EPollSelectorImpl.doSelect(long) @bci=28, line=65 (Compiled frame)
 - sun.nio.ch.SelectorImpl.lockAndDoSelect(long) @bci=37, line=69 (Compiled frame)
 - sun.nio.ch.SelectorImpl.select(long) @bci=30, line=80 (Compiled frame)
 - io.netty.channel.nio.NioEventLoop.select(boolean) @bci=62, line=622 (Compiled frame)
 - io.netty.channel.nio.NioEventLoop.run() @bci=25, line=310 (Compiled frame)
 - io.netty.util.concurrent.SingleThreadEventExecutor$2.run() @bci=13, line=116 (Interpreted frame)
 - java.lang.Thread.run() @bci=11, line=662 (Interpreted frame)


Thread 229945: (state = IN_NATIVE)
 - sun.nio.ch.EPollArrayWrapper.epollWait(long, int, long, int) @bci=0 (Compiled frame; information may be imprecise)
 - sun.nio.ch.EPollArrayWrapper.poll(long) @bci=18, line=210 (Compiled frame)
 - sun.nio.ch.EPollSelectorImpl.doSelect(long) @bci=28, line=65 (Compiled frame)
 - sun.nio.ch.SelectorImpl.lockAndDoSelect(long) @bci=37, line=69 (Compiled frame)
 - sun.nio.ch.SelectorImpl.select(long) @bci=30, line=80 (Compiled frame)
 - io.netty.channel.nio.NioEventLoop.select(boolean) @bci=62, line=622 (Compiled frame)
 - io.netty.channel.nio.NioEventLoop.run() @bci=25, line=310 (Compiled frame)
 - io.netty.util.concurrent.SingleThreadEventExecutor$2.run() @bci=13, line=116 (Interpreted frame)
 - java.lang.Thread.run() @bci=11, line=662 (Interpreted frame)


Thread 229944: (state = IN_NATIVE)
 - sun.nio.ch.EPollArrayWrapper.epollWait(long, int, long, int) @bci=0 (Compiled frame; information may be imprecise)
 - sun.nio.ch.EPollArrayWrapper.poll(long) @bci=18, line=210 (Compiled frame)
 - sun.nio.ch.EPollSelectorImpl.doSelect(long) @bci=28, line=65 (Compiled frame)
 - sun.nio.ch.SelectorImpl.lockAndDoSelect(long) @bci=37, line=69 (Compiled frame)
 - sun.nio.ch.SelectorImpl.select(long) @bci=30, line=80 (Compiled frame)
 - io.netty.channel.nio.NioEventLoop.select(boolean) @bci=62, line=622 (Compiled frame)
 - io.netty.channel.nio.NioEventLoop.run() @bci=25, line=310 (Compiled frame)
 - io.netty.util.concurrent.SingleThreadEventExecutor$2.run() @bci=13, line=116 (Interpreted frame)
 - java.lang.Thread.run() @bci=11, line=662 (Interpreted frame)


Thread 229943: (state = IN_NATIVE)
 - sun.nio.ch.EPollArrayWrapper.epollWait(long, int, long, int) @bci=0 (Compiled frame; information may be imprecise)
 - sun.nio.ch.EPollArrayWrapper.poll(long) @bci=18, line=210 (Compiled frame)
 - sun.nio.ch.EPollSelectorImpl.doSelect(long) @bci=28, line=65 (Compiled frame)
 - sun.nio.ch.SelectorImpl.lockAndDoSelect(long) @bci=37, line=69 (Compiled frame)
 - sun.nio.ch.SelectorImpl.select(long) @bci=30, line=80 (Compiled frame)
 - io.netty.channel.nio.NioEventLoop.select(boolean) @bci=62, line=622 (Compiled frame)
 - io.netty.channel.nio.NioEventLoop.run() @bci=25, line=310 (Compiled frame)
 - io.netty.util.concurrent.SingleThreadEventExecutor$2.run() @bci=13, line=116 (Interpreted frame)
 - java.lang.Thread.run() @bci=11, line=662 (Interpreted frame)


Thread 229942: (state = IN_NATIVE)
 - sun.nio.ch.EPollArrayWrapper.epollWait(long, int, long, int) @bci=0 (Compiled frame; information may be imprecise)
 - sun.nio.ch.EPollArrayWrapper.poll(long) @bci=18, line=210 (Compiled frame)
 - sun.nio.ch.EPollSelectorImpl.doSelect(long) @bci=28, line=65 (Compiled frame)
 - sun.nio.ch.SelectorImpl.lockAndDoSelect(long) @bci=37, line=69 (Compiled frame)
 - sun.nio.ch.SelectorImpl.select(long) @bci=30, line=80 (Compiled frame)
 - io.netty.channel.nio.NioEventLoop.select(boolean) @bci=62, line=622 (Compiled frame)
 - io.netty.channel.nio.NioEventLoop.run() @bci=25, line=310 (Compiled frame)
 - io.netty.util.concurrent.SingleThreadEventExecutor$2.run() @bci=13, line=116 (Interpreted frame)
 - java.lang.Thread.run() @bci=11, line=662 (Interpreted frame)


Thread 229941: (state = IN_NATIVE)
 - sun.nio.ch.EPollArrayWrapper.epollWait(long, int, long, int) @bci=0 (Compiled frame; information may be imprecise)
 - sun.nio.ch.EPollArrayWrapper.poll(long) @bci=18, line=210 (Compiled frame)
 - sun.nio.ch.EPollSelectorImpl.doSelect(long) @bci=28, line=65 (Compiled frame)
 - sun.nio.ch.SelectorImpl.lockAndDoSelect(long) @bci=37, line=69 (Compiled frame)
 - sun.nio.ch.SelectorImpl.select(long) @bci=30, line=80 (Compiled frame)
 - io.netty.channel.nio.NioEventLoop.select(boolean) @bci=62, line=622 (Compiled frame)
 - io.netty.channel.nio.NioEventLoop.run() @bci=25, line=310 (Compiled frame)
 - io.netty.util.concurrent.SingleThreadEventExecutor$2.run() @bci=13, line=116 (Interpreted frame)
 - java.lang.Thread.run() @bci=11, line=662 (Interpreted frame)


Thread 229940: (state = IN_NATIVE)
 - sun.nio.ch.EPollArrayWrapper.epollWait(long, int, long, int) @bci=0 (Compiled frame; information may be imprecise)
 - sun.nio.ch.EPollArrayWrapper.poll(long) @bci=18, line=210 (Compiled frame)
 - sun.nio.ch.EPollSelectorImpl.doSelect(long) @bci=28, line=65 (Compiled frame)
 - sun.nio.ch.SelectorImpl.lockAndDoSelect(long) @bci=37, line=69 (Compiled frame)
 - sun.nio.ch.SelectorImpl.select(long) @bci=30, line=80 (Compiled frame)
 - io.netty.channel.nio.NioEventLoop.select(boolean) @bci=62, line=622 (Compiled frame)
 - io.netty.channel.nio.NioEventLoop.run() @bci=25, line=310 (Compiled frame)
 - io.netty.util.concurrent.SingleThreadEventExecutor$2.run() @bci=13, line=116 (Interpreted frame)
 - java.lang.Thread.run() @bci=11, line=662 (Interpreted frame)


Thread 229938: (state = IN_NATIVE)
 - sun.nio.ch.EPollArrayWrapper.epollWait(long, int, long, int) @bci=0 (Compiled frame; information may be imprecise)
 - sun.nio.ch.EPollArrayWrapper.poll(long) @bci=18, line=210 (Compiled frame)
 - sun.nio.ch.EPollSelectorImpl.doSelect(long) @bci=28, line=65 (Compiled frame)
 - sun.nio.ch.SelectorImpl.lockAndDoSelect(long) @bci=37, line=69 (Compiled frame)
 - sun.nio.ch.SelectorImpl.select(long) @bci=30, line=80 (Compiled frame)
 - io.netty.channel.nio.NioEventLoop.select(boolean) @bci=62, line=622 (Compiled frame)
 - io.netty.channel.nio.NioEventLoop.run() @bci=25, line=310 (Compiled frame)
 - io.netty.util.concurrent.SingleThreadEventExecutor$2.run() @bci=13, line=116 (Interpreted frame)
 - java.lang.Thread.run() @bci=11, line=662 (Interpreted frame)


Thread 229886: (state = BLOCKED)
 - java.lang.Object.wait(long) @bci=0 (Compiled frame; information may be imprecise)
 - java.lang.Object.wait() @bci=2, line=485 (Compiled frame)
 - org.apache.tomcat.util.net.JIoEndpoint$Worker.await() @bci=8, line=458 (Compiled frame)
 - org.apache.tomcat.util.net.JIoEndpoint$Worker.run() @bci=11, line=484 (Compiled frame)
 - java.lang.Thread.run() @bci=11, line=662 (Interpreted frame)


Thread 229885: (state = IN_NATIVE)
 - java.net.PlainSocketImpl.socketAccept(java.net.SocketImpl) @bci=0 (Interpreted frame)
 - java.net.PlainSocketImpl.accept(java.net.SocketImpl) @bci=7, line=408 (Interpreted frame)
 - java.net.ServerSocket.implAccept(java.net.Socket) @bci=60, line=462 (Interpreted frame)
 - java.net.ServerSocket.accept() @bci=48, line=430 (Interpreted frame)
 - org.apache.tomcat.util.net.DefaultServerSocketFactory.acceptSocket(java.net.ServerSocket) @bci=1, line=61 (Compiled frame)
 - org.apache.tomcat.util.net.JIoEndpoint$Acceptor.run() @bci=47, line=352 (Compiled frame)
 - java.lang.Thread.run() @bci=11, line=662 (Interpreted frame)


Thread 229884: (state = BLOCKED)
 - java.lang.Thread.sleep(long) @bci=0 (Compiled frame; information may be imprecise)
 - org.apache.catalina.core.ContainerBase$ContainerBackgroundProcessor.run() @bci=22, line=1631 (Compiled frame)
 - java.lang.Thread.run() @bci=11, line=662 (Interpreted frame)


Thread 229881: (state = BLOCKED)
 - sun.misc.Unsafe.park(boolean, long) @bci=0 (Compiled frame; information may be imprecise)
 - java.util.concurrent.locks.LockSupport.parkNanos(java.lang.Object, long) @bci=20, line=198 (Compiled frame)
 - java.util.concurrent.locks.AbstractQueuedSynchronizer$ConditionObject.awaitNanos(long) @bci=68, line=2025 (Compiled frame)
 - java.util.concurrent.DelayQueue.take() @bci=57, line=164 (Compiled frame)
 - java.util.concurrent.ScheduledThreadPoolExecutor$DelayedWorkQueue.take() @bci=4, line=609 (Compiled frame)
 - java.util.concurrent.ScheduledThreadPoolExecutor$DelayedWorkQueue.take() @bci=1, line=602 (Compiled frame)
 - java.util.concurrent.ThreadPoolExecutor.getTask() @bci=78, line=947 (Compiled frame)
 - java.util.concurrent.ThreadPoolExecutor$Worker.run() @bci=18, line=907 (Compiled frame)
 - java.lang.Thread.run() @bci=11, line=662 (Interpreted frame)


Thread 229880: (state = BLOCKED)
 - sun.misc.Unsafe.park(boolean, long) @bci=0 (Compiled frame; information may be imprecise)
 - java.util.concurrent.locks.LockSupport.parkNanos(java.lang.Object, long) @bci=20, line=198 (Compiled frame)
 - java.util.concurrent.locks.AbstractQueuedSynchronizer$ConditionObject.awaitNanos(long) @bci=68, line=2025 (Compiled frame)
 - java.util.concurrent.DelayQueue.take() @bci=57, line=164 (Compiled frame)
 - java.util.concurrent.ScheduledThreadPoolExecutor$DelayedWorkQueue.take() @bci=4, line=609 (Compiled frame)
 - java.util.concurrent.ScheduledThreadPoolExecutor$DelayedWorkQueue.take() @bci=1, line=602 (Compiled frame)
 - java.util.concurrent.ThreadPoolExecutor.getTask() @bci=78, line=947 (Compiled frame)
 - java.util.concurrent.ThreadPoolExecutor$Worker.run() @bci=18, line=907 (Compiled frame)
 - java.lang.Thread.run() @bci=11, line=662 (Interpreted frame)


Thread 229869: (state = BLOCKED)
 - sun.misc.Unsafe.park(boolean, long) @bci=0 (Compiled frame; information may be imprecise)
 - java.util.concurrent.locks.LockSupport.parkNanos(java.lang.Object, long) @bci=20, line=198 (Compiled frame)
 - java.util.concurrent.locks.AbstractQueuedSynchronizer$ConditionObject.awaitNanos(long) @bci=68, line=2025 (Compiled frame)
 - java.util.concurrent.DelayQueue.take() @bci=57, line=164 (Compiled frame)
 - java.util.concurrent.ScheduledThreadPoolExecutor$DelayedWorkQueue.take() @bci=4, line=609 (Compiled frame)
 - java.util.concurrent.ScheduledThreadPoolExecutor$DelayedWorkQueue.take() @bci=1, line=602 (Compiled frame)
 - java.util.concurrent.ThreadPoolExecutor.getTask() @bci=78, line=947 (Compiled frame)
 - java.util.concurrent.ThreadPoolExecutor$Worker.run() @bci=18, line=907 (Compiled frame)
 - java.lang.Thread.run() @bci=11, line=662 (Interpreted frame)


Thread 229868: (state = BLOCKED)
 - sun.misc.Unsafe.park(boolean, long) @bci=0 (Compiled frame; information may be imprecise)
 - java.util.concurrent.locks.LockSupport.parkNanos(java.lang.Object, long) @bci=20, line=198 (Compiled frame)
 - java.util.concurrent.locks.AbstractQueuedSynchronizer$ConditionObject.awaitNanos(long) @bci=68, line=2025 (Compiled frame)
 - java.util.concurrent.DelayQueue.take() @bci=57, line=164 (Compiled frame)
 - java.util.concurrent.ScheduledThreadPoolExecutor$DelayedWorkQueue.take() @bci=4, line=609 (Compiled frame)
 - java.util.concurrent.ScheduledThreadPoolExecutor$DelayedWorkQueue.take() @bci=1, line=602 (Compiled frame)
 - java.util.concurrent.ThreadPoolExecutor.getTask() @bci=78, line=947 (Compiled frame)
 - java.util.concurrent.ThreadPoolExecutor$Worker.run() @bci=18, line=907 (Compiled frame)
 - java.lang.Thread.run() @bci=11, line=662 (Interpreted frame)


Thread 229857: (state = BLOCKED)
 - sun.misc.Unsafe.park(boolean, long) @bci=0 (Compiled frame; information may be imprecise)
 - java.util.concurrent.locks.LockSupport.parkNanos(java.lang.Object, long) @bci=20, line=198 (Compiled frame)
 - java.util.concurrent.locks.AbstractQueuedSynchronizer$ConditionObject.awaitNanos(long) @bci=68, line=2025 (Compiled frame)
 - java.util.concurrent.DelayQueue.take() @bci=57, line=164 (Compiled frame)
 - java.util.concurrent.ScheduledThreadPoolExecutor$DelayedWorkQueue.take() @bci=4, line=609 (Compiled frame)
 - java.util.concurrent.ScheduledThreadPoolExecutor$DelayedWorkQueue.take() @bci=1, line=602 (Compiled frame)
 - java.util.concurrent.ThreadPoolExecutor.getTask() @bci=78, line=947 (Compiled frame)
 - java.util.concurrent.ThreadPoolExecutor$Worker.run() @bci=18, line=907 (Compiled frame)
 - java.lang.Thread.run() @bci=11, line=662 (Interpreted frame)


Thread 229856: (state = BLOCKED)
 - sun.misc.Unsafe.park(boolean, long) @bci=0 (Compiled frame; information may be imprecise)
 - java.util.concurrent.locks.LockSupport.parkNanos(java.lang.Object, long) @bci=20, line=198 (Compiled frame)
 - java.util.concurrent.locks.AbstractQueuedSynchronizer$ConditionObject.awaitNanos(long) @bci=68, line=2025 (Compiled frame)
 - java.util.concurrent.DelayQueue.take() @bci=57, line=164 (Compiled frame)
 - java.util.concurrent.ScheduledThreadPoolExecutor$DelayedWorkQueue.take() @bci=4, line=609 (Compiled frame)
 - java.util.concurrent.ScheduledThreadPoolExecutor$DelayedWorkQueue.take() @bci=1, line=602 (Compiled frame)
 - java.util.concurrent.ThreadPoolExecutor.getTask() @bci=78, line=947 (Compiled frame)
 - java.util.concurrent.ThreadPoolExecutor$Worker.run() @bci=18, line=907 (Compiled frame)
 - java.lang.Thread.run() @bci=11, line=662 (Interpreted frame)


Thread 229845: (state = BLOCKED)
 - sun.misc.Unsafe.park(boolean, long) @bci=0 (Compiled frame; information may be imprecise)
 - java.util.concurrent.locks.LockSupport.parkNanos(java.lang.Object, long) @bci=20, line=198 (Compiled frame)
 - java.util.concurrent.locks.AbstractQueuedSynchronizer$ConditionObject.awaitNanos(long) @bci=68, line=2025 (Compiled frame)
 - java.util.concurrent.DelayQueue.take() @bci=57, line=164 (Compiled frame)
 - java.util.concurrent.ScheduledThreadPoolExecutor$DelayedWorkQueue.take() @bci=4, line=609 (Compiled frame)
 - java.util.concurrent.ScheduledThreadPoolExecutor$DelayedWorkQueue.take() @bci=1, line=602 (Compiled frame)
 - java.util.concurrent.ThreadPoolExecutor.getTask() @bci=78, line=947 (Compiled frame)
 - java.util.concurrent.ThreadPoolExecutor$Worker.run() @bci=18, line=907 (Compiled frame)
 - java.lang.Thread.run() @bci=11, line=662 (Interpreted frame)


Thread 229844: (state = BLOCKED)
 - sun.misc.Unsafe.park(boolean, long) @bci=0 (Compiled frame; information may be imprecise)
 - java.util.concurrent.locks.LockSupport.parkNanos(java.lang.Object, long) @bci=20, line=198 (Compiled frame)
 - java.util.concurrent.locks.AbstractQueuedSynchronizer$ConditionObject.awaitNanos(long) @bci=68, line=2025 (Compiled frame)
 - java.util.concurrent.DelayQueue.take() @bci=57, line=164 (Compiled frame)
 - java.util.concurrent.ScheduledThreadPoolExecutor$DelayedWorkQueue.take() @bci=4, line=609 (Compiled frame)
 - java.util.concurrent.ScheduledThreadPoolExecutor$DelayedWorkQueue.take() @bci=1, line=602 (Compiled frame)
 - java.util.concurrent.ThreadPoolExecutor.getTask() @bci=78, line=947 (Compiled frame)
 - java.util.concurrent.ThreadPoolExecutor$Worker.run() @bci=18, line=907 (Compiled frame)
 - java.lang.Thread.run() @bci=11, line=662 (Interpreted frame)


Thread 229833: (state = BLOCKED)
 - sun.misc.Unsafe.park(boolean, long) @bci=0 (Compiled frame; information may be imprecise)
 - java.util.concurrent.locks.LockSupport.parkNanos(java.lang.Object, long) @bci=20, line=198 (Compiled frame)
 - java.util.concurrent.locks.AbstractQueuedSynchronizer$ConditionObject.awaitNanos(long) @bci=68, line=2025 (Compiled frame)
 - java.util.concurrent.DelayQueue.take() @bci=57, line=164 (Compiled frame)
 - java.util.concurrent.ScheduledThreadPoolExecutor$DelayedWorkQueue.take() @bci=4, line=609 (Compiled frame)
 - java.util.concurrent.ScheduledThreadPoolExecutor$DelayedWorkQueue.take() @bci=1, line=602 (Compiled frame)
 - java.util.concurrent.ThreadPoolExecutor.getTask() @bci=78, line=947 (Compiled frame)
 - java.util.concurrent.ThreadPoolExecutor$Worker.run() @bci=18, line=907 (Compiled frame)
 - java.lang.Thread.run() @bci=11, line=662 (Interpreted frame)


Thread 229832: (state = BLOCKED)
 - sun.misc.Unsafe.park(boolean, long) @bci=0 (Compiled frame; information may be imprecise)
 - java.util.concurrent.locks.LockSupport.parkNanos(java.lang.Object, long) @bci=20, line=198 (Compiled frame)
 - java.util.concurrent.locks.AbstractQueuedSynchronizer$ConditionObject.awaitNanos(long) @bci=68, line=2025 (Compiled frame)
 - java.util.concurrent.DelayQueue.take() @bci=57, line=164 (Compiled frame)
 - java.util.concurrent.ScheduledThreadPoolExecutor$DelayedWorkQueue.take() @bci=4, line=609 (Compiled frame)
 - java.util.concurrent.ScheduledThreadPoolExecutor$DelayedWorkQueue.take() @bci=1, line=602 (Compiled frame)
 - java.util.concurrent.ThreadPoolExecutor.getTask() @bci=78, line=947 (Compiled frame)
 - java.util.concurrent.ThreadPoolExecutor$Worker.run() @bci=18, line=907 (Compiled frame)
 - java.lang.Thread.run() @bci=11, line=662 (Interpreted frame)


Thread 229765: (state = BLOCKED)
 - sun.misc.Unsafe.park(boolean, long) @bci=0 (Compiled frame; information may be imprecise)
 - java.util.concurrent.locks.LockSupport.parkNanos(java.lang.Object, long) @bci=20, line=198 (Compiled frame)
 - java.util.concurrent.locks.AbstractQueuedSynchronizer$ConditionObject.awaitNanos(long) @bci=68, line=2025 (Compiled frame)
 - java.util.concurrent.DelayQueue.take() @bci=57, line=164 (Compiled frame)
 - java.util.concurrent.ScheduledThreadPoolExecutor$DelayedWorkQueue.take() @bci=4, line=609 (Compiled frame)
 - java.util.concurrent.ScheduledThreadPoolExecutor$DelayedWorkQueue.take() @bci=1, line=602 (Compiled frame)
 - java.util.concurrent.ThreadPoolExecutor.getTask() @bci=78, line=947 (Compiled frame)
 - java.util.concurrent.ThreadPoolExecutor$Worker.run() @bci=18, line=907 (Compiled frame)
 - java.lang.Thread.run() @bci=11, line=662 (Interpreted frame)


Thread 229764: (state = BLOCKED)
 - sun.misc.Unsafe.park(boolean, long) @bci=0 (Compiled frame; information may be imprecise)
 - java.util.concurrent.locks.LockSupport.parkNanos(java.lang.Object, long) @bci=20, line=198 (Compiled frame)
 - java.util.concurrent.locks.AbstractQueuedSynchronizer$ConditionObject.awaitNanos(long) @bci=68, line=2025 (Compiled frame)
 - java.util.concurrent.DelayQueue.take() @bci=57, line=164 (Compiled frame)
 - java.util.concurrent.ScheduledThreadPoolExecutor$DelayedWorkQueue.take() @bci=4, line=609 (Compiled frame)
 - java.util.concurrent.ScheduledThreadPoolExecutor$DelayedWorkQueue.take() @bci=1, line=602 (Compiled frame)
 - java.util.concurrent.ThreadPoolExecutor.getTask() @bci=78, line=947 (Compiled frame)
 - java.util.concurrent.ThreadPoolExecutor$Worker.run() @bci=18, line=907 (Compiled frame)
 - java.lang.Thread.run() @bci=11, line=662 (Interpreted frame)


Thread 229763: (state = BLOCKED)
 - java.lang.Object.wait(long) @bci=0 (Compiled frame; information may be imprecise)
 - java.util.TimerThread.mainLoop() @bci=201, line=509 (Compiled frame)
 - java.util.TimerThread.run() @bci=1, line=462 (Interpreted frame)


Thread 229762: (state = BLOCKED)
 - java.lang.Object.wait(long) @bci=0 (Compiled frame; information may be imprecise)
 - java.util.TimerThread.mainLoop() @bci=201, line=509 (Interpreted frame)
 - java.util.TimerThread.run() @bci=1, line=462 (Interpreted frame)


Thread 229761: (state = BLOCKED)
 - java.lang.Thread.sleep(long) @bci=0 (Compiled frame; information may be imprecise)
 - com.jd.ump.profiler.util.MessagesStore$WriteLog2File.run() @bci=58, line=83 (Compiled frame)
 - java.lang.Thread.run() @bci=11, line=662 (Interpreted frame)


Thread 229760: (state = BLOCKED)
 - java.lang.Thread.sleep(long) @bci=0 (Compiled frame; information may be imprecise)
 - com.jd.ump.profiler.util.MessagesStore$WriteLog2File.run() @bci=58, line=83 (Compiled frame)
 - java.lang.Thread.run() @bci=11, line=662 (Interpreted frame)


Thread 229759: (state = BLOCKED)
 - java.lang.Thread.sleep(long) @bci=0 (Compiled frame; information may be imprecise)
 - com.jd.ump.profiler.util.MessagesStore$WriteLog2File.run() @bci=58, line=83 (Compiled frame)
 - java.lang.Thread.run() @bci=11, line=662 (Interpreted frame)


Thread 229758: (state = BLOCKED)
 - java.lang.Thread.sleep(long) @bci=0 (Compiled frame; information may be imprecise)
 - com.jd.ump.profiler.util.MessagesStore$WriteLog2File.run() @bci=58, line=83 (Compiled frame)
 - java.lang.Thread.run() @bci=11, line=662 (Interpreted frame)


Thread 229757: (state = BLOCKED)
 - java.lang.Thread.sleep(long) @bci=0 (Compiled frame; information may be imprecise)
 - com.jd.ump.profiler.util.MessagesStore$WriteLog2File.run() @bci=58, line=83 (Compiled frame)
 - java.lang.Thread.run() @bci=11, line=662 (Interpreted frame)


Thread 229746: (state = BLOCKED)
 - java.lang.Thread.sleep(long) @bci=0 (Compiled frame; information may be imprecise)
 - com.jd.ump.profiler.util.MessagesStore$WriteLog2File.run() @bci=58, line=83 (Compiled frame)
 - java.lang.Thread.run() @bci=11, line=662 (Interpreted frame)


Thread 229745: (state = BLOCKED)
 - java.lang.Object.wait(long) @bci=0 (Compiled frame; information may be imprecise)
 - java.util.TimerThread.mainLoop() @bci=201, line=509 (Compiled frame)
 - java.util.TimerThread.run() @bci=1, line=462 (Interpreted frame)


Thread 229744: (state = BLOCKED)
 - java.lang.Object.wait(long) @bci=0 (Compiled frame; information may be imprecise)
 - java.util.TimerThread.mainLoop() @bci=201, line=509 (Compiled frame)
 - java.util.TimerThread.run() @bci=1, line=462 (Interpreted frame)


Thread 229743: (state = BLOCKED)
 - java.lang.Object.wait(long) @bci=0 (Compiled frame; information may be imprecise)
 - java.util.TimerThread.mainLoop() @bci=201, line=509 (Compiled frame)
 - java.util.TimerThread.run() @bci=1, line=462 (Interpreted frame)


Thread 229742: (state = BLOCKED)
 - sun.misc.Unsafe.park(boolean, long) @bci=0 (Compiled frame; information may be imprecise)
 - java.util.concurrent.locks.LockSupport.parkNanos(java.lang.Object, long) @bci=20, line=198 (Compiled frame)
 - java.util.concurrent.locks.AbstractQueuedSynchronizer$ConditionObject.awaitNanos(long) @bci=68, line=2025 (Compiled frame)
 - java.util.concurrent.DelayQueue.take() @bci=57, line=164 (Compiled frame)
 - java.util.concurrent.ScheduledThreadPoolExecutor$DelayedWorkQueue.take() @bci=4, line=609 (Compiled frame)
 - java.util.concurrent.ScheduledThreadPoolExecutor$DelayedWorkQueue.take() @bci=1, line=602 (Compiled frame)
 - java.util.concurrent.ThreadPoolExecutor.getTask() @bci=78, line=947 (Compiled frame)
 - java.util.concurrent.ThreadPoolExecutor$Worker.run() @bci=18, line=907 (Compiled frame)
 - java.lang.Thread.run() @bci=11, line=662 (Interpreted frame)


Thread 229741: (state = BLOCKED)
 - sun.misc.Unsafe.park(boolean, long) @bci=0 (Compiled frame; information may be imprecise)
 - java.util.concurrent.locks.LockSupport.parkNanos(java.lang.Object, long) @bci=20, line=198 (Compiled frame)
 - java.util.concurrent.locks.AbstractQueuedSynchronizer$ConditionObject.awaitNanos(long) @bci=68, line=2025 (Compiled frame)
 - java.util.concurrent.DelayQueue.take() @bci=57, line=164 (Compiled frame)
 - java.util.concurrent.ScheduledThreadPoolExecutor$DelayedWorkQueue.take() @bci=4, line=609 (Compiled frame)
 - java.util.concurrent.ScheduledThreadPoolExecutor$DelayedWorkQueue.take() @bci=1, line=602 (Compiled frame)
 - java.util.concurrent.ThreadPoolExecutor.getTask() @bci=78, line=947 (Compiled frame)
 - java.util.concurrent.ThreadPoolExecutor$Worker.run() @bci=18, line=907 (Compiled frame)
 - java.lang.Thread.run() @bci=11, line=662 (Interpreted frame)


Thread 229730: (state = BLOCKED)
 - sun.misc.Unsafe.park(boolean, long) @bci=0 (Compiled frame; information may be imprecise)
 - java.util.concurrent.locks.LockSupport.parkNanos(java.lang.Object, long) @bci=20, line=198 (Compiled frame)
 - java.util.concurrent.locks.AbstractQueuedSynchronizer$ConditionObject.awaitNanos(long) @bci=68, line=2025 (Compiled frame)
 - java.util.concurrent.DelayQueue.take() @bci=57, line=164 (Compiled frame)
 - java.util.concurrent.ScheduledThreadPoolExecutor$DelayedWorkQueue.take() @bci=4, line=609 (Compiled frame)
 - java.util.concurrent.ScheduledThreadPoolExecutor$DelayedWorkQueue.take() @bci=1, line=602 (Compiled frame)
 - java.util.concurrent.ThreadPoolExecutor.getTask() @bci=78, line=947 (Compiled frame)
 - java.util.concurrent.ThreadPoolExecutor$Worker.run() @bci=18, line=907 (Compiled frame)
 - java.lang.Thread.run() @bci=11, line=662 (Interpreted frame)


Thread 229729: (state = BLOCKED)
 - sun.misc.Unsafe.park(boolean, long) @bci=0 (Compiled frame; information may be imprecise)
 - java.util.concurrent.locks.LockSupport.parkNanos(java.lang.Object, long) @bci=20, line=198 (Compiled frame)
 - java.util.concurrent.locks.AbstractQueuedSynchronizer$ConditionObject.awaitNanos(long) @bci=68, line=2025 (Compiled frame)
 - java.util.concurrent.DelayQueue.take() @bci=57, line=164 (Compiled frame)
 - java.util.concurrent.ScheduledThreadPoolExecutor$DelayedWorkQueue.take() @bci=4, line=609 (Compiled frame)
 - java.util.concurrent.ScheduledThreadPoolExecutor$DelayedWorkQueue.take() @bci=1, line=602 (Compiled frame)
 - java.util.concurrent.ThreadPoolExecutor.getTask() @bci=78, line=947 (Compiled frame)
 - java.util.concurrent.ThreadPoolExecutor$Worker.run() @bci=18, line=907 (Compiled frame)
 - java.lang.Thread.run() @bci=11, line=662 (Interpreted frame)


Thread 229718: (state = BLOCKED)
 - sun.misc.Unsafe.park(boolean, long) @bci=0 (Compiled frame; information may be imprecise)
 - java.util.concurrent.locks.LockSupport.parkNanos(java.lang.Object, long) @bci=20, line=198 (Compiled frame)
 - java.util.concurrent.locks.AbstractQueuedSynchronizer$ConditionObject.awaitNanos(long) @bci=68, line=2025 (Compiled frame)
 - java.util.concurrent.DelayQueue.take() @bci=57, line=164 (Compiled frame)
 - java.util.concurrent.ScheduledThreadPoolExecutor$DelayedWorkQueue.take() @bci=4, line=609 (Compiled frame)
 - java.util.concurrent.ScheduledThreadPoolExecutor$DelayedWorkQueue.take() @bci=1, line=602 (Compiled frame)
 - java.util.concurrent.ThreadPoolExecutor.getTask() @bci=78, line=947 (Compiled frame)
 - java.util.concurrent.ThreadPoolExecutor$Worker.run() @bci=18, line=907 (Compiled frame)
 - java.lang.Thread.run() @bci=11, line=662 (Interpreted frame)


Thread 229717: (state = BLOCKED)
 - sun.misc.Unsafe.park(boolean, long) @bci=0 (Compiled frame; information may be imprecise)
 - java.util.concurrent.locks.LockSupport.parkNanos(java.lang.Object, long) @bci=20, line=198 (Compiled frame)
 - java.util.concurrent.locks.AbstractQueuedSynchronizer$ConditionObject.awaitNanos(long) @bci=68, line=2025 (Compiled frame)
 - java.util.concurrent.DelayQueue.take() @bci=57, line=164 (Compiled frame)
 - java.util.concurrent.ScheduledThreadPoolExecutor$DelayedWorkQueue.take() @bci=4, line=609 (Compiled frame)
 - java.util.concurrent.ScheduledThreadPoolExecutor$DelayedWorkQueue.take() @bci=1, line=602 (Compiled frame)
 - java.util.concurrent.ThreadPoolExecutor.getTask() @bci=78, line=947 (Compiled frame)
 - java.util.concurrent.ThreadPoolExecutor$Worker.run() @bci=18, line=907 (Compiled frame)
 - java.lang.Thread.run() @bci=11, line=662 (Interpreted frame)


Thread 229706: (state = BLOCKED)
 - sun.misc.Unsafe.park(boolean, long) @bci=0 (Compiled frame; information may be imprecise)
 - java.util.concurrent.locks.LockSupport.parkNanos(java.lang.Object, long) @bci=20, line=198 (Compiled frame)
 - java.util.concurrent.locks.AbstractQueuedSynchronizer$ConditionObject.awaitNanos(long) @bci=68, line=2025 (Compiled frame)
 - java.util.concurrent.DelayQueue.take() @bci=57, line=164 (Compiled frame)
 - java.util.concurrent.ScheduledThreadPoolExecutor$DelayedWorkQueue.take() @bci=4, line=609 (Compiled frame)
 - java.util.concurrent.ScheduledThreadPoolExecutor$DelayedWorkQueue.take() @bci=1, line=602 (Compiled frame)
 - java.util.concurrent.ThreadPoolExecutor.getTask() @bci=78, line=947 (Compiled frame)
 - java.util.concurrent.ThreadPoolExecutor$Worker.run() @bci=18, line=907 (Compiled frame)
 - java.lang.Thread.run() @bci=11, line=662 (Interpreted frame)


Thread 229705: (state = BLOCKED)
 - sun.misc.Unsafe.park(boolean, long) @bci=0 (Compiled frame; information may be imprecise)
 - java.util.concurrent.locks.LockSupport.parkNanos(java.lang.Object, long) @bci=20, line=198 (Compiled frame)
 - java.util.concurrent.locks.AbstractQueuedSynchronizer$ConditionObject.awaitNanos(long) @bci=68, line=2025 (Compiled frame)
 - java.util.concurrent.DelayQueue.take() @bci=57, line=164 (Compiled frame)
 - java.util.concurrent.ScheduledThreadPoolExecutor$DelayedWorkQueue.take() @bci=4, line=609 (Compiled frame)
 - java.util.concurrent.ScheduledThreadPoolExecutor$DelayedWorkQueue.take() @bci=1, line=602 (Compiled frame)
 - java.util.concurrent.ThreadPoolExecutor.getTask() @bci=78, line=947 (Compiled frame)
 - java.util.concurrent.ThreadPoolExecutor$Worker.run() @bci=18, line=907 (Compiled frame)
 - java.lang.Thread.run() @bci=11, line=662 (Interpreted frame)


Thread 229694: (state = BLOCKED)
 - sun.misc.Unsafe.park(boolean, long) @bci=0 (Compiled frame; information may be imprecise)
 - java.util.concurrent.locks.LockSupport.parkNanos(java.lang.Object, long) @bci=20, line=198 (Compiled frame)
 - java.util.concurrent.locks.AbstractQueuedSynchronizer$ConditionObject.awaitNanos(long) @bci=68, line=2025 (Compiled frame)
 - java.util.concurrent.DelayQueue.take() @bci=57, line=164 (Compiled frame)
 - java.util.concurrent.ScheduledThreadPoolExecutor$DelayedWorkQueue.take() @bci=4, line=609 (Compiled frame)
 - java.util.concurrent.ScheduledThreadPoolExecutor$DelayedWorkQueue.take() @bci=1, line=602 (Compiled frame)
 - java.util.concurrent.ThreadPoolExecutor.getTask() @bci=78, line=947 (Compiled frame)
 - java.util.concurrent.ThreadPoolExecutor$Worker.run() @bci=18, line=907 (Compiled frame)
 - java.lang.Thread.run() @bci=11, line=662 (Interpreted frame)


Thread 229693: (state = BLOCKED)
 - sun.misc.Unsafe.park(boolean, long) @bci=0 (Compiled frame; information may be imprecise)
 - java.util.concurrent.locks.LockSupport.parkNanos(java.lang.Object, long) @bci=20, line=198 (Compiled frame)
 - java.util.concurrent.locks.AbstractQueuedSynchronizer$ConditionObject.awaitNanos(long) @bci=68, line=2025 (Compiled frame)
 - java.util.concurrent.DelayQueue.take() @bci=57, line=164 (Compiled frame)
 - java.util.concurrent.ScheduledThreadPoolExecutor$DelayedWorkQueue.take() @bci=4, line=609 (Compiled frame)
 - java.util.concurrent.ScheduledThreadPoolExecutor$DelayedWorkQueue.take() @bci=1, line=602 (Compiled frame)
 - java.util.concurrent.ThreadPoolExecutor.getTask() @bci=78, line=947 (Compiled frame)
 - java.util.concurrent.ThreadPoolExecutor$Worker.run() @bci=18, line=907 (Compiled frame)
 - java.lang.Thread.run() @bci=11, line=662 (Interpreted frame)


Thread 229681: (state = BLOCKED)
 - sun.misc.Unsafe.park(boolean, long) @bci=0 (Compiled frame; information may be imprecise)
 - java.util.concurrent.locks.LockSupport.parkNanos(java.lang.Object, long) @bci=20, line=198 (Compiled frame)
 - java.util.concurrent.locks.AbstractQueuedSynchronizer$ConditionObject.awaitNanos(long) @bci=68, line=2025 (Compiled frame)
 - java.util.concurrent.DelayQueue.take() @bci=57, line=164 (Compiled frame)
 - java.util.concurrent.ScheduledThreadPoolExecutor$DelayedWorkQueue.take() @bci=4, line=609 (Compiled frame)
 - java.util.concurrent.ScheduledThreadPoolExecutor$DelayedWorkQueue.take() @bci=1, line=602 (Compiled frame)
 - java.util.concurrent.ThreadPoolExecutor.getTask() @bci=78, line=947 (Compiled frame)
 - java.util.concurrent.ThreadPoolExecutor$Worker.run() @bci=18, line=907 (Compiled frame)
 - java.lang.Thread.run() @bci=11, line=662 (Interpreted frame)


Thread 229680: (state = BLOCKED)
 - sun.misc.Unsafe.park(boolean, long) @bci=0 (Compiled frame; information may be imprecise)
 - java.util.concurrent.locks.LockSupport.parkNanos(java.lang.Object, long) @bci=20, line=198 (Compiled frame)
 - java.util.concurrent.locks.AbstractQueuedSynchronizer$ConditionObject.awaitNanos(long) @bci=68, line=2025 (Compiled frame)
 - java.util.concurrent.DelayQueue.take() @bci=57, line=164 (Compiled frame)
 - java.util.concurrent.ScheduledThreadPoolExecutor$DelayedWorkQueue.take() @bci=4, line=609 (Compiled frame)
 - java.util.concurrent.ScheduledThreadPoolExecutor$DelayedWorkQueue.take() @bci=1, line=602 (Compiled frame)
 - java.util.concurrent.ThreadPoolExecutor.getTask() @bci=78, line=947 (Compiled frame)
 - java.util.concurrent.ThreadPoolExecutor$Worker.run() @bci=18, line=907 (Compiled frame)
 - java.lang.Thread.run() @bci=11, line=662 (Interpreted frame)


Thread 229669: (state = BLOCKED)
 - sun.misc.Unsafe.park(boolean, long) @bci=0 (Compiled frame; information may be imprecise)
 - java.util.concurrent.locks.LockSupport.parkNanos(java.lang.Object, long) @bci=20, line=198 (Compiled frame)
 - java.util.concurrent.locks.AbstractQueuedSynchronizer$ConditionObject.awaitNanos(long) @bci=68, line=2025 (Compiled frame)
 - java.util.concurrent.DelayQueue.take() @bci=57, line=164 (Compiled frame)
 - java.util.concurrent.ScheduledThreadPoolExecutor$DelayedWorkQueue.take() @bci=4, line=609 (Compiled frame)
 - java.util.concurrent.ScheduledThreadPoolExecutor$DelayedWorkQueue.take() @bci=1, line=602 (Compiled frame)
 - java.util.concurrent.ThreadPoolExecutor.getTask() @bci=78, line=947 (Compiled frame)
 - java.util.concurrent.ThreadPoolExecutor$Worker.run() @bci=18, line=907 (Compiled frame)
 - java.lang.Thread.run() @bci=11, line=662 (Interpreted frame)


Thread 229668: (state = BLOCKED)
 - sun.misc.Unsafe.park(boolean, long) @bci=0 (Compiled frame; information may be imprecise)
 - java.util.concurrent.locks.LockSupport.parkNanos(java.lang.Object, long) @bci=20, line=198 (Compiled frame)
 - java.util.concurrent.locks.AbstractQueuedSynchronizer$ConditionObject.awaitNanos(long) @bci=68, line=2025 (Compiled frame)
 - java.util.concurrent.DelayQueue.take() @bci=57, line=164 (Compiled frame)
 - java.util.concurrent.ScheduledThreadPoolExecutor$DelayedWorkQueue.take() @bci=4, line=609 (Compiled frame)
 - java.util.concurrent.ScheduledThreadPoolExecutor$DelayedWorkQueue.take() @bci=1, line=602 (Compiled frame)
 - java.util.concurrent.ThreadPoolExecutor.getTask() @bci=78, line=947 (Compiled frame)
 - java.util.concurrent.ThreadPoolExecutor$Worker.run() @bci=18, line=907 (Compiled frame)
 - java.lang.Thread.run() @bci=11, line=662 (Interpreted frame)


Thread 229667: (state = IN_NATIVE)
 - sun.nio.ch.EPollArrayWrapper.epollWait(long, int, long, int) @bci=0 (Compiled frame; information may be imprecise)
 - sun.nio.ch.EPollArrayWrapper.poll(long) @bci=18, line=210 (Compiled frame)
 - sun.nio.ch.EPollSelectorImpl.doSelect(long) @bci=28, line=65 (Compiled frame)
 - sun.nio.ch.SelectorImpl.lockAndDoSelect(long) @bci=37, line=69 (Compiled frame)
 - sun.nio.ch.SelectorImpl.select(long) @bci=30, line=80 (Compiled frame)
 - io.netty.channel.nio.NioEventLoop.select(boolean) @bci=62, line=622 (Compiled frame)
 - io.netty.channel.nio.NioEventLoop.run() @bci=25, line=310 (Compiled frame)
 - io.netty.util.concurrent.SingleThreadEventExecutor$2.run() @bci=13, line=116 (Interpreted frame)
 - java.lang.Thread.run() @bci=11, line=662 (Interpreted frame)


Thread 229665: (state = IN_NATIVE)
 - sun.nio.ch.EPollArrayWrapper.epollWait(long, int, long, int) @bci=0 (Compiled frame; information may be imprecise)
 - sun.nio.ch.EPollArrayWrapper.poll(long) @bci=18, line=210 (Compiled frame)
 - sun.nio.ch.EPollSelectorImpl.doSelect(long) @bci=28, line=65 (Compiled frame)
 - sun.nio.ch.SelectorImpl.lockAndDoSelect(long) @bci=37, line=69 (Compiled frame)
 - sun.nio.ch.SelectorImpl.select(long) @bci=30, line=80 (Compiled frame)
 - io.netty.channel.nio.NioEventLoop.select(boolean) @bci=62, line=622 (Compiled frame)
 - io.netty.channel.nio.NioEventLoop.run() @bci=25, line=310 (Compiled frame)
 - io.netty.util.concurrent.SingleThreadEventExecutor$2.run() @bci=13, line=116 (Interpreted frame)
 - java.lang.Thread.run() @bci=11, line=662 (Interpreted frame)


Thread 229662: (state = IN_NATIVE)
 - sun.nio.ch.EPollArrayWrapper.epollWait(long, int, long, int) @bci=0 (Compiled frame; information may be imprecise)
 - sun.nio.ch.EPollArrayWrapper.poll(long) @bci=18, line=210 (Compiled frame)
 - sun.nio.ch.EPollSelectorImpl.doSelect(long) @bci=28, line=65 (Compiled frame)
 - sun.nio.ch.SelectorImpl.lockAndDoSelect(long) @bci=37, line=69 (Compiled frame)
 - sun.nio.ch.SelectorImpl.select(long) @bci=30, line=80 (Compiled frame)
 - io.netty.channel.nio.NioEventLoop.select(boolean) @bci=62, line=622 (Compiled frame)
 - io.netty.channel.nio.NioEventLoop.run() @bci=25, line=310 (Compiled frame)
 - io.netty.util.concurrent.SingleThreadEventExecutor$2.run() @bci=13, line=116 (Interpreted frame)
 - java.lang.Thread.run() @bci=11, line=662 (Interpreted frame)


Thread 229660: (state = IN_NATIVE)
 - sun.nio.ch.EPollArrayWrapper.epollWait(long, int, long, int) @bci=0 (Compiled frame; information may be imprecise)
 - sun.nio.ch.EPollArrayWrapper.poll(long) @bci=18, line=210 (Compiled frame)
 - sun.nio.ch.EPollSelectorImpl.doSelect(long) @bci=28, line=65 (Compiled frame)
 - sun.nio.ch.SelectorImpl.lockAndDoSelect(long) @bci=37, line=69 (Compiled frame)
 - sun.nio.ch.SelectorImpl.select(long) @bci=30, line=80 (Compiled frame)
 - io.netty.channel.nio.NioEventLoop.select(boolean) @bci=62, line=622 (Compiled frame)
 - io.netty.channel.nio.NioEventLoop.run() @bci=25, line=310 (Compiled frame)
 - io.netty.util.concurrent.SingleThreadEventExecutor$2.run() @bci=13, line=116 (Interpreted frame)
 - java.lang.Thread.run() @bci=11, line=662 (Interpreted frame)


Thread 229658: (state = IN_NATIVE)
 - sun.nio.ch.EPollArrayWrapper.epollWait(long, int, long, int) @bci=0 (Compiled frame; information may be imprecise)
 - sun.nio.ch.EPollArrayWrapper.poll(long) @bci=18, line=210 (Compiled frame)
 - sun.nio.ch.EPollSelectorImpl.doSelect(long) @bci=28, line=65 (Compiled frame)
 - sun.nio.ch.SelectorImpl.lockAndDoSelect(long) @bci=37, line=69 (Compiled frame)
 - sun.nio.ch.SelectorImpl.select(long) @bci=30, line=80 (Compiled frame)
 - io.netty.channel.nio.NioEventLoop.select(boolean) @bci=62, line=622 (Compiled frame)
 - io.netty.channel.nio.NioEventLoop.run() @bci=25, line=310 (Compiled frame)
 - io.netty.util.concurrent.SingleThreadEventExecutor$2.run() @bci=13, line=116 (Interpreted frame)
 - java.lang.Thread.run() @bci=11, line=662 (Interpreted frame)


Thread 229657: (state = IN_NATIVE)
 - sun.nio.ch.EPollArrayWrapper.epollWait(long, int, long, int) @bci=0 (Compiled frame; information may be imprecise)
 - sun.nio.ch.EPollArrayWrapper.poll(long) @bci=18, line=210 (Compiled frame)
 - sun.nio.ch.EPollSelectorImpl.doSelect(long) @bci=28, line=65 (Compiled frame)
 - sun.nio.ch.SelectorImpl.lockAndDoSelect(long) @bci=37, line=69 (Compiled frame)
 - sun.nio.ch.SelectorImpl.select(long) @bci=30, line=80 (Compiled frame)
 - io.netty.channel.nio.NioEventLoop.select(boolean) @bci=62, line=622 (Compiled frame)
 - io.netty.channel.nio.NioEventLoop.run() @bci=25, line=310 (Compiled frame)
 - io.netty.util.concurrent.SingleThreadEventExecutor$2.run() @bci=13, line=116 (Interpreted frame)
 - java.lang.Thread.run() @bci=11, line=662 (Interpreted frame)


Thread 229655: (state = IN_NATIVE)
 - sun.nio.ch.EPollArrayWrapper.epollWait(long, int, long, int) @bci=0 (Compiled frame; information may be imprecise)
 - sun.nio.ch.EPollArrayWrapper.poll(long) @bci=18, line=210 (Compiled frame)
 - sun.nio.ch.EPollSelectorImpl.doSelect(long) @bci=28, line=65 (Compiled frame)
 - sun.nio.ch.SelectorImpl.lockAndDoSelect(long) @bci=37, line=69 (Compiled frame)
 - sun.nio.ch.SelectorImpl.select(long) @bci=30, line=80 (Compiled frame)
 - io.netty.channel.nio.NioEventLoop.select(boolean) @bci=62, line=622 (Compiled frame)
 - io.netty.channel.nio.NioEventLoop.run() @bci=25, line=310 (Compiled frame)
 - io.netty.util.concurrent.SingleThreadEventExecutor$2.run() @bci=13, line=116 (Interpreted frame)
 - java.lang.Thread.run() @bci=11, line=662 (Interpreted frame)


Thread 229653: (state = IN_NATIVE)
 - sun.nio.ch.EPollArrayWrapper.epollWait(long, int, long, int) @bci=0 (Compiled frame; information may be imprecise)
 - sun.nio.ch.EPollArrayWrapper.poll(long) @bci=18, line=210 (Compiled frame)
 - sun.nio.ch.EPollSelectorImpl.doSelect(long) @bci=28, line=65 (Compiled frame)
 - sun.nio.ch.SelectorImpl.lockAndDoSelect(long) @bci=37, line=69 (Compiled frame)
 - sun.nio.ch.SelectorImpl.select(long) @bci=30, line=80 (Compiled frame)
 - io.netty.channel.nio.NioEventLoop.select(boolean) @bci=62, line=622 (Compiled frame)
 - io.netty.channel.nio.NioEventLoop.run() @bci=25, line=310 (Compiled frame)
 - io.netty.util.concurrent.SingleThreadEventExecutor$2.run() @bci=13, line=116 (Interpreted frame)
 - java.lang.Thread.run() @bci=11, line=662 (Interpreted frame)


Thread 229649: (state = BLOCKED)
 - sun.misc.Unsafe.park(boolean, long) @bci=0 (Compiled frame; information may be imprecise)
 - java.util.concurrent.locks.LockSupport.parkNanos(java.lang.Object, long) @bci=20, line=198 (Compiled frame)
 - java.util.concurrent.locks.AbstractQueuedSynchronizer$ConditionObject.awaitNanos(long) @bci=68, line=2025 (Compiled frame)
 - java.util.concurrent.DelayQueue.take() @bci=57, line=164 (Compiled frame)
 - java.util.concurrent.ScheduledThreadPoolExecutor$DelayedWorkQueue.take() @bci=4, line=609 (Compiled frame)
 - java.util.concurrent.ScheduledThreadPoolExecutor$DelayedWorkQueue.take() @bci=1, line=602 (Compiled frame)
 - java.util.concurrent.ThreadPoolExecutor.getTask() @bci=78, line=947 (Interpreted frame)
 - java.util.concurrent.ThreadPoolExecutor$Worker.run() @bci=18, line=907 (Interpreted frame)
 - java.lang.Thread.run() @bci=11, line=662 (Interpreted frame)


Thread 229648: (state = BLOCKED)
 - sun.misc.Unsafe.park(boolean, long) @bci=0 (Compiled frame; information may be imprecise)
 - java.util.concurrent.locks.LockSupport.parkNanos(java.lang.Object, long) @bci=20, line=198 (Compiled frame)
 - java.util.concurrent.locks.AbstractQueuedSynchronizer$ConditionObject.awaitNanos(long) @bci=68, line=2025 (Compiled frame)
 - java.util.concurrent.DelayQueue.take() @bci=57, line=164 (Compiled frame)
 - java.util.concurrent.ScheduledThreadPoolExecutor$DelayedWorkQueue.take() @bci=4, line=609 (Compiled frame)
 - java.util.concurrent.ScheduledThreadPoolExecutor$DelayedWorkQueue.take() @bci=1, line=602 (Compiled frame)
 - java.util.concurrent.ThreadPoolExecutor.getTask() @bci=78, line=947 (Compiled frame)
 - java.util.concurrent.ThreadPoolExecutor$Worker.run() @bci=18, line=907 (Compiled frame)
 - java.lang.Thread.run() @bci=11, line=662 (Interpreted frame)


Thread 229647: (state = BLOCKED)
 - sun.misc.Unsafe.park(boolean, long) @bci=0 (Compiled frame; information may be imprecise)
 - java.util.concurrent.locks.LockSupport.park(java.lang.Object) @bci=14, line=158 (Compiled frame)
 - java.util.concurrent.locks.AbstractQueuedSynchronizer$ConditionObject.await() @bci=42, line=1987 (Compiled frame)
 - com.jd.jsf.gd.util.ringbuf.RingBuffer.waitData(long) @bci=27, line=211 (Compiled frame)
 - com.jd.jsf.gd.util.ringbuf.RingBuffer.get(int, int) @bci=30, line=126 (Compiled frame)
 - com.jd.jsf.gd.util.ringbuf.RingBufferService$DispatchTask.run() @bci=30, line=195 (Compiled frame)
 - java.lang.Thread.run() @bci=11, line=662 (Interpreted frame)


Thread 229646: (state = BLOCKED)
 - sun.misc.Unsafe.park(boolean, long) @bci=0 (Compiled frame; information may be imprecise)
 - java.util.concurrent.locks.LockSupport.parkNanos(java.lang.Object, long) @bci=20, line=198 (Compiled frame)
 - java.util.concurrent.locks.AbstractQueuedSynchronizer$ConditionObject.awaitNanos(long) @bci=68, line=2025 (Compiled frame)
 - java.util.concurrent.DelayQueue.take() @bci=57, line=164 (Compiled frame)
 - java.util.concurrent.ScheduledThreadPoolExecutor$DelayedWorkQueue.take() @bci=4, line=609 (Compiled frame)
 - java.util.concurrent.ScheduledThreadPoolExecutor$DelayedWorkQueue.take() @bci=1, line=602 (Compiled frame)
 - java.util.concurrent.ThreadPoolExecutor.getTask() @bci=78, line=947 (Compiled frame)
 - java.util.concurrent.ThreadPoolExecutor$Worker.run() @bci=18, line=907 (Compiled frame)
 - java.lang.Thread.run() @bci=11, line=662 (Interpreted frame)


Thread 229645: (state = IN_NATIVE)
 - sun.nio.ch.EPollArrayWrapper.epollWait(long, int, long, int) @bci=0 (Compiled frame; information may be imprecise)
 - sun.nio.ch.EPollArrayWrapper.poll(long) @bci=18, line=210 (Compiled frame)
 - sun.nio.ch.EPollSelectorImpl.doSelect(long) @bci=28, line=65 (Compiled frame)
 - sun.nio.ch.SelectorImpl.lockAndDoSelect(long) @bci=37, line=69 (Compiled frame)
 - sun.nio.ch.SelectorImpl.select(long) @bci=30, line=80 (Compiled frame)
 - io.netty.channel.nio.NioEventLoop.select(boolean) @bci=62, line=622 (Compiled frame)
 - io.netty.channel.nio.NioEventLoop.run() @bci=25, line=310 (Compiled frame)
 - io.netty.util.concurrent.SingleThreadEventExecutor$2.run() @bci=13, line=116 (Interpreted frame)
 - java.lang.Thread.run() @bci=11, line=662 (Interpreted frame)


Thread 229640: (state = BLOCKED)
 - sun.misc.Unsafe.park(boolean, long) @bci=0 (Compiled frame; information may be imprecise)
 - java.util.concurrent.locks.LockSupport.parkNanos(java.lang.Object, long) @bci=20, line=198 (Compiled frame)
 - java.util.concurrent.locks.AbstractQueuedSynchronizer$ConditionObject.awaitNanos(long) @bci=68, line=2025 (Compiled frame)
 - java.util.concurrent.DelayQueue.take() @bci=57, line=164 (Compiled frame)
 - java.util.concurrent.ScheduledThreadPoolExecutor$DelayedWorkQueue.take() @bci=4, line=609 (Compiled frame)
 - java.util.concurrent.ScheduledThreadPoolExecutor$DelayedWorkQueue.take() @bci=1, line=602 (Compiled frame)
 - java.util.concurrent.ThreadPoolExecutor.getTask() @bci=78, line=947 (Compiled frame)
 - java.util.concurrent.ThreadPoolExecutor$Worker.run() @bci=18, line=907 (Compiled frame)
 - java.lang.Thread.run() @bci=11, line=662 (Interpreted frame)


Thread 229639: (state = BLOCKED)
 - sun.misc.Unsafe.park(boolean, long) @bci=0 (Compiled frame; information may be imprecise)
 - java.util.concurrent.locks.LockSupport.parkNanos(java.lang.Object, long) @bci=20, line=198 (Compiled frame)
 - java.util.concurrent.locks.AbstractQueuedSynchronizer$ConditionObject.awaitNanos(long) @bci=68, line=2025 (Compiled frame)
 - java.util.concurrent.DelayQueue.take() @bci=57, line=164 (Compiled frame)
 - java.util.concurrent.ScheduledThreadPoolExecutor$DelayedWorkQueue.take() @bci=4, line=609 (Compiled frame)
 - java.util.concurrent.ScheduledThreadPoolExecutor$DelayedWorkQueue.take() @bci=1, line=602 (Compiled frame)
 - java.util.concurrent.ThreadPoolExecutor.getTask() @bci=78, line=947 (Compiled frame)
 - java.util.concurrent.ThreadPoolExecutor$Worker.run() @bci=18, line=907 (Compiled frame)
 - java.lang.Thread.run() @bci=11, line=662 (Interpreted frame)


Thread 229638: (state = BLOCKED)
 - sun.misc.Unsafe.park(boolean, long) @bci=0 (Compiled frame; information may be imprecise)
 - java.util.concurrent.locks.LockSupport.parkNanos(java.lang.Object, long) @bci=20, line=198 (Compiled frame)
 - java.util.concurrent.locks.AbstractQueuedSynchronizer$ConditionObject.awaitNanos(long) @bci=68, line=2025 (Compiled frame)
 - java.util.concurrent.DelayQueue.take() @bci=57, line=164 (Compiled frame)
 - java.util.concurrent.ScheduledThreadPoolExecutor$DelayedWorkQueue.take() @bci=4, line=609 (Compiled frame)
 - java.util.concurrent.ScheduledThreadPoolExecutor$DelayedWorkQueue.take() @bci=1, line=602 (Compiled frame)
 - java.util.concurrent.ThreadPoolExecutor.getTask() @bci=78, line=947 (Compiled frame)
 - java.util.concurrent.ThreadPoolExecutor$Worker.run() @bci=18, line=907 (Compiled frame)
 - java.lang.Thread.run() @bci=11, line=662 (Interpreted frame)


Thread 229637: (state = BLOCKED)
 - sun.misc.Unsafe.park(boolean, long) @bci=0 (Compiled frame; information may be imprecise)
 - java.util.concurrent.locks.LockSupport.parkNanos(java.lang.Object, long) @bci=20, line=198 (Compiled frame)
 - java.util.concurrent.locks.AbstractQueuedSynchronizer$ConditionObject.awaitNanos(long) @bci=68, line=2025 (Compiled frame)
 - java.util.concurrent.DelayQueue.take() @bci=57, line=164 (Compiled frame)
 - java.util.concurrent.ScheduledThreadPoolExecutor$DelayedWorkQueue.take() @bci=4, line=609 (Compiled frame)
 - java.util.concurrent.ScheduledThreadPoolExecutor$DelayedWorkQueue.take() @bci=1, line=602 (Compiled frame)
 - java.util.concurrent.ThreadPoolExecutor.getTask() @bci=78, line=947 (Compiled frame)
 - java.util.concurrent.ThreadPoolExecutor$Worker.run() @bci=18, line=907 (Compiled frame)
 - java.lang.Thread.run() @bci=11, line=662 (Interpreted frame)


Thread 229636: (state = BLOCKED)
 - java.lang.Object.wait(long) @bci=0 (Interpreted frame)
 - java.lang.ref.ReferenceQueue.remove(long) @bci=44, line=118 (Interpreted frame)
 - java.lang.ref.ReferenceQueue.remove() @bci=2, line=134 (Interpreted frame)
 - org.apache.commons.httpclient.MultiThreadedHttpConnectionManager$ReferenceQueueThread.run() @bci=10, line=1122 (Interpreted frame)


Thread 229635: (state = BLOCKED)
 - java.lang.Thread.sleep(long) @bci=0 (Compiled frame; information may be imprecise)
 - com.jd.order.purchase.config.client.xmlext.service.impl.XmlConfigServiceImpl.refreshConfigs() @bci=584, line=245 (Compiled frame)
 - com.jd.order.purchase.config.client.xmlext.service.impl.XmlConfigServiceImpl.access$100(com.jd.order.purchase.config.client.xmlext.service.impl.XmlConfigServiceImpl) @bci=1, line=40 (Interpreted frame)
 - com.jd.order.purchase.config.client.xmlext.service.impl.XmlConfigServiceImpl$1.run() @bci=15, line=106 (Interpreted frame)
 - java.lang.Thread.run() @bci=11, line=662 (Interpreted frame)


Thread 229634: (state = BLOCKED)
 - java.lang.Object.wait(long) @bci=0 (Compiled frame; information may be imprecise)
 - sun.misc.GC$Daemon.run() @bci=51, line=100 (Interpreted frame)


Thread 229629: (state = BLOCKED)


Thread 229628: (state = BLOCKED)
 - java.lang.Object.wait(long) @bci=0 (Compiled frame; information may be imprecise)
 - java.lang.ref.ReferenceQueue.remove(long) @bci=44, line=118 (Interpreted frame)
 - java.lang.ref.ReferenceQueue.remove() @bci=2, line=134 (Compiled frame)
 - java.lang.ref.Finalizer$FinalizerThread.run() @bci=3, line=159 (Compiled frame)


Thread 229627: (state = BLOCKED)
 - java.lang.Object.wait(long) @bci=0 (Compiled frame; information may be imprecise)
 - java.lang.Object.wait() @bci=2, line=485 (Compiled frame)
 - java.lang.ref.Reference$ReferenceHandler.run() @bci=46, line=116 (Compiled frame)


Thread 229582: (state = IN_NATIVE)
 - java.net.PlainSocketImpl.socketAccept(java.net.SocketImpl) @bci=0 (Interpreted frame)
 - java.net.PlainSocketImpl.accept(java.net.SocketImpl) @bci=7, line=408 (Interpreted frame)
 - java.net.ServerSocket.implAccept(java.net.Socket) @bci=60, line=462 (Interpreted frame)
 - java.net.ServerSocket.accept() @bci=48, line=430 (Interpreted frame)
 - org.apache.catalina.core.StandardServer.await() @bci=164, line=431 (Interpreted frame)
 - org.apache.catalina.startup.Catalina.await() @bci=4, line=676 (Interpreted frame)
 - org.apache.catalina.startup.Catalina.start() @bci=194, line=628 (Interpreted frame)
 - sun.reflect.NativeMethodAccessorImpl.invoke0(java.lang.reflect.Method, java.lang.Object, java.lang.Object[]) @bci=0 (Interpreted frame)
 - sun.reflect.NativeMethodAccessorImpl.invoke(java.lang.Object, java.lang.Object[]) @bci=87, line=39 (Interpreted frame)
 - sun.reflect.DelegatingMethodAccessorImpl.invoke(java.lang.Object, java.lang.Object[]) @bci=6, line=25 (Interpreted frame)
 - java.lang.reflect.Method.invoke(java.lang.Object, java.lang.Object[]) @bci=161, line=597 (Interpreted frame)
 - org.apache.catalina.startup.Bootstrap.start() @bci=37, line=289 (Interpreted frame)
 - org.apache.catalina.startup.Bootstrap.main(java.lang.String[]) @bci=131, line=414 (Interpreted frame)


